{"logTime": "1107/154403", "correlationVector":"LXgHr2wUbye+JFBRv5RvRk.14","action":"GetUpdates", "result":"DeleteReceived", "context":{"id":"5eec0833-e5a0-4001-ae87-66bdd364b026", "isDeleted:":"true", "version":"1728441235476"}}
{"logTime": "1107/154403", "correlationVector":"LXgHr2wUbye+JFBRv5RvRk.15","action":"GetUpdates", "result":"DeleteReceived", "context":{"id":"1dd0941a-a1f9-4a63-bd10-59f4dae27e1b", "isDeleted:":"true", "version":"1728441235478"}}
{"logTime": "1107/154403", "correlationVector":"LXgHr2wUbye+JFBRv5RvRk.16","action":"GetUpdates", "result":"DeleteReceived", "context":{"id":"b762f5c8-4a99-4e68-8c0f-99e101fd9324", "isDeleted:":"true", "version":"1728441235479"}}
{"logTime": "1107/154403", "correlationVector":"LXgHr2wUbye+JFBRv5RvRk.17","action":"GetUpdates", "result":"DeleteReceived", "context":{"id":"d7405629-c994-4c96-a1de-cad06e638205", "isDeleted:":"true", "version":"1728451763744"}}
{"logTime": "1107/154403", "correlationVector":"LXgHr2wUbye+JFBRv5RvRk.18","action":"GetUpdates", "result":"DeleteReceived", "context":{"id":"eba19f4c-dd00-45f4-afe9-aa41d8f1b007", "isDeleted:":"true", "version":"1728451763745"}}
{"logTime": "1107/154403", "correlationVector":"LXgHr2wUbye+JFBRv5RvRk.19","action":"GetUpdates", "result":"DeleteReceived", "context":{"id":"b37f5c83-cc06-4e7b-836b-c7ec3abb63c6", "isDeleted:":"true", "version":"1728451763746"}}
{"logTime": "1107/154403", "correlationVector":"LXgHr2wUbye+JFBRv5RvRk.20","action":"GetUpdates", "result":"DeleteReceived", "context":{"id":"748ac24d-ca88-48db-98f5-f54d2c6fe3e5", "isDeleted:":"true", "version":"1728451763748"}}
{"logTime": "1107/154403", "correlationVector":"LXgHr2wUbye+JFBRv5RvRk.21","action":"GetUpdates", "result":"DeleteReceived", "context":{"id":"90bbe74f-3c09-49ff-8089-bef359cc4ccf", "isDeleted:":"true", "version":"1728451763749"}}
{"logTime": "1107/154403", "correlationVector":"LXgHr2wUbye+JFBRv5RvRk.22","action":"GetUpdates", "result":"DeleteReceived", "context":{"id":"1f2fa33d-0bdc-430c-bc1f-2d87ea590c1e", "isDeleted:":"true", "version":"1728451942798"}}
{"logTime": "1107/154403", "correlationVector":"LXgHr2wUbye+JFBRv5RvRk.23","action":"GetUpdates", "result":"DeleteReceived", "context":{"id":"85c3a20b-cbcc-4ecf-8879-533d40f17134", "isDeleted:":"true", "version":"1728451942800"}}
{"logTime": "1107/154403", "correlationVector":"LXgHr2wUbye+JFBRv5RvRk.24","action":"GetUpdates", "result":"DeleteReceived", "context":{"id":"0185d81d-fcd8-41dc-b2ff-46c911e784dc", "isDeleted:":"true", "version":"1728452409071"}}
{"logTime": "1107/154403", "correlationVector":"LXgHr2wUbye+JFBRv5RvRk.25","action":"GetUpdates", "result":"DeleteReceived", "context":{"id":"f808a397-a71c-44d2-aad1-956afcdc3823", "isDeleted:":"true", "version":"1728452409072"}}
{"logTime": "1107/154403", "correlationVector":"LXgHr2wUbye+JFBRv5RvRk.26","action":"GetUpdates", "result":"DeleteReceived", "context":{"id":"73245a01-ffb9-48fd-8da0-97c2ff952abe", "isDeleted:":"true", "version":"1728452452638"}}
{"logTime": "1107/154403", "correlationVector":"LXgHr2wUbye+JFBRv5RvRk.27","action":"GetUpdates", "result":"DeleteReceived", "context":{"id":"0d732bc1-d35f-4b2e-8e6d-638caf090fcb", "isDeleted:":"true", "version":"1728452483989"}}
{"logTime": "1107/154403", "correlationVector":"LXgHr2wUbye+JFBRv5RvRk.28","action":"GetUpdates", "result":"DeleteReceived", "context":{"id":"2bb03bc4-5315-4d84-bdea-0bf29436e7de", "isDeleted:":"true", "version":"1728452796660"}}
{"logTime": "1107/154403", "correlationVector":"LXgHr2wUbye+JFBRv5RvRk.29","action":"GetUpdates", "result":"DeleteReceived", "context":{"id":"987272d4-0c4c-4d71-8973-da9f9becc6ab", "isDeleted:":"true", "version":"1728453069962"}}
{"logTime": "1107/154403", "correlationVector":"LXgHr2wUbye+JFBRv5RvRk.30","action":"GetUpdates", "result":"DeleteReceived", "context":{"id":"40aa8592-757a-41cc-8def-c6ea77c6f7a3", "isDeleted:":"true", "version":"1728455611245"}}
{"logTime": "1107/154403", "correlationVector":"LXgHr2wUbye+JFBRv5RvRk.31","action":"GetUpdates", "result":"DeleteReceived", "context":{"id":"a4640a33-301b-45bd-bc75-04e4b1596f0d", "isDeleted:":"true", "version":"1728456440500"}}
{"logTime": "1107/154403", "correlationVector":"LXgHr2wUbye+JFBRv5RvRk.32","action":"GetUpdates", "result":"DeleteReceived", "context":{"id":"0405a3a2-4ace-4565-84f5-073593866a4e", "isDeleted:":"true", "version":"1728456440501"}}
{"logTime": "1107/154403", "correlationVector":"LXgHr2wUbye+JFBRv5RvRk.33","action":"GetUpdates", "result":"DeleteReceived", "context":{"id":"ff59144c-4ba1-4470-82ec-860c0d0637df", "isDeleted:":"true", "version":"1728456440502"}}
{"logTime": "1107/154403", "correlationVector":"LXgHr2wUbye+JFBRv5RvRk.34","action":"GetUpdates", "result":"DeleteReceived", "context":{"id":"28f887c5-3971-4cd4-a438-70676e396e4e", "isDeleted:":"true", "version":"1728456541978"}}
{"logTime": "1107/154403", "correlationVector":"LXgHr2wUbye+JFBRv5RvRk.35","action":"GetUpdates", "result":"DeleteReceived", "context":{"id":"326f1985-f200-4e4f-aaa8-10b36591f13a", "isDeleted:":"true", "version":"1728456683664"}}
{"logTime": "1107/154403", "correlationVector":"LXgHr2wUbye+JFBRv5RvRk.36","action":"GetUpdates", "result":"DeleteReceived", "context":{"id":"95523a77-6d75-4451-9dd9-75c2d2623efd", "isDeleted:":"true", "version":"1728456683665"}}
{"logTime": "1107/154403", "correlationVector":"LXgHr2wUbye+JFBRv5RvRk.37","action":"GetUpdates", "result":"DeleteReceived", "context":{"id":"f0cea1fa-1528-4f83-9f39-cc5ce68077e5", "isDeleted:":"true", "version":"1728471309258"}}
{"logTime": "1107/154403", "correlationVector":"LXgHr2wUbye+JFBRv5RvRk.38","action":"GetUpdates", "result":"DeleteReceived", "context":{"id":"5f2247f4-a421-4486-a2fc-a58348e729fc", "isDeleted:":"true", "version":"1728471309259"}}
{"logTime": "1107/154403", "correlationVector":"LXgHr2wUbye+JFBRv5RvRk.39","action":"GetUpdates", "result":"DeleteReceived", "context":{"id":"438d5053-9617-46c3-964a-c36075baf95e", "isDeleted:":"true", "version":"1728471309260"}}
{"logTime": "1107/154403", "correlationVector":"LXgHr2wUbye+JFBRv5RvRk.40","action":"GetUpdates", "result":"DeleteReceived", "context":{"id":"de7f341a-0876-4475-9df9-6d00f463fcf2", "isDeleted:":"true", "version":"1728471309262"}}
{"logTime": "1107/154403", "correlationVector":"LXgHr2wUbye+JFBRv5RvRk.41","action":"GetUpdates", "result":"DeleteReceived", "context":{"id":"3419427c-ca72-4d67-b015-73af10857e97", "isDeleted:":"true", "version":"1728473750463"}}
{"logTime": "1107/154403", "correlationVector":"LXgHr2wUbye+JFBRv5RvRk.42","action":"GetUpdates", "result":"DeleteReceived", "context":{"id":"a8d62a62-0998-42ce-82ee-dcfb05b718ee", "isDeleted:":"true", "version":"1728473786451"}}
{"logTime": "1107/154403", "correlationVector":"LXgHr2wUbye+JFBRv5RvRk.43","action":"GetUpdates", "result":"DeleteReceived", "context":{"id":"87068fde-030f-4671-95ae-5486a628f1ae", "isDeleted:":"true", "version":"1728473786452"}}
{"logTime": "1107/154403", "correlationVector":"LXgHr2wUbye+JFBRv5RvRk.44","action":"GetUpdates", "result":"DeleteReceived", "context":{"id":"1c4907a7-f387-457d-9fc1-4d7a17243970", "isDeleted:":"true", "version":"1728473999581"}}
{"logTime": "1107/154403", "correlationVector":"LXgHr2wUbye+JFBRv5RvRk.45","action":"GetUpdates", "result":"DeleteReceived", "context":{"id":"673076c9-a251-403b-8ba4-81f93f71fded", "isDeleted:":"true", "version":"1728474115121"}}
{"logTime": "1107/154403", "correlationVector":"LXgHr2wUbye+JFBRv5RvRk.46","action":"GetUpdates", "result":"DeleteReceived", "context":{"id":"7a19ec9e-5fd4-4fa4-9a69-809577323289", "isDeleted:":"true", "version":"1728474962952"}}
{"logTime": "1107/154403", "correlationVector":"LXgHr2wUbye+JFBRv5RvRk.47","action":"GetUpdates", "result":"DeleteReceived", "context":{"id":"168a6787-394f-4e50-aa8e-42586e0b028f", "isDeleted:":"true", "version":"1728486846822"}}
{"logTime": "1107/154403", "correlationVector":"LXgHr2wUbye+JFBRv5RvRk.48","action":"GetUpdates", "result":"DeleteReceived", "context":{"id":"0cb0523b-26f1-427c-b23a-278553fc37a4", "isDeleted:":"true", "version":"1728492993575"}}
{"logTime": "1107/154403", "correlationVector":"LXgHr2wUbye+JFBRv5RvRk.49","action":"GetUpdates", "result":"DeleteReceived", "context":{"id":"07a4ae27-d7a7-4041-a90f-6a17afa8fb99", "isDeleted:":"true", "version":"1728493113677"}}
{"logTime": "1107/154403", "correlationVector":"LXgHr2wUbye+JFBRv5RvRk.50","action":"GetUpdates", "result":"DeleteReceived", "context":{"id":"a014d825-d236-4d36-8999-7b60263ea0b4", "isDeleted:":"true", "version":"1728493113679"}}
{"logTime": "1107/154403", "correlationVector":"LXgHr2wUbye+JFBRv5RvRk.51","action":"GetUpdates", "result":"DeleteReceived", "context":{"id":"325cbdda-3fde-44b2-88f3-c55105ea90dd", "isDeleted:":"true", "version":"1728493113680"}}
{"logTime": "1107/154403", "correlationVector":"LXgHr2wUbye+JFBRv5RvRk.52","action":"GetUpdates", "result":"DeleteReceived", "context":{"id":"93d4925e-afd8-4370-a188-aebef45069d5", "isDeleted:":"true", "version":"1728493153138"}}
{"logTime": "1107/154403", "correlationVector":"LXgHr2wUbye+JFBRv5RvRk.53","action":"GetUpdates", "result":"DeleteReceived", "context":{"id":"58531e42-3353-469d-a305-8c8dd834d1b8", "isDeleted:":"true", "version":"1728493153140"}}
{"logTime": "1107/154403", "correlationVector":"LXgHr2wUbye+JFBRv5RvRk.54","action":"GetUpdates", "result":"DeleteReceived", "context":{"id":"7910b08b-9f79-46cb-8ab5-d5923a4bf9b8", "isDeleted:":"true", "version":"1728519002485"}}
{"logTime": "1107/154403", "correlationVector":"LXgHr2wUbye+JFBRv5RvRk.55","action":"GetUpdates", "result":"DeleteReceived", "context":{"id":"cda2c445-eb51-4c69-a9c3-83cafa7fb6cd", "isDeleted:":"true", "version":"1728519002487"}}
{"logTime": "1107/154403", "correlationVector":"LXgHr2wUbye+JFBRv5RvRk.56","action":"GetUpdates", "result":"DeleteReceived", "context":{"id":"74f48dc4-3d0a-41f8-9164-64abc94b6238", "isDeleted:":"true", "version":"1728519002488"}}
{"logTime": "1107/154403", "correlationVector":"LXgHr2wUbye+JFBRv5RvRk.57","action":"GetUpdates", "result":"DeleteReceived", "context":{"id":"9b2c5a85-fb18-4871-94e2-bb1d8824443d", "isDeleted:":"true", "version":"1728519002490"}}
{"logTime": "1107/154403", "correlationVector":"LXgHr2wUbye+JFBRv5RvRk.58","action":"GetUpdates", "result":"DeleteReceived", "context":{"id":"9d983c4a-91b8-4d8a-b8c6-93e3ee987418", "isDeleted:":"true", "version":"1728520642182"}}
{"logTime": "1107/154403", "correlationVector":"LXgHr2wUbye+JFBRv5RvRk.59","action":"GetUpdates", "result":"DeleteReceived", "context":{"id":"c9dcd427-d367-450b-9353-407a03a83e4a", "isDeleted:":"true", "version":"1728520707708"}}
{"logTime": "1107/154403", "correlationVector":"LXgHr2wUbye+JFBRv5RvRk.60","action":"GetUpdates", "result":"DeleteReceived", "context":{"id":"e31a4ad0-d6e6-469e-a800-f857e8c52485", "isDeleted:":"true", "version":"1728521548720"}}
{"logTime": "1107/154403", "correlationVector":"LXgHr2wUbye+JFBRv5RvRk.61","action":"GetUpdates", "result":"DeleteReceived", "context":{"id":"e13a9c72-1320-43fc-a44f-f932dcfb6a49", "isDeleted:":"true", "version":"1728522232369"}}
{"logTime": "1107/154403", "correlationVector":"LXgHr2wUbye+JFBRv5RvRk.62","action":"GetUpdates", "result":"DeleteReceived", "context":{"id":"a8dc69f6-72a4-4978-a4d2-ec2440ed235d", "isDeleted:":"true", "version":"1728522273018"}}
{"logTime": "1107/154403", "correlationVector":"LXgHr2wUbye+JFBRv5RvRk.63","action":"GetUpdates", "result":"DeleteReceived", "context":{"id":"96cb3ce9-c69d-4cc3-91dc-42ad1ca3134c", "isDeleted:":"true", "version":"1728522273019"}}
{"logTime": "1107/154403", "correlationVector":"LXgHr2wUbye+JFBRv5RvRk.64","action":"GetUpdates", "result":"DeleteReceived", "context":{"id":"db27f4b9-cf60-4c14-9804-c347eae57183", "isDeleted:":"true", "version":"1728528782822"}}
{"logTime": "1107/154403", "correlationVector":"LXgHr2wUbye+JFBRv5RvRk.65","action":"GetUpdates", "result":"DeleteReceived", "context":{"id":"861ee2a4-555d-4af7-a8f9-3acfdc924ec6", "isDeleted:":"true", "version":"1728528946556"}}
{"logTime": "1107/154403", "correlationVector":"LXgHr2wUbye+JFBRv5RvRk.66","action":"GetUpdates", "result":"DeleteReceived", "context":{"id":"b819b21b-b6b5-4d0b-a73e-821aa8964f03", "isDeleted:":"true", "version":"1728528946560"}}
{"logTime": "1107/154403", "correlationVector":"LXgHr2wUbye+JFBRv5RvRk.67","action":"GetUpdates", "result":"DeleteReceived", "context":{"id":"68242020-c6c7-4fff-8c0a-9235bdff0417", "isDeleted:":"true", "version":"1728529289159"}}
{"logTime": "1107/154403", "correlationVector":"LXgHr2wUbye+JFBRv5RvRk.68","action":"GetUpdates", "result":"DeleteReceived", "context":{"id":"fa67f170-952a-4cc3-bcc4-52ec669c287c", "isDeleted:":"true", "version":"1728531596964"}}
{"logTime": "1107/154403", "correlationVector":"LXgHr2wUbye+JFBRv5RvRk.69","action":"GetUpdates", "result":"DeleteReceived", "context":{"id":"4a718868-7643-4ecc-b532-f7a9d5f04e96", "isDeleted:":"true", "version":"1728531803288"}}
{"logTime": "1107/154403", "correlationVector":"LXgHr2wUbye+JFBRv5RvRk.70","action":"GetUpdates", "result":"DeleteReceived", "context":{"id":"5d4ba90e-7b02-4954-b97f-e943d88e08b2", "isDeleted:":"true", "version":"1728531879215"}}
{"logTime": "1107/154403", "correlationVector":"LXgHr2wUbye+JFBRv5RvRk.71","action":"GetUpdates", "result":"DeleteReceived", "context":{"id":"bc5e6998-38e7-4fa9-bd14-1271462924c6", "isDeleted:":"true", "version":"1728531879216"}}
{"logTime": "1107/154403", "correlationVector":"LXgHr2wUbye+JFBRv5RvRk.72","action":"GetUpdates", "result":"DeleteReceived", "context":{"id":"a83150a1-f1a6-4ceb-b237-e5d218e7c95c", "isDeleted:":"true", "version":"1728531879220"}}
{"logTime": "1107/154403", "correlationVector":"LXgHr2wUbye+JFBRv5RvRk.73","action":"GetUpdates", "result":"DeleteReceived", "context":{"id":"0bb320bf-ab6e-40d1-8415-e0b6916143c8", "isDeleted:":"true", "version":"1728531879221"}}
{"logTime": "1107/154403", "correlationVector":"LXgHr2wUbye+JFBRv5RvRk.74","action":"GetUpdates", "result":"DeleteReceived", "context":{"id":"f59b2e39-5cce-446e-b30f-250a731fa019", "isDeleted:":"true", "version":"1728531879222"}}
{"logTime": "1107/154403", "correlationVector":"LXgHr2wUbye+JFBRv5RvRk.75","action":"GetUpdates", "result":"DeleteReceived", "context":{"id":"2b7cd27e-2d7a-4d7a-bb6d-add49f667877", "isDeleted:":"true", "version":"1728531879224"}}
{"logTime": "1107/154403", "correlationVector":"LXgHr2wUbye+JFBRv5RvRk.76","action":"GetUpdates", "result":"DeleteReceived", "context":{"id":"1186f90e-c3fc-4886-96a2-77182b19f2c5", "isDeleted:":"true", "version":"1728532021956"}}
{"logTime": "1107/154403", "correlationVector":"LXgHr2wUbye+JFBRv5RvRk.77","action":"GetUpdates", "result":"DeleteReceived", "context":{"id":"8add41b8-898a-4cbe-9579-0e805bdbffd7", "isDeleted:":"true", "version":"1728533420727"}}
{"logTime": "1107/154403", "correlationVector":"LXgHr2wUbye+JFBRv5RvRk.78","action":"GetUpdates", "result":"DeleteReceived", "context":{"id":"b08be8bc-3e50-4dff-a8d6-742ce58ae772", "isDeleted:":"true", "version":"1728535243684"}}
{"logTime": "1107/154403", "correlationVector":"LXgHr2wUbye+JFBRv5RvRk.79","action":"GetUpdates", "result":"DeleteReceived", "context":{"id":"c11ba62e-3961-4a66-9333-a43c79d9c7ec", "isDeleted:":"true", "version":"1728535243687"}}
{"logTime": "1107/154403", "correlationVector":"LXgHr2wUbye+JFBRv5RvRk.80","action":"GetUpdates", "result":"DeleteReceived", "context":{"id":"3d7ef9f6-e4cf-42f2-89a9-ceb2f3c46226", "isDeleted:":"true", "version":"1728535243688"}}
{"logTime": "1107/154403", "correlationVector":"LXgHr2wUbye+JFBRv5RvRk.81","action":"GetUpdates", "result":"DeleteReceived", "context":{"id":"90a74511-126a-436e-a65a-68ba98e946fa", "isDeleted:":"true", "version":"1728535550178"}}
{"logTime": "1107/154403", "correlationVector":"LXgHr2wUbye+JFBRv5RvRk.82","action":"GetUpdates", "result":"DeleteReceived", "context":{"id":"12b9b506-a086-4eb3-8781-420509e995b8", "isDeleted:":"true", "version":"1728539707064"}}
{"logTime": "1107/154403", "correlationVector":"LXgHr2wUbye+JFBRv5RvRk.83","action":"GetUpdates", "result":"DeleteReceived", "context":{"id":"8006b675-9dbe-4f85-9d74-2f70e8dbae6c", "isDeleted:":"true", "version":"1728539707065"}}
{"logTime": "1107/154403", "correlationVector":"LXgHr2wUbye+JFBRv5RvRk.84","action":"GetUpdates", "result":"DeleteReceived", "context":{"id":"b81bc24f-c0d3-49ff-a6f9-a9e17f37c41c", "isDeleted:":"true", "version":"1728539707067"}}
{"logTime": "1107/154403", "correlationVector":"LXgHr2wUbye+JFBRv5RvRk.85","action":"GetUpdates", "result":"DeleteReceived", "context":{"id":"2dd190c6-b028-4df8-854a-8328dd9b68a2", "isDeleted:":"true", "version":"1728539973886"}}
{"logTime": "1107/154403", "correlationVector":"LXgHr2wUbye+JFBRv5RvRk.86","action":"GetUpdates", "result":"DeleteReceived", "context":{"id":"188a514d-e12e-49c9-8dd2-7e145fa82a1e", "isDeleted:":"true", "version":"1728539973890"}}
{"logTime": "1107/154403", "correlationVector":"LXgHr2wUbye+JFBRv5RvRk.87","action":"GetUpdates", "result":"DeleteReceived", "context":{"id":"029b1d83-f7f1-43a3-821f-5bdb78611f7f", "isDeleted:":"true", "version":"1728540005214"}}
{"logTime": "1107/154403", "correlationVector":"LXgHr2wUbye+JFBRv5RvRk.88","action":"GetUpdates", "result":"DeleteReceived", "context":{"id":"1b761fb3-ec60-444b-ab4a-805c57eea723", "isDeleted:":"true", "version":"1728540005216"}}
{"logTime": "1107/154403", "correlationVector":"LXgHr2wUbye+JFBRv5RvRk.89","action":"GetUpdates", "result":"DeleteReceived", "context":{"id":"e8f53cbf-24b4-4d7a-86ce-7a5c053f6bf6", "isDeleted:":"true", "version":"1728540035564"}}
{"logTime": "1107/154403", "correlationVector":"LXgHr2wUbye+JFBRv5RvRk.90","action":"GetUpdates", "result":"DeleteReceived", "context":{"id":"ef78c928-eee1-4256-879b-f19dfd92ea6f", "isDeleted:":"true", "version":"1728540313576"}}
{"logTime": "1107/154403", "correlationVector":"LXgHr2wUbye+JFBRv5RvRk.91","action":"GetUpdates", "result":"DeleteReceived", "context":{"id":"38de56c0-289e-4d44-a168-90b979aac4d5", "isDeleted:":"true", "version":"1728540313577"}}
{"logTime": "1107/154403", "correlationVector":"LXgHr2wUbye+JFBRv5RvRk.92","action":"GetUpdates", "result":"DeleteReceived", "context":{"id":"abe03f63-bb0a-4755-8a3c-38318576c4cb", "isDeleted:":"true", "version":"1728540313579"}}
{"logTime": "1107/154403", "correlationVector":"LXgHr2wUbye+JFBRv5RvRk.93","action":"GetUpdates", "result":"DeleteReceived", "context":{"id":"a9e4138b-b430-4f1b-bad4-3e1008f95f48", "isDeleted:":"true", "version":"1728540411223"}}
{"logTime": "1107/154403", "correlationVector":"LXgHr2wUbye+JFBRv5RvRk.94","action":"GetUpdates", "result":"DeleteReceived", "context":{"id":"2f3c741d-dfb2-4c1e-92e7-8267913a320a", "isDeleted:":"true", "version":"1728540620991"}}
{"logTime": "1107/154403", "correlationVector":"LXgHr2wUbye+JFBRv5RvRk.95","action":"GetUpdates", "result":"DeleteReceived", "context":{"id":"3538e1a0-e446-4fc5-a923-a7a2552c2135", "isDeleted:":"true", "version":"1728540620992"}}
{"logTime": "1107/154403", "correlationVector":"LXgHr2wUbye+JFBRv5RvRk.96","action":"GetUpdates", "result":"DeleteReceived", "context":{"id":"75c92a2c-24c2-43b5-9bf4-94a19060142e", "isDeleted:":"true", "version":"1728541644421"}}
{"logTime": "1107/154403", "correlationVector":"LXgHr2wUbye+JFBRv5RvRk.97","action":"GetUpdates", "result":"DeleteReceived", "context":{"id":"2e704735-970f-4292-a6da-7f2ddc955628", "isDeleted:":"true", "version":"1728541975293"}}
{"logTime": "1107/154403", "correlationVector":"LXgHr2wUbye+JFBRv5RvRk.98","action":"GetUpdates", "result":"DeleteReceived", "context":{"id":"b5c49350-42f7-4f15-8039-d40560a21071", "isDeleted:":"true", "version":"1728541975295"}}
{"logTime": "1107/154403", "correlationVector":"LXgHr2wUbye+JFBRv5RvRk.99","action":"GetUpdates", "result":"DeleteReceived", "context":{"id":"8e6de445-0cf5-4b55-b753-6a4fa0f141a5", "isDeleted:":"true", "version":"1728541975297"}}
{"logTime": "1107/154403", "correlationVector":"LXgHr2wUbye+JFBRv5RvRk.100","action":"GetUpdates", "result":"DeleteReceived", "context":{"id":"b7bf412d-a799-4326-87f1-53132ba19b81", "isDeleted:":"true", "version":"1728542059157"}}
{"logTime": "1107/154403", "correlationVector":"LXgHr2wUbye+JFBRv5RvRk.101","action":"GetUpdates", "result":"DeleteReceived", "context":{"id":"96f4d15f-4d8a-4935-bc29-c878010b0bee", "isDeleted:":"true", "version":"1728543208193"}}
{"logTime": "1107/154403", "correlationVector":"LXgHr2wUbye+JFBRv5RvRk.102","action":"GetUpdates", "result":"DeleteReceived", "context":{"id":"2ee408bc-5fd5-4960-9052-3acd3249181a", "isDeleted:":"true", "version":"1728543634937"}}
{"logTime": "1107/154403", "correlationVector":"LXgHr2wUbye+JFBRv5RvRk.103","action":"GetUpdates", "result":"DeleteReceived", "context":{"id":"25792d85-2860-4e36-9a07-4b2829928a8c", "isDeleted:":"true", "version":"1728544412583"}}
{"logTime": "1107/154403", "correlationVector":"LXgHr2wUbye+JFBRv5RvRk.104","action":"GetUpdates", "result":"DeleteReceived", "context":{"id":"851468dd-f49e-4804-9729-f63c7f1ba522", "isDeleted:":"true", "version":"1728544412586"}}
{"logTime": "1107/154403", "correlationVector":"LXgHr2wUbye+JFBRv5RvRk.105","action":"GetUpdates", "result":"DeleteReceived", "context":{"id":"50244971-2fdf-4503-aac4-22b20ad6bb08", "isDeleted:":"true", "version":"1728544474255"}}
{"logTime": "1107/154403", "correlationVector":"LXgHr2wUbye+JFBRv5RvRk.106","action":"GetUpdates", "result":"DeleteReceived", "context":{"id":"dce459c7-829f-4267-b23a-94c2af5b6adb", "isDeleted:":"true", "version":"1728544544299"}}
{"logTime": "1107/154403", "correlationVector":"LXgHr2wUbye+JFBRv5RvRk.107","action":"GetUpdates", "result":"DeleteReceived", "context":{"id":"386e642c-9d17-42ad-9b38-0ad4096c2bef", "isDeleted:":"true", "version":"1728544585130"}}
{"logTime": "1107/154403", "correlationVector":"LXgHr2wUbye+JFBRv5RvRk.108","action":"GetUpdates", "result":"DeleteReceived", "context":{"id":"dadf03b9-38b3-4939-a8de-46b8099685b1", "isDeleted:":"true", "version":"1728545100137"}}
{"logTime": "1107/154403", "correlationVector":"LXgHr2wUbye+JFBRv5RvRk.109","action":"GetUpdates", "result":"DeleteReceived", "context":{"id":"40b877c5-54be-4e0c-b0d7-3b5357b591bf", "isDeleted:":"true", "version":"1728545131274"}}
{"logTime": "1107/154403", "correlationVector":"LXgHr2wUbye+JFBRv5RvRk.110","action":"GetUpdates", "result":"DeleteReceived", "context":{"id":"e925e837-6141-4fa5-a5e2-49a742e4da05", "isDeleted:":"true", "version":"1728545497674"}}
{"logTime": "1107/154403", "correlationVector":"LXgHr2wUbye+JFBRv5RvRk.111","action":"GetUpdates", "result":"DeleteReceived", "context":{"id":"95af961c-abdd-4368-94c1-52695b5a786c", "isDeleted:":"true", "version":"1728545621440"}}
{"logTime": "1107/154403", "correlationVector":"LXgHr2wUbye+JFBRv5RvRk.112","action":"GetUpdates", "result":"DeleteReceived", "context":{"id":"808de55a-c410-4009-851d-459415dda83b", "isDeleted:":"true", "version":"1728545672004"}}
{"logTime": "1107/154403", "correlationVector":"LXgHr2wUbye+JFBRv5RvRk.113","action":"GetUpdates", "result":"DeleteReceived", "context":{"id":"ca107bc3-c410-4d48-b404-3d64a2d3960c", "isDeleted:":"true", "version":"1728545779271"}}
{"logTime": "1107/154403", "correlationVector":"LXgHr2wUbye+JFBRv5RvRk.114","action":"GetUpdates", "result":"DeleteReceived", "context":{"id":"74e76117-74be-4a9c-8161-3a93a0918d90", "isDeleted:":"true", "version":"1728547048693"}}
{"logTime": "1107/154403", "correlationVector":"LXgHr2wUbye+JFBRv5RvRk.115","action":"GetUpdates", "result":"DeleteReceived", "context":{"id":"3952620b-a638-4715-992d-cb4d218a46e3", "isDeleted:":"true", "version":"1728547048694"}}
{"logTime": "1107/154403", "correlationVector":"LXgHr2wUbye+JFBRv5RvRk.116","action":"GetUpdates", "result":"DeleteReceived", "context":{"id":"2d8012f2-3469-4e1f-8763-2112293fa86d", "isDeleted:":"true", "version":"1728548543563"}}
{"logTime": "1107/154403", "correlationVector":"LXgHr2wUbye+JFBRv5RvRk.117","action":"GetUpdates", "result":"DeleteReceived", "context":{"id":"55fcfa7f-afe1-4e17-b8c5-a0f6fb549a2e", "isDeleted:":"true", "version":"1728548611485"}}
{"logTime": "1107/154403", "correlationVector":"LXgHr2wUbye+JFBRv5RvRk.118","action":"GetUpdates", "result":"DeleteReceived", "context":{"id":"f552e20f-4d3c-4960-a251-6899db67a973", "isDeleted:":"true", "version":"1728548611486"}}
{"logTime": "1107/154403", "correlationVector":"LXgHr2wUbye+JFBRv5RvRk.119","action":"GetUpdates", "result":"DeleteReceived", "context":{"id":"472c1819-7f2a-4fed-9750-548690c4c91f", "isDeleted:":"true", "version":"1728549669836"}}
{"logTime": "1107/154403", "correlationVector":"LXgHr2wUbye+JFBRv5RvRk.120","action":"GetUpdates", "result":"DeleteReceived", "context":{"id":"d2f57550-c239-4950-869b-6307bb1583b7", "isDeleted:":"true", "version":"1728550065308"}}
{"logTime": "1107/154403", "correlationVector":"LXgHr2wUbye+JFBRv5RvRk.121","action":"GetUpdates", "result":"DeleteReceived", "context":{"id":"4485284e-d56e-4c82-b8b0-44e75624d7a3", "isDeleted:":"true", "version":"1728552483640"}}
{"logTime": "1107/154403", "correlationVector":"LXgHr2wUbye+JFBRv5RvRk.122","action":"GetUpdates", "result":"DeleteReceived", "context":{"id":"34912b6f-6fca-493c-b58e-cbe1d365b906", "isDeleted:":"true", "version":"1728552748081"}}
{"logTime": "1107/154403", "correlationVector":"LXgHr2wUbye+JFBRv5RvRk.123","action":"GetUpdates", "result":"DeleteReceived", "context":{"id":"2a5032c2-b8e1-45ce-a5df-0408365ec0f9", "isDeleted:":"true", "version":"1728552748083"}}
{"logTime": "1107/154403", "correlationVector":"LXgHr2wUbye+JFBRv5RvRk.124","action":"GetUpdates", "result":"DeleteReceived", "context":{"id":"1951fd61-6d87-494d-a950-8ee09e2f3dbc", "isDeleted:":"true", "version":"1728553169908"}}
{"logTime": "1107/154403", "correlationVector":"LXgHr2wUbye+JFBRv5RvRk.125","action":"GetUpdates", "result":"DeleteReceived", "context":{"id":"7cc02029-125c-416c-9a17-bdbf17510a7d", "isDeleted:":"true", "version":"1728553169909"}}
{"logTime": "1107/154403", "correlationVector":"LXgHr2wUbye+JFBRv5RvRk.126","action":"GetUpdates", "result":"DeleteReceived", "context":{"id":"c2317348-d5b1-4beb-b3e9-94d03c558b7c", "isDeleted:":"true", "version":"1728608752050"}}
{"logTime": "1107/154403", "correlationVector":"LXgHr2wUbye+JFBRv5RvRk.127","action":"GetUpdates", "result":"DeleteReceived", "context":{"id":"7b9f7d26-eb83-4b99-8bcb-9e0aca8dcbda", "isDeleted:":"true", "version":"1728608752052"}}
{"logTime": "1107/154403", "correlationVector":"LXgHr2wUbye+JFBRv5RvRk.128","action":"GetUpdates", "result":"DeleteReceived", "context":{"id":"b47e1597-f7f1-4937-9b44-8a43158625e2", "isDeleted:":"true", "version":"1728608752053"}}
{"logTime": "1107/154403", "correlationVector":"LXgHr2wUbye+JFBRv5RvRk.129","action":"GetUpdates", "result":"DeleteReceived", "context":{"id":"1f3525a7-9450-4756-8e1b-acd27182f362", "isDeleted:":"true", "version":"1728608878235"}}
{"logTime": "1107/154403", "correlationVector":"LXgHr2wUbye+JFBRv5RvRk.130","action":"GetUpdates", "result":"DeleteReceived", "context":{"id":"df6622d6-2aa3-4e6a-aa44-2ff851aeaf01", "isDeleted:":"true", "version":"1728609341045"}}
{"logTime": "1107/154403", "correlationVector":"LXgHr2wUbye+JFBRv5RvRk.131","action":"GetUpdates", "result":"DeleteReceived", "context":{"id":"5dc6c4b6-6553-4d0a-ac47-74e34dfd9354", "isDeleted:":"true", "version":"1728610544666"}}
{"logTime": "1107/154403", "correlationVector":"LXgHr2wUbye+JFBRv5RvRk.132","action":"GetUpdates", "result":"DeleteReceived", "context":{"id":"0a3385cf-4625-48d0-aab5-5a1e70fbffb0", "isDeleted:":"true", "version":"1728612380462"}}
{"logTime": "1107/154403", "correlationVector":"LXgHr2wUbye+JFBRv5RvRk.133","action":"GetUpdates", "result":"DeleteReceived", "context":{"id":"24cac539-1fa7-454a-9b74-e9d8862a5925", "isDeleted:":"true", "version":"1728612978811"}}
{"logTime": "1107/154403", "correlationVector":"LXgHr2wUbye+JFBRv5RvRk.134","action":"GetUpdates", "result":"DeleteReceived", "context":{"id":"c0005d3a-e1ce-4464-82cb-12d09837a5ad", "isDeleted:":"true", "version":"1728613805609"}}
{"logTime": "1107/154403", "correlationVector":"LXgHr2wUbye+JFBRv5RvRk.135","action":"GetUpdates", "result":"DeleteReceived", "context":{"id":"9daa8c40-dbd2-4fb7-9239-d47d7c784dff", "isDeleted:":"true", "version":"1728613805611"}}
{"logTime": "1107/154403", "correlationVector":"LXgHr2wUbye+JFBRv5RvRk.136","action":"GetUpdates", "result":"DeleteReceived", "context":{"id":"668d9e30-988f-47ec-b494-2d52a05bc6d7", "isDeleted:":"true", "version":"1728793265244"}}
{"logTime": "1107/154403", "correlationVector":"LXgHr2wUbye+JFBRv5RvRk.137","action":"GetUpdates", "result":"DeleteReceived", "context":{"id":"948f2475-4938-48d6-9dab-f06b4e70f2ed", "isDeleted:":"true", "version":"1728793265245"}}
{"logTime": "1107/154403", "correlationVector":"LXgHr2wUbye+JFBRv5RvRk.138","action":"GetUpdates", "result":"DeleteReceived", "context":{"id":"d869bbc0-dfc2-40cd-a954-3db0b0e47f52", "isDeleted:":"true", "version":"1728793265246"}}
{"logTime": "1107/154403", "correlationVector":"LXgHr2wUbye+JFBRv5RvRk.139","action":"GetUpdates", "result":"DeleteReceived", "context":{"id":"d9ec4b32-444f-49e0-bb18-b294517af4ea", "isDeleted:":"true", "version":"1728793265247"}}
{"logTime": "1107/154403", "correlationVector":"LXgHr2wUbye+JFBRv5RvRk.140","action":"GetUpdates", "result":"DeleteReceived", "context":{"id":"d701ce1c-dc0d-412a-8d3c-11cd090da86f", "isDeleted:":"true", "version":"1728793265248"}}
{"logTime": "1107/154403", "correlationVector":"LXgHr2wUbye+JFBRv5RvRk.141","action":"GetUpdates", "result":"DeleteReceived", "context":{"id":"4985e81c-2601-4de1-938b-8a74a8beebb4", "isDeleted:":"true", "version":"1728793339924"}}
{"logTime": "1107/154403", "correlationVector":"LXgHr2wUbye+JFBRv5RvRk.142","action":"GetUpdates", "result":"DeleteReceived", "context":{"id":"b3a33ac9-f5c3-494c-af85-b8026366ad4a", "isDeleted:":"true", "version":"1728793370443"}}
{"logTime": "1107/154403", "correlationVector":"LXgHr2wUbye+JFBRv5RvRk.143","action":"GetUpdates", "result":"DeleteReceived", "context":{"id":"b818736a-d542-42e1-954b-6a99a953afa7", "isDeleted:":"true", "version":"1728793540059"}}
{"logTime": "1107/154403", "correlationVector":"LXgHr2wUbye+JFBRv5RvRk.144","action":"GetUpdates", "result":"DeleteReceived", "context":{"id":"c8c92930-444d-455b-a2b9-78bd0a61b331", "isDeleted:":"true", "version":"1728793981713"}}
{"logTime": "1107/154403", "correlationVector":"LXgHr2wUbye+JFBRv5RvRk.145","action":"GetUpdates", "result":"DeleteReceived", "context":{"id":"dbbacb53-477e-404d-b31e-0ff719431817", "isDeleted:":"true", "version":"1728815879171"}}
{"logTime": "1107/154403", "correlationVector":"LXgHr2wUbye+JFBRv5RvRk.146","action":"GetUpdates", "result":"DeleteReceived", "context":{"id":"e9dc9799-6d81-4ba0-93e6-c6b61cd7f52c", "isDeleted:":"true", "version":"1728815879172"}}
{"logTime": "1107/154403", "correlationVector":"LXgHr2wUbye+JFBRv5RvRk.147","action":"GetUpdates", "result":"DeleteReceived", "context":{"id":"dd996214-de32-4830-bc9d-288834b3bb61", "isDeleted:":"true", "version":"1728815879173"}}
{"logTime": "1107/154403", "correlationVector":"LXgHr2wUbye+JFBRv5RvRk.148","action":"GetUpdates", "result":"DeleteReceived", "context":{"id":"877bd8a7-0130-4836-acf0-6c364833233b", "isDeleted:":"true", "version":"1728815879175"}}
{"logTime": "1107/154403", "correlationVector":"LXgHr2wUbye+JFBRv5RvRk.149","action":"GetUpdates", "result":"DeleteReceived", "context":{"id":"b933d0fe-b6f3-45d2-9bca-e05ff9dd9854", "isDeleted:":"true", "version":"1728818297693"}}
{"logTime": "1107/154403", "correlationVector":"LXgHr2wUbye+JFBRv5RvRk.150","action":"GetUpdates", "result":"DeleteReceived", "context":{"id":"cb7940f0-7ded-422c-a8fb-6bbf30cc56af", "isDeleted:":"true", "version":"1728818423971"}}
{"logTime": "1107/154403", "correlationVector":"LXgHr2wUbye+JFBRv5RvRk.151","action":"GetUpdates", "result":"DeleteReceived", "context":{"id":"4e9b6851-7b3c-41ba-9ab8-411837e03d0b", "isDeleted:":"true", "version":"1728818745980"}}
{"logTime": "1107/154403", "correlationVector":"LXgHr2wUbye+JFBRv5RvRk.152","action":"GetUpdates", "result":"DeleteReceived", "context":{"id":"a26e25dc-ee1c-4294-acb6-dc5043f9f9ae", "isDeleted:":"true", "version":"1728818745982"}}
{"logTime": "1107/154403", "correlationVector":"LXgHr2wUbye+JFBRv5RvRk.153","action":"GetUpdates", "result":"DeleteReceived", "context":{"id":"acee87d1-c09f-493d-8a81-cda287b49ea3", "isDeleted:":"true", "version":"1728818745983"}}
{"logTime": "1107/154403", "correlationVector":"LXgHr2wUbye+JFBRv5RvRk.154","action":"GetUpdates", "result":"DeleteReceived", "context":{"id":"a3bd0e0f-d4fd-4a3b-a89e-365afd58b2e7", "isDeleted:":"true", "version":"1728819987455"}}
{"logTime": "1107/154403", "correlationVector":"LXgHr2wUbye+JFBRv5RvRk.155","action":"GetUpdates Response", "result":"Success", "context":Received 250 update(s). cV=LXgHr2wUbye+JFBRv5RvRk.0;server=GENERAL0100000X;cloudType=Consumer;environment=Prod_SoutheastAsia_000j;migrationStage=NotStarted Some updates remain.}
{"logTime": "1107/154403", "correlationVector":"KenvCNslsao1nf2R5Lmcen","action":"Initial GetUpdates", "result":"", "context":Reason: NEWLY_SUPPORTED_DATATYPE. cV=KenvCNslsao1nf2R5Lmcen}
{"logTime": "1107/154404", "correlationVector":"KenvCNslsao1nf2R5Lmcen.1","action":"SyncServerConnectionManagerRequest", "result":"SYNC_SERVER_OK", "context":{"environment":"Prod_SoutheastAsia_000j", "migrationStage":"NotStarted", "server":"GENERAL01000001"}}
{"logTime": "1107/154404", "correlationVector":"KenvCNslsao1nf2R5Lmcen.2","action":"GetUpdates", "result":"DeleteReceived", "context":{"id":"338c32eb-2768-4416-afd5-361a148eed59", "isDeleted:":"true", "version":"1728820241125"}}
{"logTime": "1107/154404", "correlationVector":"KenvCNslsao1nf2R5Lmcen.3","action":"GetUpdates", "result":"DeleteReceived", "context":{"id":"59370eea-b041-4baf-b405-8173ca45a8f9", "isDeleted:":"true", "version":"1728822652456"}}
{"logTime": "1107/154404", "correlationVector":"KenvCNslsao1nf2R5Lmcen.4","action":"GetUpdates", "result":"DeleteReceived", "context":{"id":"e9c0fcb0-0002-4562-8ba3-c5c166974dd9", "isDeleted:":"true", "version":"1728825655910"}}
{"logTime": "1107/154404", "correlationVector":"KenvCNslsao1nf2R5Lmcen.5","action":"GetUpdates", "result":"DeleteReceived", "context":{"id":"55b3fb2c-d1e3-4ce3-94fc-d79233fb78ca", "isDeleted:":"true", "version":"1728826163032"}}
{"logTime": "1107/154404", "correlationVector":"KenvCNslsao1nf2R5Lmcen.6","action":"GetUpdates", "result":"DeleteReceived", "context":{"id":"464ef267-1a26-46b0-bfda-ebcd430d4974", "isDeleted:":"true", "version":"1728827169755"}}
{"logTime": "1107/154404", "correlationVector":"KenvCNslsao1nf2R5Lmcen.7","action":"GetUpdates", "result":"DeleteReceived", "context":{"id":"e134e6c4-6149-4eef-91ac-10191e7a6bc8", "isDeleted:":"true", "version":"1728827801635"}}
{"logTime": "1107/154404", "correlationVector":"KenvCNslsao1nf2R5Lmcen.8","action":"GetUpdates", "result":"DeleteReceived", "context":{"id":"e38295f9-d6c9-4981-9d6b-2a05645d6d31", "isDeleted:":"true", "version":"1728827835421"}}
{"logTime": "1107/154404", "correlationVector":"KenvCNslsao1nf2R5Lmcen.9","action":"GetUpdates", "result":"DeleteReceived", "context":{"id":"0aa2b681-6108-442a-8f12-eddc5b98da17", "isDeleted:":"true", "version":"1728828427353"}}
{"logTime": "1107/154404", "correlationVector":"KenvCNslsao1nf2R5Lmcen.10","action":"GetUpdates", "result":"DeleteReceived", "context":{"id":"16ba549f-0a7d-4a48-9cad-f3532d51c574", "isDeleted:":"true", "version":"1728828775302"}}
{"logTime": "1107/154404", "correlationVector":"KenvCNslsao1nf2R5Lmcen.11","action":"GetUpdates", "result":"DeleteReceived", "context":{"id":"fa488fc2-a657-4d73-9a67-11d1b814447c", "isDeleted:":"true", "version":"1728830277299"}}
{"logTime": "1107/154404", "correlationVector":"KenvCNslsao1nf2R5Lmcen.12","action":"GetUpdates", "result":"DeleteReceived", "context":{"id":"f7ed8ce7-01ca-4068-ba6e-5e024ae69770", "isDeleted:":"true", "version":"1728831312387"}}
{"logTime": "1107/154404", "correlationVector":"KenvCNslsao1nf2R5Lmcen.13","action":"GetUpdates", "result":"DeleteReceived", "context":{"id":"5022aae0-96c4-4f50-9df9-c9e8de621174", "isDeleted:":"true", "version":"1728833527353"}}
{"logTime": "1107/154404", "correlationVector":"KenvCNslsao1nf2R5Lmcen.14","action":"GetUpdates", "result":"DeleteReceived", "context":{"id":"52908d91-bc70-4d82-81df-b4d83dad6997", "isDeleted:":"true", "version":"1728838080677"}}
{"logTime": "1107/154404", "correlationVector":"KenvCNslsao1nf2R5Lmcen.15","action":"GetUpdates", "result":"DeleteReceived", "context":{"id":"b00e9df2-3dd4-4363-bacc-d3eb86128ef7", "isDeleted:":"true", "version":"1728838080678"}}
{"logTime": "1107/154404", "correlationVector":"KenvCNslsao1nf2R5Lmcen.16","action":"GetUpdates", "result":"DeleteReceived", "context":{"id":"f3df40cf-69da-40dc-89e0-1b2ee631964a", "isDeleted:":"true", "version":"1728878265270"}}
{"logTime": "1107/154404", "correlationVector":"KenvCNslsao1nf2R5Lmcen.17","action":"GetUpdates", "result":"DeleteReceived", "context":{"id":"6b313347-a2ac-43b0-af96-af6948fac5d4", "isDeleted:":"true", "version":"1728887014382"}}
{"logTime": "1107/154404", "correlationVector":"KenvCNslsao1nf2R5Lmcen.18","action":"GetUpdates", "result":"DeleteReceived", "context":{"id":"964cb009-b203-460a-84a8-8b63e7f1fa57", "isDeleted:":"true", "version":"1728887014383"}}
{"logTime": "1107/154404", "correlationVector":"KenvCNslsao1nf2R5Lmcen.19","action":"GetUpdates", "result":"DeleteReceived", "context":{"id":"1008fe7e-9b83-4096-996f-cb1cfb9c578d", "isDeleted:":"true", "version":"1728887014385"}}
{"logTime": "1107/154404", "correlationVector":"KenvCNslsao1nf2R5Lmcen.20","action":"GetUpdates", "result":"DeleteReceived", "context":{"id":"8b8d8adc-d2cb-4aa8-b6e8-451be2af9265", "isDeleted:":"true", "version":"1728887014386"}}
{"logTime": "1107/154404", "correlationVector":"KenvCNslsao1nf2R5Lmcen.21","action":"GetUpdates", "result":"DeleteReceived", "context":{"id":"d8258fbc-9c8b-4682-a5bf-5918e4ffae5a", "isDeleted:":"true", "version":"1728887081915"}}
{"logTime": "1107/154404", "correlationVector":"KenvCNslsao1nf2R5Lmcen.22","action":"GetUpdates", "result":"DeleteReceived", "context":{"id":"c5b9f457-c27d-4d76-8d4a-bc96ddbccec4", "isDeleted:":"true", "version":"1728887081917"}}
{"logTime": "1107/154404", "correlationVector":"KenvCNslsao1nf2R5Lmcen.23","action":"GetUpdates", "result":"DeleteReceived", "context":{"id":"530b8668-4b08-43b5-b1cc-f26c48cad3b3", "isDeleted:":"true", "version":"1728887127305"}}
{"logTime": "1107/154404", "correlationVector":"KenvCNslsao1nf2R5Lmcen.24","action":"GetUpdates", "result":"DeleteReceived", "context":{"id":"f3f708cb-620e-470e-8bca-e498037cdee5", "isDeleted:":"true", "version":"1728891823171"}}
{"logTime": "1107/154404", "correlationVector":"KenvCNslsao1nf2R5Lmcen.25","action":"GetUpdates", "result":"DeleteReceived", "context":{"id":"1f9b1144-ca0c-404c-bc33-b0bffed591c2", "isDeleted:":"true", "version":"1728891823173"}}
{"logTime": "1107/154404", "correlationVector":"KenvCNslsao1nf2R5Lmcen.26","action":"GetUpdates", "result":"DeleteReceived", "context":{"id":"d6a887e6-2397-40bf-bede-b947767657aa", "isDeleted:":"true", "version":"1728892077128"}}
{"logTime": "1107/154404", "correlationVector":"KenvCNslsao1nf2R5Lmcen.27","action":"GetUpdates", "result":"DeleteReceived", "context":{"id":"61b9b59b-0e76-4813-838e-46ba51374635", "isDeleted:":"true", "version":"1728903241595"}}
{"logTime": "1107/154404", "correlationVector":"KenvCNslsao1nf2R5Lmcen.28","action":"GetUpdates", "result":"DeleteReceived", "context":{"id":"89d9c505-df68-4597-ae62-4ceacf244745", "isDeleted:":"true", "version":"1728903989538"}}
{"logTime": "1107/154404", "correlationVector":"KenvCNslsao1nf2R5Lmcen.29","action":"GetUpdates", "result":"DeleteReceived", "context":{"id":"d3b09661-9ad1-4376-b613-1be9430973f6", "isDeleted:":"true", "version":"1728903989542"}}
{"logTime": "1107/154404", "correlationVector":"KenvCNslsao1nf2R5Lmcen.30","action":"GetUpdates", "result":"DeleteReceived", "context":{"id":"006e691f-859b-4f20-b76f-ac636adde2c1", "isDeleted:":"true", "version":"1728904583542"}}
{"logTime": "1107/154404", "correlationVector":"KenvCNslsao1nf2R5Lmcen.31","action":"GetUpdates", "result":"DeleteReceived", "context":{"id":"bc4c93d8-f5a3-4394-b538-a9bd70fb2a20", "isDeleted:":"true", "version":"1728904955677"}}
{"logTime": "1107/154404", "correlationVector":"KenvCNslsao1nf2R5Lmcen.32","action":"GetUpdates", "result":"DeleteReceived", "context":{"id":"9cde4740-e9ac-435b-b6dd-7704a2370a8e", "isDeleted:":"true", "version":"1728904955678"}}
{"logTime": "1107/154404", "correlationVector":"KenvCNslsao1nf2R5Lmcen.33","action":"GetUpdates", "result":"DeleteReceived", "context":{"id":"60dc9ee1-6d10-4456-92a9-5cef18784f4a", "isDeleted:":"true", "version":"1728905180832"}}
{"logTime": "1107/154404", "correlationVector":"KenvCNslsao1nf2R5Lmcen.34","action":"GetUpdates", "result":"DeleteReceived", "context":{"id":"741bce83-9170-4f0a-b5ff-65c847975b52", "isDeleted:":"true", "version":"1728905531123"}}
{"logTime": "1107/154404", "correlationVector":"KenvCNslsao1nf2R5Lmcen.35","action":"GetUpdates", "result":"DeleteReceived", "context":{"id":"464d5b46-d562-4750-995b-0da6b4635b66", "isDeleted:":"true", "version":"1728910108523"}}
{"logTime": "1107/154404", "correlationVector":"KenvCNslsao1nf2R5Lmcen.36","action":"GetUpdates", "result":"DeleteReceived", "context":{"id":"69ef99e4-ba9c-4a3f-89d6-9ef770df4b22", "isDeleted:":"true", "version":"1728910108524"}}
{"logTime": "1107/154404", "correlationVector":"KenvCNslsao1nf2R5Lmcen.37","action":"GetUpdates", "result":"DeleteReceived", "context":{"id":"5f7737d8-91ec-4cc1-a52a-d75f7ccbb47d", "isDeleted:":"true", "version":"1728910276277"}}
{"logTime": "1107/154404", "correlationVector":"KenvCNslsao1nf2R5Lmcen.38","action":"GetUpdates", "result":"DeleteReceived", "context":{"id":"0b2368ee-89ea-4d95-8dbe-fd47228fc15e", "isDeleted:":"true", "version":"1728910311990"}}
{"logTime": "1107/154404", "correlationVector":"KenvCNslsao1nf2R5Lmcen.39","action":"GetUpdates", "result":"DeleteReceived", "context":{"id":"8f542f26-d377-4e68-bab5-66a6ce0ce18f", "isDeleted:":"true", "version":"1728913722829"}}
{"logTime": "1107/154404", "correlationVector":"KenvCNslsao1nf2R5Lmcen.40","action":"GetUpdates", "result":"DeleteReceived", "context":{"id":"20bfe146-aa00-4f08-8456-1e22834a9e2d", "isDeleted:":"true", "version":"1728913722830"}}
{"logTime": "1107/154404", "correlationVector":"KenvCNslsao1nf2R5Lmcen.41","action":"GetUpdates", "result":"DeleteReceived", "context":{"id":"c3f893df-5923-4b00-913c-1b683278b224", "isDeleted:":"true", "version":"1728913874487"}}
{"logTime": "1107/154404", "correlationVector":"KenvCNslsao1nf2R5Lmcen.42","action":"GetUpdates", "result":"DeleteReceived", "context":{"id":"6af09bd7-93bf-4145-aadc-03d2dfe09478", "isDeleted:":"true", "version":"1728950909331"}}
{"logTime": "1107/154404", "correlationVector":"KenvCNslsao1nf2R5Lmcen.43","action":"GetUpdates", "result":"DeleteReceived", "context":{"id":"d2e4c96d-2889-4f42-a1a4-1a2a08fa320c", "isDeleted:":"true", "version":"1728950909332"}}
{"logTime": "1107/154404", "correlationVector":"KenvCNslsao1nf2R5Lmcen.44","action":"GetUpdates", "result":"DeleteReceived", "context":{"id":"fb351608-a90f-4f42-a2b2-1fface4ec7e2", "isDeleted:":"true", "version":"1728950909334"}}
{"logTime": "1107/154404", "correlationVector":"KenvCNslsao1nf2R5Lmcen.45","action":"GetUpdates", "result":"DeleteReceived", "context":{"id":"b86f6c88-4c2f-4acd-9290-ae9a24b8cf55", "isDeleted:":"true", "version":"1728951626586"}}
{"logTime": "1107/154404", "correlationVector":"KenvCNslsao1nf2R5Lmcen.46","action":"GetUpdates", "result":"DeleteReceived", "context":{"id":"8adb03b5-0cba-4d4c-b45b-51dc6fc33522", "isDeleted:":"true", "version":"1728951961930"}}
{"logTime": "1107/154404", "correlationVector":"KenvCNslsao1nf2R5Lmcen.47","action":"GetUpdates", "result":"DeleteReceived", "context":{"id":"665678ee-dff1-4e4c-b790-9ff0dd23d3bd", "isDeleted:":"true", "version":"1728951961931"}}
{"logTime": "1107/154404", "correlationVector":"KenvCNslsao1nf2R5Lmcen.48","action":"GetUpdates", "result":"DeleteReceived", "context":{"id":"6180fbbd-ae41-4c8f-8900-532d1b8a7914", "isDeleted:":"true", "version":"1728952133828"}}
{"logTime": "1107/154404", "correlationVector":"KenvCNslsao1nf2R5Lmcen.49","action":"GetUpdates", "result":"DeleteReceived", "context":{"id":"9c8c9417-76a6-4ec0-88f2-2e3daacf12a4", "isDeleted:":"true", "version":"1728952911873"}}
{"logTime": "1107/154404", "correlationVector":"KenvCNslsao1nf2R5Lmcen.50","action":"GetUpdates", "result":"DeleteReceived", "context":{"id":"581c8b55-80c0-4448-b0fd-0ae6d0da4564", "isDeleted:":"true", "version":"1728958630610"}}
{"logTime": "1107/154404", "correlationVector":"KenvCNslsao1nf2R5Lmcen.51","action":"GetUpdates", "result":"DeleteReceived", "context":{"id":"d161bb8d-b3d4-4fe6-8d3c-ccde5e47e259", "isDeleted:":"true", "version":"1728959096670"}}
{"logTime": "1107/154404", "correlationVector":"KenvCNslsao1nf2R5Lmcen.52","action":"GetUpdates", "result":"DeleteReceived", "context":{"id":"6050651b-3f38-48a7-8ca3-d1458194a5ec", "isDeleted:":"true", "version":"1728959827768"}}
{"logTime": "1107/154404", "correlationVector":"KenvCNslsao1nf2R5Lmcen.53","action":"GetUpdates", "result":"DeleteReceived", "context":{"id":"02244d23-c0d2-4476-8ff4-0c1dac521072", "isDeleted:":"true", "version":"1728960036383"}}
{"logTime": "1107/154404", "correlationVector":"KenvCNslsao1nf2R5Lmcen.54","action":"GetUpdates", "result":"DeleteReceived", "context":{"id":"eaee9649-8217-4855-bfdb-32ecc28cc932", "isDeleted:":"true", "version":"1728960533820"}}
{"logTime": "1107/154404", "correlationVector":"KenvCNslsao1nf2R5Lmcen.55","action":"GetUpdates", "result":"DeleteReceived", "context":{"id":"be9fbdb3-962e-4c70-9bb5-e1f672e7e848", "isDeleted:":"true", "version":"1728960533822"}}
{"logTime": "1107/154404", "correlationVector":"KenvCNslsao1nf2R5Lmcen.56","action":"GetUpdates", "result":"DeleteReceived", "context":{"id":"20fc16e2-f99b-4f27-b96c-d3dc858320d6", "isDeleted:":"true", "version":"1728960533823"}}
{"logTime": "1107/154404", "correlationVector":"KenvCNslsao1nf2R5Lmcen.57","action":"GetUpdates", "result":"DeleteReceived", "context":{"id":"99ba4c92-94be-4816-8ae0-34c7e77e1a3e", "isDeleted:":"true", "version":"1728960719016"}}
{"logTime": "1107/154404", "correlationVector":"KenvCNslsao1nf2R5Lmcen.58","action":"GetUpdates", "result":"DeleteReceived", "context":{"id":"0ded6815-ff4a-4566-8087-7ad36c5baccd", "isDeleted:":"true", "version":"1728960756214"}}
{"logTime": "1107/154404", "correlationVector":"KenvCNslsao1nf2R5Lmcen.59","action":"GetUpdates", "result":"DeleteReceived", "context":{"id":"74359dfd-a775-4fdd-b753-1d207aaebe12", "isDeleted:":"true", "version":"1728960904073"}}
{"logTime": "1107/154404", "correlationVector":"KenvCNslsao1nf2R5Lmcen.60","action":"GetUpdates", "result":"DeleteReceived", "context":{"id":"687a361b-c92b-421e-9557-3cd7b88c1c5d", "isDeleted:":"true", "version":"1728960904075"}}
{"logTime": "1107/154404", "correlationVector":"KenvCNslsao1nf2R5Lmcen.61","action":"GetUpdates", "result":"DeleteReceived", "context":{"id":"44df9165-e4fc-4289-9752-ba5ac2170be2", "isDeleted:":"true", "version":"1728961157602"}}
{"logTime": "1107/154404", "correlationVector":"KenvCNslsao1nf2R5Lmcen.62","action":"GetUpdates", "result":"DeleteReceived", "context":{"id":"cb54ca09-6a13-4ac0-b0fd-29e321130d78", "isDeleted:":"true", "version":"1728961157603"}}
{"logTime": "1107/154404", "correlationVector":"KenvCNslsao1nf2R5Lmcen.63","action":"GetUpdates", "result":"DeleteReceived", "context":{"id":"6df0c93a-835d-48d0-94ae-291774b7bdab", "isDeleted:":"true", "version":"1728961157604"}}
{"logTime": "1107/154404", "correlationVector":"KenvCNslsao1nf2R5Lmcen.64","action":"GetUpdates", "result":"DeleteReceived", "context":{"id":"637a1499-59bd-46a0-b29d-5a4798848097", "isDeleted:":"true", "version":"1728961157606"}}
{"logTime": "1107/154404", "correlationVector":"KenvCNslsao1nf2R5Lmcen.65","action":"GetUpdates", "result":"DeleteReceived", "context":{"id":"f5d6ed3e-36cf-4e23-9832-94a1d2f96531", "isDeleted:":"true", "version":"1728961157610"}}
{"logTime": "1107/154404", "correlationVector":"KenvCNslsao1nf2R5Lmcen.66","action":"GetUpdates", "result":"DeleteReceived", "context":{"id":"91c221a3-5db5-43a6-88e3-f49ad77af177", "isDeleted:":"true", "version":"1728961157611"}}
{"logTime": "1107/154404", "correlationVector":"KenvCNslsao1nf2R5Lmcen.67","action":"GetUpdates", "result":"DeleteReceived", "context":{"id":"0e615fbb-a711-4513-be5b-548ddd5aa460", "isDeleted:":"true", "version":"1728961157612"}}
{"logTime": "1107/154404", "correlationVector":"KenvCNslsao1nf2R5Lmcen.68","action":"GetUpdates", "result":"DeleteReceived", "context":{"id":"ba576405-7d8d-4746-8e2d-b94b44f4114d", "isDeleted:":"true", "version":"1728961157613"}}
{"logTime": "1107/154404", "correlationVector":"KenvCNslsao1nf2R5Lmcen.69","action":"GetUpdates", "result":"DeleteReceived", "context":{"id":"cfd7d991-e0a2-4b35-bff4-aaa0cce05aae", "isDeleted:":"true", "version":"1728961157614"}}
{"logTime": "1107/154404", "correlationVector":"KenvCNslsao1nf2R5Lmcen.70","action":"GetUpdates", "result":"DeleteReceived", "context":{"id":"ac02b7e7-afc7-4778-8a73-4db2a08c0262", "isDeleted:":"true", "version":"1728961157615"}}
{"logTime": "1107/154404", "correlationVector":"KenvCNslsao1nf2R5Lmcen.71","action":"GetUpdates", "result":"DeleteReceived", "context":{"id":"0ca1ca77-f64f-4039-9a7d-0c14fd6163a5", "isDeleted:":"true", "version":"1728961191277"}}
{"logTime": "1107/154404", "correlationVector":"KenvCNslsao1nf2R5Lmcen.72","action":"GetUpdates", "result":"DeleteReceived", "context":{"id":"f8e223f5-a797-4b20-bdd8-77c821b8d8d6", "isDeleted:":"true", "version":"1728961191279"}}
{"logTime": "1107/154404", "correlationVector":"KenvCNslsao1nf2R5Lmcen.73","action":"GetUpdates", "result":"DeleteReceived", "context":{"id":"cae1baf8-949e-4844-9269-fa019b904663", "isDeleted:":"true", "version":"1728973231633"}}
{"logTime": "1107/154404", "correlationVector":"KenvCNslsao1nf2R5Lmcen.74","action":"GetUpdates", "result":"DeleteReceived", "context":{"id":"98779338-6988-42fc-8d9f-a346d682d139", "isDeleted:":"true", "version":"1728974477675"}}
{"logTime": "1107/154404", "correlationVector":"KenvCNslsao1nf2R5Lmcen.75","action":"GetUpdates", "result":"DeleteReceived", "context":{"id":"5813cea1-8e84-4aa0-9ada-51a99ac25725", "isDeleted:":"true", "version":"1728974545356"}}
{"logTime": "1107/154404", "correlationVector":"KenvCNslsao1nf2R5Lmcen.76","action":"GetUpdates", "result":"DeleteReceived", "context":{"id":"dd5c342d-1bfc-462f-a507-ef9f72f58ad4", "isDeleted:":"true", "version":"1728974672570"}}
{"logTime": "1107/154404", "correlationVector":"KenvCNslsao1nf2R5Lmcen.77","action":"GetUpdates", "result":"DeleteReceived", "context":{"id":"29c67a0f-6490-4fc9-a770-cb3a42add419", "isDeleted:":"true", "version":"1728974741293"}}
{"logTime": "1107/154404", "correlationVector":"KenvCNslsao1nf2R5Lmcen.78","action":"GetUpdates", "result":"DeleteReceived", "context":{"id":"f6cfba50-5deb-4457-bf71-72d684486b94", "isDeleted:":"true", "version":"1728974741295"}}
{"logTime": "1107/154404", "correlationVector":"KenvCNslsao1nf2R5Lmcen.79","action":"GetUpdates", "result":"DeleteReceived", "context":{"id":"2a3d59a0-23de-46fd-bb3b-38076d764a66", "isDeleted:":"true", "version":"1728974741296"}}
{"logTime": "1107/154404", "correlationVector":"KenvCNslsao1nf2R5Lmcen.80","action":"GetUpdates", "result":"DeleteReceived", "context":{"id":"d4b8a60a-3822-4feb-b2c8-e050367c376c", "isDeleted:":"true", "version":"1728999969031"}}
{"logTime": "1107/154404", "correlationVector":"KenvCNslsao1nf2R5Lmcen.81","action":"GetUpdates", "result":"DeleteReceived", "context":{"id":"844997ef-1979-4584-b094-382e83c09479", "isDeleted:":"true", "version":"1728999969032"}}
{"logTime": "1107/154404", "correlationVector":"KenvCNslsao1nf2R5Lmcen.82","action":"GetUpdates", "result":"DeleteReceived", "context":{"id":"9a076277-9301-4143-93a0-6179ee86e13e", "isDeleted:":"true", "version":"1729000161661"}}
{"logTime": "1107/154404", "correlationVector":"KenvCNslsao1nf2R5Lmcen.83","action":"GetUpdates", "result":"DeleteReceived", "context":{"id":"6c420b31-fb97-49d0-a589-aa925f3aa232", "isDeleted:":"true", "version":"1729000161663"}}
{"logTime": "1107/154404", "correlationVector":"KenvCNslsao1nf2R5Lmcen.84","action":"GetUpdates", "result":"DeleteReceived", "context":{"id":"6149da79-d101-4e46-a403-935b9e7ad07b", "isDeleted:":"true", "version":"1729000402697"}}
{"logTime": "1107/154404", "correlationVector":"KenvCNslsao1nf2R5Lmcen.85","action":"GetUpdates", "result":"DeleteReceived", "context":{"id":"117f1458-6378-41db-b6c9-4fb93917d3c8", "isDeleted:":"true", "version":"1729001008743"}}
{"logTime": "1107/154404", "correlationVector":"KenvCNslsao1nf2R5Lmcen.86","action":"GetUpdates", "result":"DeleteReceived", "context":{"id":"5d75c6c0-4b6d-4220-8c46-5662a1a6c41c", "isDeleted:":"true", "version":"1729001487681"}}
{"logTime": "1107/154404", "correlationVector":"KenvCNslsao1nf2R5Lmcen.87","action":"GetUpdates", "result":"DeleteReceived", "context":{"id":"33ae89b8-ae68-42b4-8a8c-c35d322c1832", "isDeleted:":"true", "version":"1729002939242"}}
{"logTime": "1107/154404", "correlationVector":"KenvCNslsao1nf2R5Lmcen.88","action":"GetUpdates", "result":"DeleteReceived", "context":{"id":"f3a2964d-0258-4c58-a8cb-a7dd14e37c5f", "isDeleted:":"true", "version":"1729005947835"}}
{"logTime": "1107/154404", "correlationVector":"KenvCNslsao1nf2R5Lmcen.89","action":"GetUpdates", "result":"DeleteReceived", "context":{"id":"f943269b-77f1-4d1f-ba7a-a50d52e4a7c6", "isDeleted:":"true", "version":"1729005947838"}}
{"logTime": "1107/154404", "correlationVector":"KenvCNslsao1nf2R5Lmcen.90","action":"GetUpdates", "result":"DeleteReceived", "context":{"id":"25d73ebc-fa02-48c1-8666-a0e7a4d9eb33", "isDeleted:":"true", "version":"1729005989974"}}
{"logTime": "1107/154404", "correlationVector":"KenvCNslsao1nf2R5Lmcen.91","action":"GetUpdates", "result":"DeleteReceived", "context":{"id":"9ea87bee-3f45-40e4-b5c1-364c9b7522cd", "isDeleted:":"true", "version":"1729005989975"}}
{"logTime": "1107/154404", "correlationVector":"KenvCNslsao1nf2R5Lmcen.92","action":"GetUpdates", "result":"DeleteReceived", "context":{"id":"a1713a14-3cb6-4bd6-a836-100b656db818", "isDeleted:":"true", "version":"1729058832125"}}
{"logTime": "1107/154404", "correlationVector":"KenvCNslsao1nf2R5Lmcen.93","action":"GetUpdates", "result":"DeleteReceived", "context":{"id":"4a422d2a-9f8d-405b-b35f-4d60ec7fa15c", "isDeleted:":"true", "version":"1729058832127"}}
{"logTime": "1107/154404", "correlationVector":"KenvCNslsao1nf2R5Lmcen.94","action":"GetUpdates", "result":"DeleteReceived", "context":{"id":"cd323980-262b-4420-964c-52c9e6305654", "isDeleted:":"true", "version":"1729065000098"}}
{"logTime": "1107/154404", "correlationVector":"KenvCNslsao1nf2R5Lmcen.95","action":"GetUpdates", "result":"DeleteReceived", "context":{"id":"8040f881-59e0-493c-88f6-717cc61b35c8", "isDeleted:":"true", "version":"1729065000100"}}
{"logTime": "1107/154404", "correlationVector":"KenvCNslsao1nf2R5Lmcen.96","action":"GetUpdates", "result":"DeleteReceived", "context":{"id":"43c959e1-815d-44b0-bf4b-2d9f41b0f3aa", "isDeleted:":"true", "version":"1729079555536"}}
{"logTime": "1107/154404", "correlationVector":"KenvCNslsao1nf2R5Lmcen.97","action":"GetUpdates", "result":"DeleteReceived", "context":{"id":"dd70a107-bb78-4ac3-aa55-e4bef3f28c8b", "isDeleted:":"true", "version":"1729079778168"}}
{"logTime": "1107/154404", "correlationVector":"KenvCNslsao1nf2R5Lmcen.98","action":"GetUpdates", "result":"DeleteReceived", "context":{"id":"6155158b-e14a-4daf-9dcc-3f6125361ec7", "isDeleted:":"true", "version":"1729079778169"}}
{"logTime": "1107/154404", "correlationVector":"KenvCNslsao1nf2R5Lmcen.99","action":"GetUpdates", "result":"DeleteReceived", "context":{"id":"088c0ddd-e41b-42d7-b332-a4b1d881580f", "isDeleted:":"true", "version":"1729080977627"}}
{"logTime": "1107/154404", "correlationVector":"KenvCNslsao1nf2R5Lmcen.100","action":"GetUpdates", "result":"DeleteReceived", "context":{"id":"6db4dc3d-df49-441b-9970-5c477fc00a4f", "isDeleted:":"true", "version":"1729125194489"}}
{"logTime": "1107/154404", "correlationVector":"KenvCNslsao1nf2R5Lmcen.101","action":"GetUpdates", "result":"DeleteReceived", "context":{"id":"517f523f-3094-4166-8758-9cf1c6e32e55", "isDeleted:":"true", "version":"1729125194490"}}
{"logTime": "1107/154404", "correlationVector":"KenvCNslsao1nf2R5Lmcen.102","action":"GetUpdates", "result":"DeleteReceived", "context":{"id":"510ce7c6-c604-4b32-82ff-65c36d9957c7", "isDeleted:":"true", "version":"1729125194491"}}
{"logTime": "1107/154404", "correlationVector":"KenvCNslsao1nf2R5Lmcen.103","action":"GetUpdates", "result":"DeleteReceived", "context":{"id":"3feb34ca-2fc5-44b7-b661-e9844a39bbed", "isDeleted:":"true", "version":"1729125194492"}}
{"logTime": "1107/154404", "correlationVector":"KenvCNslsao1nf2R5Lmcen.104","action":"GetUpdates", "result":"DeleteReceived", "context":{"id":"2cbbb9f0-8f40-4ba5-991e-592e18ee1af5", "isDeleted:":"true", "version":"1729125194494"}}
{"logTime": "1107/154404", "correlationVector":"KenvCNslsao1nf2R5Lmcen.105","action":"GetUpdates", "result":"DeleteReceived", "context":{"id":"ce9d2d70-c0be-4ce1-90f8-071efaedc92f", "isDeleted:":"true", "version":"1729125194495"}}
{"logTime": "1107/154404", "correlationVector":"KenvCNslsao1nf2R5Lmcen.106","action":"GetUpdates", "result":"DeleteReceived", "context":{"id":"15e5289c-2b0d-49bd-baa9-d29a7d7f3136", "isDeleted:":"true", "version":"1729125194496"}}
{"logTime": "1107/154404", "correlationVector":"KenvCNslsao1nf2R5Lmcen.107","action":"GetUpdates", "result":"DeleteReceived", "context":{"id":"b1d0be7d-d613-45b0-aca6-b585579cffa0", "isDeleted:":"true", "version":"1729126459586"}}
{"logTime": "1107/154404", "correlationVector":"KenvCNslsao1nf2R5Lmcen.108","action":"GetUpdates", "result":"DeleteReceived", "context":{"id":"91c71707-adbd-4ea9-be10-6b899f92341b", "isDeleted:":"true", "version":"1729144861005"}}
{"logTime": "1107/154404", "correlationVector":"KenvCNslsao1nf2R5Lmcen.109","action":"GetUpdates", "result":"DeleteReceived", "context":{"id":"8a3ee729-1599-4e7a-b1ed-23040c1dd744", "isDeleted:":"true", "version":"1729144861006"}}
{"logTime": "1107/154404", "correlationVector":"KenvCNslsao1nf2R5Lmcen.110","action":"GetUpdates", "result":"DeleteReceived", "context":{"id":"332538c6-426a-4d23-84cb-fb4b7e74f6c8", "isDeleted:":"true", "version":"1729144861007"}}
{"logTime": "1107/154404", "correlationVector":"KenvCNslsao1nf2R5Lmcen.111","action":"GetUpdates", "result":"DeleteReceived", "context":{"id":"7167b4ee-7797-4323-95da-29624089ac3f", "isDeleted:":"true", "version":"1729144861009"}}
{"logTime": "1107/154404", "correlationVector":"KenvCNslsao1nf2R5Lmcen.112","action":"GetUpdates", "result":"DeleteReceived", "context":{"id":"3b458eb1-ed23-4159-ba15-feaf1a048354", "isDeleted:":"true", "version":"1729144861010"}}
{"logTime": "1107/154404", "correlationVector":"KenvCNslsao1nf2R5Lmcen.113","action":"GetUpdates", "result":"DeleteReceived", "context":{"id":"db215fdd-051f-4bb6-a8f6-f6e4711218d8", "isDeleted:":"true", "version":"1729145159694"}}
{"logTime": "1107/154404", "correlationVector":"KenvCNslsao1nf2R5Lmcen.114","action":"GetUpdates", "result":"DeleteReceived", "context":{"id":"2fad3af5-9fa3-436b-8619-fab763670999", "isDeleted:":"true", "version":"1729145229131"}}
{"logTime": "1107/154404", "correlationVector":"KenvCNslsao1nf2R5Lmcen.115","action":"GetUpdates", "result":"DeleteReceived", "context":{"id":"58495d6d-6579-4717-bfdf-44e9d5acaa10", "isDeleted:":"true", "version":"1729145273516"}}
{"logTime": "1107/154404", "correlationVector":"KenvCNslsao1nf2R5Lmcen.116","action":"GetUpdates", "result":"DeleteReceived", "context":{"id":"afb578ba-6ca4-4a0f-97d4-b1bd8b853a78", "isDeleted:":"true", "version":"1729145273518"}}
{"logTime": "1107/154404", "correlationVector":"KenvCNslsao1nf2R5Lmcen.117","action":"GetUpdates", "result":"DeleteReceived", "context":{"id":"5391ba09-4f3a-4f92-af0c-87676499f4c8", "isDeleted:":"true", "version":"1729145278533"}}
{"logTime": "1107/154404", "correlationVector":"KenvCNslsao1nf2R5Lmcen.118","action":"GetUpdates Response", "result":"Success", "context":Received 250 update(s). cV=KenvCNslsao1nf2R5Lmcen.0;server=GENERAL01000001;cloudType=Consumer;environment=Prod_SoutheastAsia_000j;migrationStage=NotStarted Some updates remain.}
{"logTime": "1107/154404", "correlationVector":"yt1LLJxiIrPP4aRrQrKpN/","action":"Initial GetUpdates", "result":"", "context":Reason: NEWLY_SUPPORTED_DATATYPE. cV=yt1LLJxiIrPP4aRrQrKpN/}
{"logTime": "1107/154405", "correlationVector":"yt1LLJxiIrPP4aRrQrKpN/.1","action":"SyncServerConnectionManagerRequest", "result":"SYNC_SERVER_OK", "context":{"environment":"Prod_SoutheastAsia_000j", "migrationStage":"NotStarted", "server":"GENERAL01000006"}}
{"logTime": "1107/154405", "correlationVector":"yt1LLJxiIrPP4aRrQrKpN/.2","action":"GetUpdates", "result":"DeleteReceived", "context":{"id":"a4e847aa-c0d7-4a0d-a49f-82531abf10ad", "isDeleted:":"true", "version":"1729146994315"}}
{"logTime": "1107/154405", "correlationVector":"yt1LLJxiIrPP4aRrQrKpN/.3","action":"GetUpdates", "result":"DeleteReceived", "context":{"id":"869d3d2c-ebc9-4b6e-9046-ecb795ef9e34", "isDeleted:":"true", "version":"1729150443707"}}
{"logTime": "1107/154405", "correlationVector":"yt1LLJxiIrPP4aRrQrKpN/.4","action":"GetUpdates", "result":"DeleteReceived", "context":{"id":"bcf78d2f-29f7-4fd5-85b9-db3017e3a6ae", "isDeleted:":"true", "version":"1729150444750"}}
{"logTime": "1107/154405", "correlationVector":"yt1LLJxiIrPP4aRrQrKpN/.5","action":"GetUpdates", "result":"DeleteReceived", "context":{"id":"2a52731b-f58a-44a7-b2da-a726a56f4553", "isDeleted:":"true", "version":"1729150605469"}}
{"logTime": "1107/154405", "correlationVector":"yt1LLJxiIrPP4aRrQrKpN/.6","action":"GetUpdates", "result":"DeleteReceived", "context":{"id":"b2e1b2bc-b6f9-4309-a050-f1986ece0c58", "isDeleted:":"true", "version":"1729150623693"}}
{"logTime": "1107/154405", "correlationVector":"yt1LLJxiIrPP4aRrQrKpN/.7","action":"GetUpdates", "result":"DeleteReceived", "context":{"id":"d990794b-3f77-4a6c-b327-b10f8e0a99a0", "isDeleted:":"true", "version":"1729151201108"}}
{"logTime": "1107/154405", "correlationVector":"yt1LLJxiIrPP4aRrQrKpN/.8","action":"GetUpdates", "result":"DeleteReceived", "context":{"id":"2aabe156-4f1b-40d2-92d6-784c6d97ec47", "isDeleted:":"true", "version":"1729151627091"}}
{"logTime": "1107/154405", "correlationVector":"yt1LLJxiIrPP4aRrQrKpN/.9","action":"GetUpdates", "result":"DeleteReceived", "context":{"id":"5192ebf0-ef61-439d-95c2-56333a4576f4", "isDeleted:":"true", "version":"1729151650227"}}
{"logTime": "1107/154405", "correlationVector":"yt1LLJxiIrPP4aRrQrKpN/.10","action":"GetUpdates", "result":"DeleteReceived", "context":{"id":"539db635-c9b0-4e4f-b8c1-da46b6e74b59", "isDeleted:":"true", "version":"1729151650228"}}
{"logTime": "1107/154405", "correlationVector":"yt1LLJxiIrPP4aRrQrKpN/.11","action":"GetUpdates", "result":"DeleteReceived", "context":{"id":"accfcec6-98f1-48f2-989b-808e0db549f3", "isDeleted:":"true", "version":"1729151651256"}}
{"logTime": "1107/154405", "correlationVector":"yt1LLJxiIrPP4aRrQrKpN/.12","action":"GetUpdates", "result":"DeleteReceived", "context":{"id":"65707376-635f-4cc6-800e-b24c0671b753", "isDeleted:":"true", "version":"1729151677141"}}
{"logTime": "1107/154405", "correlationVector":"yt1LLJxiIrPP4aRrQrKpN/.13","action":"GetUpdates", "result":"DeleteReceived", "context":{"id":"3b68b97c-8397-4790-a35b-105101d5961a", "isDeleted:":"true", "version":"1729152179939"}}
{"logTime": "1107/154405", "correlationVector":"yt1LLJxiIrPP4aRrQrKpN/.14","action":"GetUpdates", "result":"DeleteReceived", "context":{"id":"beee04be-0ed9-4387-8dbb-04f58d5ac8c5", "isDeleted:":"true", "version":"1729152198892"}}
{"logTime": "1107/154405", "correlationVector":"yt1LLJxiIrPP4aRrQrKpN/.15","action":"GetUpdates", "result":"DeleteReceived", "context":{"id":"00df823e-3404-4e71-9969-1d4c34d924a5", "isDeleted:":"true", "version":"1729154212038"}}
{"logTime": "1107/154405", "correlationVector":"yt1LLJxiIrPP4aRrQrKpN/.16","action":"GetUpdates", "result":"DeleteReceived", "context":{"id":"9b067569-66fd-4e01-a60d-738d7db42af5", "isDeleted:":"true", "version":"1729154244040"}}
{"logTime": "1107/154405", "correlationVector":"yt1LLJxiIrPP4aRrQrKpN/.17","action":"GetUpdates", "result":"DeleteReceived", "context":{"id":"3cdfcee3-8866-4ebc-b2d4-7a94ac648206", "isDeleted:":"true", "version":"1729212569070"}}
{"logTime": "1107/154405", "correlationVector":"yt1LLJxiIrPP4aRrQrKpN/.18","action":"GetUpdates", "result":"DeleteReceived", "context":{"id":"45e3051e-d8aa-4d0c-9a28-2a54d2d921dc", "isDeleted:":"true", "version":"1729212569071"}}
{"logTime": "1107/154405", "correlationVector":"yt1LLJxiIrPP4aRrQrKpN/.19","action":"GetUpdates", "result":"DeleteReceived", "context":{"id":"356be92d-0dba-4664-8a00-c6f0296d6c89", "isDeleted:":"true", "version":"1729212569073"}}
{"logTime": "1107/154405", "correlationVector":"yt1LLJxiIrPP4aRrQrKpN/.20","action":"GetUpdates", "result":"DeleteReceived", "context":{"id":"5ac7143d-e7c8-4e00-98b0-169a022d1881", "isDeleted:":"true", "version":"1729212569074"}}
{"logTime": "1107/154405", "correlationVector":"yt1LLJxiIrPP4aRrQrKpN/.21","action":"GetUpdates", "result":"DeleteReceived", "context":{"id":"0d35e031-d4ee-40a2-8219-47af26e61d59", "isDeleted:":"true", "version":"1729212569075"}}
{"logTime": "1107/154405", "correlationVector":"yt1LLJxiIrPP4aRrQrKpN/.22","action":"GetUpdates", "result":"DeleteReceived", "context":{"id":"7390730d-6dbc-4bd5-950f-efc599e231ac", "isDeleted:":"true", "version":"1729212569076"}}
{"logTime": "1107/154405", "correlationVector":"yt1LLJxiIrPP4aRrQrKpN/.23","action":"GetUpdates", "result":"DeleteReceived", "context":{"id":"a9ac4f62-3c36-4318-9064-4140a909f30a", "isDeleted:":"true", "version":"1729212569077"}}
{"logTime": "1107/154405", "correlationVector":"yt1LLJxiIrPP4aRrQrKpN/.24","action":"GetUpdates", "result":"DeleteReceived", "context":{"id":"2cf1156a-c2a9-46f6-bac1-992ce423ace8", "isDeleted:":"true", "version":"1729214028888"}}
{"logTime": "1107/154405", "correlationVector":"yt1LLJxiIrPP4aRrQrKpN/.25","action":"GetUpdates", "result":"DeleteReceived", "context":{"id":"1577ef00-c82e-40b7-bc22-6aacf1eb81f3", "isDeleted:":"true", "version":"1729214028890"}}
{"logTime": "1107/154405", "correlationVector":"yt1LLJxiIrPP4aRrQrKpN/.26","action":"GetUpdates", "result":"DeleteReceived", "context":{"id":"c937a1d8-26bd-46c1-a6c9-bae2d12b2dae", "isDeleted:":"true", "version":"1729234957791"}}
{"logTime": "1107/154405", "correlationVector":"yt1LLJxiIrPP4aRrQrKpN/.27","action":"GetUpdates", "result":"DeleteReceived", "context":{"id":"23f62013-5196-4d16-a0d5-14cf6e742980", "isDeleted:":"true", "version":"1729234957793"}}
{"logTime": "1107/154405", "correlationVector":"yt1LLJxiIrPP4aRrQrKpN/.28","action":"GetUpdates", "result":"DeleteReceived", "context":{"id":"2633e5d3-d2f4-4f98-a778-b917ab88baf7", "isDeleted:":"true", "version":"1729234959903"}}
{"logTime": "1107/154405", "correlationVector":"yt1LLJxiIrPP4aRrQrKpN/.29","action":"GetUpdates", "result":"DeleteReceived", "context":{"id":"09cb6874-e934-41e4-9109-19bed0ad23d1", "isDeleted:":"true", "version":"1729252403697"}}
{"logTime": "1107/154405", "correlationVector":"yt1LLJxiIrPP4aRrQrKpN/.30","action":"GetUpdates", "result":"DeleteReceived", "context":{"id":"217f9f95-7834-43e3-8eb1-8c4b8665d12f", "isDeleted:":"true", "version":"1729252403699"}}
{"logTime": "1107/154405", "correlationVector":"yt1LLJxiIrPP4aRrQrKpN/.31","action":"GetUpdates", "result":"DeleteReceived", "context":{"id":"e19b22dd-39e4-42eb-8f50-ad15c72de1c8", "isDeleted:":"true", "version":"1729269926200"}}
{"logTime": "1107/154405", "correlationVector":"yt1LLJxiIrPP4aRrQrKpN/.32","action":"GetUpdates", "result":"DeleteReceived", "context":{"id":"91ad265f-a1d7-4e77-b8b2-c92cc16647c2", "isDeleted:":"true", "version":"1729314308578"}}
{"logTime": "1107/154405", "correlationVector":"yt1LLJxiIrPP4aRrQrKpN/.33","action":"GetUpdates", "result":"DeleteReceived", "context":{"id":"dfbc3384-7d6d-4c18-971e-6890733ef889", "isDeleted:":"true", "version":"1729314813368"}}
{"logTime": "1107/154405", "correlationVector":"yt1LLJxiIrPP4aRrQrKpN/.34","action":"GetUpdates", "result":"DeleteReceived", "context":{"id":"18497c3b-5c0f-4f71-8a11-13eb758f85e0", "isDeleted:":"true", "version":"1729314813371"}}
{"logTime": "1107/154405", "correlationVector":"yt1LLJxiIrPP4aRrQrKpN/.35","action":"GetUpdates", "result":"DeleteReceived", "context":{"id":"495d1be5-849c-4fd9-bd4f-b8fbca6e712b", "isDeleted:":"true", "version":"1729314824659"}}
{"logTime": "1107/154405", "correlationVector":"yt1LLJxiIrPP4aRrQrKpN/.36","action":"GetUpdates", "result":"DeleteReceived", "context":{"id":"a1481c14-c9d6-413c-9e98-cc40b1c618fc", "isDeleted:":"true", "version":"1729316225491"}}
{"logTime": "1107/154405", "correlationVector":"yt1LLJxiIrPP4aRrQrKpN/.37","action":"GetUpdates", "result":"DeleteReceived", "context":{"id":"18ddb50c-aa5f-46c9-92fa-79c14b74d2f3", "isDeleted:":"true", "version":"1729324518541"}}
{"logTime": "1107/154405", "correlationVector":"yt1LLJxiIrPP4aRrQrKpN/.38","action":"GetUpdates", "result":"DeleteReceived", "context":{"id":"37866d97-de4c-440e-9af0-cf740cc61db3", "isDeleted:":"true", "version":"1729324551117"}}
{"logTime": "1107/154405", "correlationVector":"yt1LLJxiIrPP4aRrQrKpN/.39","action":"GetUpdates", "result":"DeleteReceived", "context":{"id":"367f2192-4880-4f8c-9b74-a05feebaea1b", "isDeleted:":"true", "version":"1729324551119"}}
{"logTime": "1107/154405", "correlationVector":"yt1LLJxiIrPP4aRrQrKpN/.40","action":"GetUpdates", "result":"DeleteReceived", "context":{"id":"cf6fadb5-5f68-4c1f-917f-ebf4e83ad346", "isDeleted:":"true", "version":"1729324551122"}}
{"logTime": "1107/154405", "correlationVector":"yt1LLJxiIrPP4aRrQrKpN/.41","action":"GetUpdates", "result":"DeleteReceived", "context":{"id":"1532bfae-1939-4963-828e-26a97e2dccc9", "isDeleted:":"true", "version":"1729324551123"}}
{"logTime": "1107/154405", "correlationVector":"yt1LLJxiIrPP4aRrQrKpN/.42","action":"GetUpdates", "result":"DeleteReceived", "context":{"id":"ceb8d9e0-157f-44fd-ada9-0f98d61ef0ed", "isDeleted:":"true", "version":"1729324585410"}}
{"logTime": "1107/154405", "correlationVector":"yt1LLJxiIrPP4aRrQrKpN/.43","action":"GetUpdates", "result":"DeleteReceived", "context":{"id":"d43e573e-7720-43b0-89be-d61ef806f7e4", "isDeleted:":"true", "version":"1729324590046"}}
{"logTime": "1107/154405", "correlationVector":"yt1LLJxiIrPP4aRrQrKpN/.44","action":"GetUpdates", "result":"DeleteReceived", "context":{"id":"9c7bdd7e-83cd-4dbc-9930-68723f3be879", "isDeleted:":"true", "version":"1729324643414"}}
{"logTime": "1107/154405", "correlationVector":"yt1LLJxiIrPP4aRrQrKpN/.45","action":"GetUpdates", "result":"DeleteReceived", "context":{"id":"0e4857c6-e6f5-4c6e-b58f-bf63a7c9f936", "isDeleted:":"true", "version":"1729324643415"}}
{"logTime": "1107/154405", "correlationVector":"yt1LLJxiIrPP4aRrQrKpN/.46","action":"GetUpdates", "result":"DeleteReceived", "context":{"id":"ef969551-cf97-43a1-b027-16bd49a97f79", "isDeleted:":"true", "version":"1729331854102"}}
{"logTime": "1107/154405", "correlationVector":"yt1LLJxiIrPP4aRrQrKpN/.47","action":"GetUpdates", "result":"DeleteReceived", "context":{"id":"4342e789-ab51-4079-ae24-1e77b30bfbba", "isDeleted:":"true", "version":"1729331873145"}}
{"logTime": "1107/154405", "correlationVector":"yt1LLJxiIrPP4aRrQrKpN/.48","action":"GetUpdates", "result":"DeleteReceived", "context":{"id":"07875bab-3f1c-416d-807a-a73ad367b6c3", "isDeleted:":"true", "version":"1729331873147"}}
{"logTime": "1107/154405", "correlationVector":"yt1LLJxiIrPP4aRrQrKpN/.49","action":"GetUpdates", "result":"DeleteReceived", "context":{"id":"809b0afb-ef2d-44ef-9a11-d821fb322e04", "isDeleted:":"true", "version":"1729331873149"}}
{"logTime": "1107/154405", "correlationVector":"yt1LLJxiIrPP4aRrQrKpN/.50","action":"GetUpdates", "result":"DeleteReceived", "context":{"id":"b8cc3394-fa8d-47aa-86ce-9b5d5b3a5d60", "isDeleted:":"true", "version":"1729423376222"}}
{"logTime": "1107/154405", "correlationVector":"yt1LLJxiIrPP4aRrQrKpN/.51","action":"GetUpdates", "result":"DeleteReceived", "context":{"id":"a8f3d935-5041-4956-8697-3abb0994d1a6", "isDeleted:":"true", "version":"1729423412016"}}
{"logTime": "1107/154405", "correlationVector":"yt1LLJxiIrPP4aRrQrKpN/.52","action":"GetUpdates", "result":"DeleteReceived", "context":{"id":"05a096ec-3ec8-468f-b3e1-7702abe3d46f", "isDeleted:":"true", "version":"1729423412017"}}
{"logTime": "1107/154405", "correlationVector":"yt1LLJxiIrPP4aRrQrKpN/.53","action":"GetUpdates", "result":"DeleteReceived", "context":{"id":"188759ff-a995-44a4-a46f-f8f7446f4e3e", "isDeleted:":"true", "version":"1729423412018"}}
{"logTime": "1107/154405", "correlationVector":"yt1LLJxiIrPP4aRrQrKpN/.54","action":"GetUpdates", "result":"DeleteReceived", "context":{"id":"f77075d2-fbd7-42ba-b983-8e2a88218e8f", "isDeleted:":"true", "version":"1729423412019"}}
{"logTime": "1107/154405", "correlationVector":"yt1LLJxiIrPP4aRrQrKpN/.55","action":"GetUpdates", "result":"DeleteReceived", "context":{"id":"6f34ad3a-3bf0-4229-bc0d-1f80f980e815", "isDeleted:":"true", "version":"1729423412021"}}
{"logTime": "1107/154405", "correlationVector":"yt1LLJxiIrPP4aRrQrKpN/.56","action":"GetUpdates", "result":"DeleteReceived", "context":{"id":"a745298d-aaeb-4a55-ac0e-bd3e5916bcf6", "isDeleted:":"true", "version":"1729423412022"}}
{"logTime": "1107/154405", "correlationVector":"yt1LLJxiIrPP4aRrQrKpN/.57","action":"GetUpdates", "result":"DeleteReceived", "context":{"id":"9d2fc144-7977-4a99-aca0-438eebb85c08", "isDeleted:":"true", "version":"1729423601116"}}
{"logTime": "1107/154405", "correlationVector":"yt1LLJxiIrPP4aRrQrKpN/.58","action":"GetUpdates", "result":"DeleteReceived", "context":{"id":"ded9cfab-a02d-4d6f-9bf1-9672c736f504", "isDeleted:":"true", "version":"1729423794265"}}
{"logTime": "1107/154405", "correlationVector":"yt1LLJxiIrPP4aRrQrKpN/.59","action":"GetUpdates", "result":"DeleteReceived", "context":{"id":"8fa1011f-ee0a-4520-bd8f-095c55605fa7", "isDeleted:":"true", "version":"1729423825661"}}
{"logTime": "1107/154405", "correlationVector":"yt1LLJxiIrPP4aRrQrKpN/.60","action":"GetUpdates", "result":"DeleteReceived", "context":{"id":"3042913e-8411-420d-9032-71ac3a76ca1a", "isDeleted:":"true", "version":"1729423870546"}}
{"logTime": "1107/154405", "correlationVector":"yt1LLJxiIrPP4aRrQrKpN/.61","action":"GetUpdates", "result":"DeleteReceived", "context":{"id":"ca64af90-2eb6-4d42-aa84-663740061720", "isDeleted:":"true", "version":"1729424172671"}}
{"logTime": "1107/154405", "correlationVector":"yt1LLJxiIrPP4aRrQrKpN/.62","action":"GetUpdates", "result":"DeleteReceived", "context":{"id":"ad963c3a-9b5b-4d49-af1b-218181da43e3", "isDeleted:":"true", "version":"1729424172674"}}
{"logTime": "1107/154405", "correlationVector":"yt1LLJxiIrPP4aRrQrKpN/.63","action":"GetUpdates", "result":"DeleteReceived", "context":{"id":"95877c4a-527b-40c3-964c-3182a5a7ea8b", "isDeleted:":"true", "version":"1729424424602"}}
{"logTime": "1107/154405", "correlationVector":"yt1LLJxiIrPP4aRrQrKpN/.64","action":"GetUpdates", "result":"DeleteReceived", "context":{"id":"fb3f75b7-95dc-4a88-a1ef-9a4205bde65e", "isDeleted:":"true", "version":"1729424424605"}}
{"logTime": "1107/154405", "correlationVector":"yt1LLJxiIrPP4aRrQrKpN/.65","action":"GetUpdates", "result":"DeleteReceived", "context":{"id":"083aed2b-c70b-4978-8aa6-8f19641650bc", "isDeleted:":"true", "version":"1729424455115"}}
{"logTime": "1107/154405", "correlationVector":"yt1LLJxiIrPP4aRrQrKpN/.66","action":"GetUpdates", "result":"DeleteReceived", "context":{"id":"ee40d481-6793-45c9-99eb-a20129b9545d", "isDeleted:":"true", "version":"1729424556614"}}
{"logTime": "1107/154405", "correlationVector":"yt1LLJxiIrPP4aRrQrKpN/.67","action":"GetUpdates", "result":"DeleteReceived", "context":{"id":"e2889f63-004e-4cd0-ae37-c386d2255c0d", "isDeleted:":"true", "version":"1729424589267"}}
{"logTime": "1107/154405", "correlationVector":"yt1LLJxiIrPP4aRrQrKpN/.68","action":"GetUpdates", "result":"DeleteReceived", "context":{"id":"4d3210ca-629a-4546-a8b3-8cd23a4e1086", "isDeleted:":"true", "version":"1729424744838"}}
{"logTime": "1107/154405", "correlationVector":"yt1LLJxiIrPP4aRrQrKpN/.69","action":"GetUpdates", "result":"DeleteReceived", "context":{"id":"d3c99432-bdd7-4b60-b239-0b710761f7a4", "isDeleted:":"true", "version":"1729424816819"}}
{"logTime": "1107/154405", "correlationVector":"yt1LLJxiIrPP4aRrQrKpN/.70","action":"GetUpdates", "result":"DeleteReceived", "context":{"id":"1194d166-8066-485b-8d64-038d7de6831e", "isDeleted:":"true", "version":"1729424847809"}}
{"logTime": "1107/154405", "correlationVector":"yt1LLJxiIrPP4aRrQrKpN/.71","action":"GetUpdates", "result":"DeleteReceived", "context":{"id":"d0bf211f-7c19-4057-92e2-1e1e37a5d2e6", "isDeleted:":"true", "version":"1729426358691"}}
{"logTime": "1107/154405", "correlationVector":"yt1LLJxiIrPP4aRrQrKpN/.72","action":"GetUpdates", "result":"DeleteReceived", "context":{"id":"177c402d-535d-487c-9ac9-0c0774fdf841", "isDeleted:":"true", "version":"1729426358692"}}
{"logTime": "1107/154405", "correlationVector":"yt1LLJxiIrPP4aRrQrKpN/.73","action":"GetUpdates", "result":"DeleteReceived", "context":{"id":"cafd61e0-4873-4ae3-844c-939687cac523", "isDeleted:":"true", "version":"1729426580561"}}
{"logTime": "1107/154405", "correlationVector":"yt1LLJxiIrPP4aRrQrKpN/.74","action":"GetUpdates", "result":"DeleteReceived", "context":{"id":"2359212e-697b-4cc2-ab93-5a65221fc968", "isDeleted:":"true", "version":"1729427565739"}}
{"logTime": "1107/154405", "correlationVector":"yt1LLJxiIrPP4aRrQrKpN/.75","action":"GetUpdates", "result":"DeleteReceived", "context":{"id":"9c876d7f-a16b-4e67-b494-715408cd95a8", "isDeleted:":"true", "version":"1729427565740"}}
{"logTime": "1107/154405", "correlationVector":"yt1LLJxiIrPP4aRrQrKpN/.76","action":"GetUpdates", "result":"DeleteReceived", "context":{"id":"7cb2b78a-c0c7-42a9-abf0-53c9363cb7a3", "isDeleted:":"true", "version":"1729427821997"}}
{"logTime": "1107/154405", "correlationVector":"yt1LLJxiIrPP4aRrQrKpN/.77","action":"GetUpdates", "result":"DeleteReceived", "context":{"id":"599e3706-0cb0-460e-8f3c-1156cf0277a2", "isDeleted:":"true", "version":"1729431193434"}}
{"logTime": "1107/154405", "correlationVector":"yt1LLJxiIrPP4aRrQrKpN/.78","action":"GetUpdates", "result":"DeleteReceived", "context":{"id":"fbdeb29b-172f-4b1c-a5f5-30aeb0b7af45", "isDeleted:":"true", "version":"1729431302830"}}
{"logTime": "1107/154405", "correlationVector":"yt1LLJxiIrPP4aRrQrKpN/.79","action":"GetUpdates", "result":"DeleteReceived", "context":{"id":"26d6d0fc-81c4-41a6-b8ff-0f7100b79f79", "isDeleted:":"true", "version":"1729431838275"}}
{"logTime": "1107/154405", "correlationVector":"yt1LLJxiIrPP4aRrQrKpN/.80","action":"GetUpdates", "result":"DeleteReceived", "context":{"id":"08380a22-74e5-4cec-acce-0cc293465c45", "isDeleted:":"true", "version":"1729431838276"}}
{"logTime": "1107/154405", "correlationVector":"yt1LLJxiIrPP4aRrQrKpN/.81","action":"GetUpdates", "result":"DeleteReceived", "context":{"id":"908c414f-1e58-4ebf-a715-24f2999877a2", "isDeleted:":"true", "version":"1729432473618"}}
{"logTime": "1107/154405", "correlationVector":"yt1LLJxiIrPP4aRrQrKpN/.82","action":"GetUpdates", "result":"DeleteReceived", "context":{"id":"ca0b0614-cfe3-4917-873f-551e3ce4bbad", "isDeleted:":"true", "version":"1729435697290"}}
{"logTime": "1107/154405", "correlationVector":"yt1LLJxiIrPP4aRrQrKpN/.83","action":"GetUpdates", "result":"DeleteReceived", "context":{"id":"db65441e-a070-447d-83f8-35e22de1628a", "isDeleted:":"true", "version":"1729437536851"}}
{"logTime": "1107/154405", "correlationVector":"yt1LLJxiIrPP4aRrQrKpN/.84","action":"GetUpdates", "result":"DeleteReceived", "context":{"id":"279e6d9c-4379-4eea-b145-e2d1a011f121", "isDeleted:":"true", "version":"1729437536853"}}
{"logTime": "1107/154405", "correlationVector":"yt1LLJxiIrPP4aRrQrKpN/.85","action":"GetUpdates", "result":"DeleteReceived", "context":{"id":"d0c33f5a-16f5-4dc8-9805-6aa87af663a7", "isDeleted:":"true", "version":"1729437536854"}}
{"logTime": "1107/154405", "correlationVector":"yt1LLJxiIrPP4aRrQrKpN/.86","action":"GetUpdates", "result":"DeleteReceived", "context":{"id":"e0333f46-a5f4-4416-ba2b-55c1fd21609a", "isDeleted:":"true", "version":"1729437636520"}}
{"logTime": "1107/154405", "correlationVector":"yt1LLJxiIrPP4aRrQrKpN/.87","action":"GetUpdates", "result":"DeleteReceived", "context":{"id":"bb5eee44-0cf5-461b-81a4-2dd2710d247a", "isDeleted:":"true", "version":"1729437636521"}}
{"logTime": "1107/154405", "correlationVector":"yt1LLJxiIrPP4aRrQrKpN/.88","action":"GetUpdates", "result":"DeleteReceived", "context":{"id":"874d62a9-0f27-4083-a2b2-f9ee0b8b75fd", "isDeleted:":"true", "version":"1729437636522"}}
{"logTime": "1107/154405", "correlationVector":"yt1LLJxiIrPP4aRrQrKpN/.89","action":"GetUpdates", "result":"DeleteReceived", "context":{"id":"4bcb0340-34c0-4c46-92e9-9a06c8558b19", "isDeleted:":"true", "version":"1729437849530"}}
{"logTime": "1107/154405", "correlationVector":"yt1LLJxiIrPP4aRrQrKpN/.90","action":"GetUpdates", "result":"DeleteReceived", "context":{"id":"ea65ece9-9f0e-43fb-9327-510add0d0442", "isDeleted:":"true", "version":"1729437934620"}}
{"logTime": "1107/154405", "correlationVector":"yt1LLJxiIrPP4aRrQrKpN/.91","action":"GetUpdates", "result":"DeleteReceived", "context":{"id":"1da7eaf6-0c8b-4269-b1d8-680c0c08a4f8", "isDeleted:":"true", "version":"1729437934621"}}
{"logTime": "1107/154405", "correlationVector":"yt1LLJxiIrPP4aRrQrKpN/.92","action":"GetUpdates", "result":"DeleteReceived", "context":{"id":"fd88f52d-2cfc-49c3-86e7-0c112aaba9a8", "isDeleted:":"true", "version":"1729437964968"}}
{"logTime": "1107/154405", "correlationVector":"yt1LLJxiIrPP4aRrQrKpN/.93","action":"GetUpdates", "result":"DeleteReceived", "context":{"id":"ee14cf3c-cfba-48f3-8144-593eb054e8af", "isDeleted:":"true", "version":"1729438962825"}}
{"logTime": "1107/154405", "correlationVector":"yt1LLJxiIrPP4aRrQrKpN/.94","action":"GetUpdates", "result":"DeleteReceived", "context":{"id":"d0d83bc5-3b10-4717-8794-cda0eeb32433", "isDeleted:":"true", "version":"1729438962826"}}
{"logTime": "1107/154405", "correlationVector":"yt1LLJxiIrPP4aRrQrKpN/.95","action":"GetUpdates", "result":"DeleteReceived", "context":{"id":"8b55fe97-f0ae-4e80-806e-20a393d7710e", "isDeleted:":"true", "version":"1729439804509"}}
{"logTime": "1107/154405", "correlationVector":"yt1LLJxiIrPP4aRrQrKpN/.96","action":"GetUpdates", "result":"DeleteReceived", "context":{"id":"1a4fd27a-0ca2-4352-9e1b-afbcff759c26", "isDeleted:":"true", "version":"1729440281466"}}
{"logTime": "1107/154405", "correlationVector":"yt1LLJxiIrPP4aRrQrKpN/.97","action":"GetUpdates", "result":"DeleteReceived", "context":{"id":"1520ace0-147b-4693-82eb-6fb3d4598e52", "isDeleted:":"true", "version":"1729440464830"}}
{"logTime": "1107/154405", "correlationVector":"yt1LLJxiIrPP4aRrQrKpN/.98","action":"GetUpdates", "result":"DeleteReceived", "context":{"id":"927cdcde-d3d6-4611-8e56-a049fe4eaac0", "isDeleted:":"true", "version":"1729440464831"}}
{"logTime": "1107/154405", "correlationVector":"yt1LLJxiIrPP4aRrQrKpN/.99","action":"GetUpdates", "result":"DeleteReceived", "context":{"id":"1c2d5907-b8cc-4791-951c-91a684898f8e", "isDeleted:":"true", "version":"1729440748900"}}
{"logTime": "1107/154405", "correlationVector":"yt1LLJxiIrPP4aRrQrKpN/.100","action":"GetUpdates", "result":"DeleteReceived", "context":{"id":"ed30b86d-3ca8-4db8-8a2e-6258d3f6cdba", "isDeleted:":"true", "version":"1729441211027"}}
{"logTime": "1107/154405", "correlationVector":"yt1LLJxiIrPP4aRrQrKpN/.101","action":"GetUpdates", "result":"DeleteReceived", "context":{"id":"5259572e-c0d1-4134-a4ad-18e8192a60fb", "isDeleted:":"true", "version":"1729441661921"}}
{"logTime": "1107/154405", "correlationVector":"yt1LLJxiIrPP4aRrQrKpN/.102","action":"GetUpdates", "result":"DeleteReceived", "context":{"id":"1049c847-be49-437d-98a6-af4158254204", "isDeleted:":"true", "version":"1729441661922"}}
{"logTime": "1107/154405", "correlationVector":"yt1LLJxiIrPP4aRrQrKpN/.103","action":"GetUpdates", "result":"DeleteReceived", "context":{"id":"5e12a347-6327-4559-8920-ea0f55707127", "isDeleted:":"true", "version":"1729442151497"}}
{"logTime": "1107/154405", "correlationVector":"yt1LLJxiIrPP4aRrQrKpN/.104","action":"GetUpdates", "result":"DeleteReceived", "context":{"id":"f2235403-a397-4abe-9a16-1ccdf7406e41", "isDeleted:":"true", "version":"1729442330851"}}
{"logTime": "1107/154405", "correlationVector":"yt1LLJxiIrPP4aRrQrKpN/.105","action":"GetUpdates", "result":"DeleteReceived", "context":{"id":"3d4ab0fb-e68d-495d-a7af-46e3f651d2b0", "isDeleted:":"true", "version":"1729442506787"}}
{"logTime": "1107/154405", "correlationVector":"yt1LLJxiIrPP4aRrQrKpN/.106","action":"GetUpdates", "result":"DeleteReceived", "context":{"id":"eb855a7e-1982-4798-9aba-2f371524314d", "isDeleted:":"true", "version":"1729443179995"}}
{"logTime": "1107/154405", "correlationVector":"yt1LLJxiIrPP4aRrQrKpN/.107","action":"GetUpdates", "result":"DeleteReceived", "context":{"id":"c1be0b90-2d01-4586-9e8f-3464404c4540", "isDeleted:":"true", "version":"1729443977881"}}
{"logTime": "1107/154405", "correlationVector":"yt1LLJxiIrPP4aRrQrKpN/.108","action":"GetUpdates", "result":"DeleteReceived", "context":{"id":"6564af88-1628-407c-b033-4d0f641c67ad", "isDeleted:":"true", "version":"1729444803501"}}
{"logTime": "1107/154405", "correlationVector":"yt1LLJxiIrPP4aRrQrKpN/.109","action":"GetUpdates", "result":"DeleteReceived", "context":{"id":"89cc33a7-aac3-49b2-9761-59180f22e367", "isDeleted:":"true", "version":"1729444803502"}}
{"logTime": "1107/154405", "correlationVector":"yt1LLJxiIrPP4aRrQrKpN/.110","action":"GetUpdates", "result":"DeleteReceived", "context":{"id":"ae2aa284-54f6-4c0a-a8e2-67589d8402cb", "isDeleted:":"true", "version":"1729444803503"}}
{"logTime": "1107/154405", "correlationVector":"yt1LLJxiIrPP4aRrQrKpN/.111","action":"GetUpdates", "result":"DeleteReceived", "context":{"id":"d84a9198-7da1-4be3-a413-89598a715c32", "isDeleted:":"true", "version":"1729482098535"}}
{"logTime": "1107/154405", "correlationVector":"yt1LLJxiIrPP4aRrQrKpN/.112","action":"GetUpdates", "result":"DeleteReceived", "context":{"id":"9bcff898-dbba-4599-8a67-6037b9342db0", "isDeleted:":"true", "version":"1729482098537"}}
{"logTime": "1107/154405", "correlationVector":"yt1LLJxiIrPP4aRrQrKpN/.113","action":"GetUpdates", "result":"DeleteReceived", "context":{"id":"759a70cc-2c52-40dd-b55c-f2bcf46520cd", "isDeleted:":"true", "version":"1729482253095"}}
{"logTime": "1107/154405", "correlationVector":"yt1LLJxiIrPP4aRrQrKpN/.114","action":"GetUpdates", "result":"DeleteReceived", "context":{"id":"8b7196d9-7d88-415e-98f7-bb9d4d404568", "isDeleted:":"true", "version":"1729482643229"}}
{"logTime": "1107/154405", "correlationVector":"yt1LLJxiIrPP4aRrQrKpN/.115","action":"GetUpdates", "result":"DeleteReceived", "context":{"id":"5cef6491-3f71-4d71-a7a1-7daa5f08efca", "isDeleted:":"true", "version":"1729482876226"}}
{"logTime": "1107/154405", "correlationVector":"yt1LLJxiIrPP4aRrQrKpN/.116","action":"GetUpdates", "result":"DeleteReceived", "context":{"id":"dfca481b-0d9e-4144-9fe8-f6fd78d37a92", "isDeleted:":"true", "version":"1729482876228"}}
{"logTime": "1107/154405", "correlationVector":"yt1LLJxiIrPP4aRrQrKpN/.117","action":"GetUpdates", "result":"DeleteReceived", "context":{"id":"06c0b858-8707-4a38-8645-a5538d7041d8", "isDeleted:":"true", "version":"1729482941657"}}
{"logTime": "1107/154405", "correlationVector":"yt1LLJxiIrPP4aRrQrKpN/.118","action":"GetUpdates", "result":"DeleteReceived", "context":{"id":"5943aebd-f090-46f0-8863-401cad0ef554", "isDeleted:":"true", "version":"1729483350909"}}
{"logTime": "1107/154405", "correlationVector":"yt1LLJxiIrPP4aRrQrKpN/.119","action":"GetUpdates", "result":"DeleteReceived", "context":{"id":"44a23a93-1cb0-4746-a671-f69925096cc3", "isDeleted:":"true", "version":"1729483711529"}}
{"logTime": "1107/154405", "correlationVector":"yt1LLJxiIrPP4aRrQrKpN/.120","action":"GetUpdates", "result":"DeleteReceived", "context":{"id":"fa2377d5-c46f-4d7a-a85d-01ef440bf2d1", "isDeleted:":"true", "version":"1729483742828"}}
{"logTime": "1107/154405", "correlationVector":"yt1LLJxiIrPP4aRrQrKpN/.121","action":"GetUpdates", "result":"DeleteReceived", "context":{"id":"3880fcbb-3e74-4af2-a080-0385c55d57da", "isDeleted:":"true", "version":"1729484086845"}}
{"logTime": "1107/154405", "correlationVector":"yt1LLJxiIrPP4aRrQrKpN/.122","action":"GetUpdates", "result":"DeleteReceived", "context":{"id":"49cd63c1-938b-4f2b-bdb6-9013e60a617f", "isDeleted:":"true", "version":"1729484086846"}}
{"logTime": "1107/154405", "correlationVector":"yt1LLJxiIrPP4aRrQrKpN/.123","action":"GetUpdates", "result":"DeleteReceived", "context":{"id":"26cdf62b-e9d9-430c-ad46-ecafb9f6a207", "isDeleted:":"true", "version":"1729486304991"}}
{"logTime": "1107/154405", "correlationVector":"yt1LLJxiIrPP4aRrQrKpN/.124","action":"GetUpdates", "result":"DeleteReceived", "context":{"id":"c7f9e9c4-1ad9-44aa-bd09-0092dcd7e244", "isDeleted:":"true", "version":"1729486736187"}}
{"logTime": "1107/154405", "correlationVector":"yt1LLJxiIrPP4aRrQrKpN/.125","action":"GetUpdates", "result":"DeleteReceived", "context":{"id":"faf08870-e908-4b28-8dc5-e030ddab8b6e", "isDeleted:":"true", "version":"1729486772852"}}
{"logTime": "1107/154405", "correlationVector":"yt1LLJxiIrPP4aRrQrKpN/.126","action":"GetUpdates", "result":"DeleteReceived", "context":{"id":"e9c47716-3f55-4a31-bec1-061d966bcd8c", "isDeleted:":"true", "version":"1729486947563"}}
{"logTime": "1107/154405", "correlationVector":"yt1LLJxiIrPP4aRrQrKpN/.127","action":"GetUpdates", "result":"DeleteReceived", "context":{"id":"87e66cf8-6a89-4c14-81bf-28c36a56804a", "isDeleted:":"true", "version":"1729486980376"}}
{"logTime": "1107/154405", "correlationVector":"yt1LLJxiIrPP4aRrQrKpN/.128","action":"GetUpdates", "result":"DeleteReceived", "context":{"id":"c468528f-7b2d-496f-8c92-de7add98f06b", "isDeleted:":"true", "version":"1729490069560"}}
{"logTime": "1107/154405", "correlationVector":"yt1LLJxiIrPP4aRrQrKpN/.129","action":"GetUpdates", "result":"DeleteReceived", "context":{"id":"f1dbe593-48f7-4678-825c-e3e9eeeba375", "isDeleted:":"true", "version":"1729490069561"}}
{"logTime": "1107/154405", "correlationVector":"yt1LLJxiIrPP4aRrQrKpN/.130","action":"GetUpdates", "result":"DeleteReceived", "context":{"id":"ec6d0a31-9a5e-4a0f-a5fe-84a66c195a6c", "isDeleted:":"true", "version":"1729490069562"}}
{"logTime": "1107/154405", "correlationVector":"yt1LLJxiIrPP4aRrQrKpN/.131","action":"GetUpdates", "result":"DeleteReceived", "context":{"id":"c40fb57b-1b0f-4d6d-9e08-153b40f9a1ad", "isDeleted:":"true", "version":"1729490069563"}}
{"logTime": "1107/154405", "correlationVector":"yt1LLJxiIrPP4aRrQrKpN/.132","action":"GetUpdates Response", "result":"Success", "context":Received 250 update(s). cV=yt1LLJxiIrPP4aRrQrKpN/.0;server=GENERAL01000006;cloudType=Consumer;environment=Prod_SoutheastAsia_000j;migrationStage=NotStarted Some updates remain.}
{"logTime": "1107/154405", "correlationVector":"L58xBbLs177kc9+nHAar4i","action":"Initial GetUpdates", "result":"", "context":Reason: NEWLY_SUPPORTED_DATATYPE. cV=L58xBbLs177kc9+nHAar4i}
