{"logTime": "0928/082120", "correlationVector":"TCeihjpoi68PnFpfXIXO98.1","action":"SyncServerConnectionManagerRequest", "result":"SYNC_SERVER_OK", "context":{"environment":"Prod_SoutheastAsia_000j", "migrationStage":"NotStarted", "server":"GENERAL01000004"}}
{"logTime": "0928/082121", "correlationVector":"4gpph+fvQ3zkCta/8v4brN","action":"SyncServerConnectionManagerRequest", "result":"SYNC_SERVER_OK", "context":{"environment":"", "migrationStage":"", "server":""}}
{"logTime": "0928/082121", "correlationVector":"TCeihjpoi68PnFpfXIXO98","action":"Initial GetUpdates", "result":"", "context":Reason: NEW_CLIENT. cV=TCeihjpoi68PnFpfXIXO98}
{"logTime": "0928/082121", "correlationVector":"TCeihjpoi68PnFpfXIXO98.2","action":"GetUpdates Response", "result":"Success", "context":Received 1 update(s). cV=TCeihjpoi68PnFpfXIXO98.0;server=GENERAL01000004;cloudType=Consumer;environment=Prod_SoutheastAsia_000j;migrationStage=NotStarted}
{"logTime": "0928/082121", "correlationVector":"TLAFerNYYchoisnQY8TgtZ","action":"Initial GetUpdates", "result":"", "context":Reason: NEWLY_SUPPORTED_DATATYPE. cV=TLAFerNYYchoisnQY8TgtZ}
{"logTime": "0928/082122", "correlationVector":"TLAFerNYYchoisnQY8TgtZ.1","action":"SyncServerConnectionManagerRequest", "result":"SYNC_SERVER_OK", "context":{"environment":"Prod_SoutheastAsia_000j", "migrationStage":"NotStarted", "server":"GENERAL0300001A"}}
{"logTime": "0928/082122", "correlationVector":"TLAFerNYYchoisnQY8TgtZ.2","action":"GetUpdates", "result":"DeleteReceived", "context":{"id":"7ccad7c7-4519-458f-9e7a-fd2bb5fd78ba", "isDeleted:":"true", "version":"1697811657122"}}
{"logTime": "0928/082122", "correlationVector":"TLAFerNYYchoisnQY8TgtZ.3","action":"GetUpdates", "result":"DeleteReceived", "context":{"id":"7fca281a-d7ac-40e1-b7c0-063ed49c7687", "isDeleted:":"true", "version":"1697811658243"}}
{"logTime": "0928/082122", "correlationVector":"TLAFerNYYchoisnQY8TgtZ.4","action":"GetUpdates", "result":"DeleteReceived", "context":{"id":"2b40eef9-cb36-4b14-b680-8ac23fe78c40", "isDeleted:":"true", "version":"1697811663316"}}
{"logTime": "0928/082122", "correlationVector":"TLAFerNYYchoisnQY8TgtZ.5","action":"GetUpdates", "result":"DeleteReceived", "context":{"id":"977a23bb-0300-4c8c-afa4-962b996c979e", "isDeleted:":"true", "version":"1697811671646"}}
{"logTime": "0928/082122", "correlationVector":"TLAFerNYYchoisnQY8TgtZ.6","action":"GetUpdates", "result":"DeleteReceived", "context":{"id":"e8870955-6b96-430f-a463-6a94294c4f98", "isDeleted:":"true", "version":"1697811671648"}}
{"logTime": "0928/082122", "correlationVector":"TLAFerNYYchoisnQY8TgtZ.7","action":"GetUpdates", "result":"DeleteReceived", "context":{"id":"7e57c370-fe46-4c49-9522-5d1137dbf8cc", "isDeleted:":"true", "version":"1699278179127"}}
{"logTime": "0928/082122", "correlationVector":"TLAFerNYYchoisnQY8TgtZ.8","action":"GetUpdates", "result":"DeleteReceived", "context":{"id":"b57d33a7-ae6e-402e-9ff9-9ba8535c552e", "isDeleted:":"true", "version":"1699278208417"}}
{"logTime": "0928/082122", "correlationVector":"TLAFerNYYchoisnQY8TgtZ.9","action":"GetUpdates", "result":"DeleteReceived", "context":{"id":"8434af38-6d51-4b77-91fb-b5b13de937cc", "isDeleted:":"true", "version":"1699332095940"}}
{"logTime": "0928/082122", "correlationVector":"TLAFerNYYchoisnQY8TgtZ.10","action":"GetUpdates", "result":"DeleteReceived", "context":{"id":"e987c857-bfdf-4afb-8683-6a8be81e7198", "isDeleted:":"true", "version":"1700383037202"}}
{"logTime": "0928/082122", "correlationVector":"TLAFerNYYchoisnQY8TgtZ.11","action":"GetUpdates", "result":"DeleteReceived", "context":{"id":"4342af2d-d68d-4fad-b46a-0b8064085c16", "isDeleted:":"true", "version":"1700383042564"}}
{"logTime": "0928/082122", "correlationVector":"TLAFerNYYchoisnQY8TgtZ.12","action":"GetUpdates", "result":"DeleteReceived", "context":{"id":"1f4f0d25-5076-4d51-8908-09429db1c327", "isDeleted:":"true", "version":"1700441687310"}}
{"logTime": "0928/082122", "correlationVector":"TLAFerNYYchoisnQY8TgtZ.13","action":"GetUpdates", "result":"DeleteReceived", "context":{"id":"30e725ff-4a3f-425b-a0bd-ffad49b5c10d", "isDeleted:":"true", "version":"1711544697065"}}
{"logTime": "0928/082122", "correlationVector":"TLAFerNYYchoisnQY8TgtZ.14","action":"GetUpdates", "result":"DeleteReceived", "context":{"id":"8f740189-e015-4fa7-b731-7f492cf32bc2", "isDeleted:":"true", "version":"1718003618700"}}
{"logTime": "0928/082122", "correlationVector":"TLAFerNYYchoisnQY8TgtZ.15","action":"GetUpdates", "result":"DeleteReceived", "context":{"id":"825158d3-1e4e-4156-8458-a19db8a4eeb9", "isDeleted:":"true", "version":"1718003619898"}}
{"logTime": "0928/082122", "correlationVector":"TLAFerNYYchoisnQY8TgtZ.16","action":"GetUpdates", "result":"DeleteReceived", "context":{"id":"4cfcb582-a1ff-4dc8-8bfb-a63f8d34db59", "isDeleted:":"true", "version":"1718003620671"}}
{"logTime": "0928/082122", "correlationVector":"TLAFerNYYchoisnQY8TgtZ.17","action":"GetUpdates", "result":"DeleteReceived", "context":{"id":"76dee49f-acb8-4eba-8031-2a85762bd31d", "isDeleted:":"true", "version":"1718003621365"}}
{"logTime": "0928/082122", "correlationVector":"TLAFerNYYchoisnQY8TgtZ.18","action":"GetUpdates", "result":"DeleteReceived", "context":{"id":"bcff6809-93c9-42e2-af74-43916b5eb7df", "isDeleted:":"true", "version":"1718003989462"}}
{"logTime": "0928/082122", "correlationVector":"TLAFerNYYchoisnQY8TgtZ.19","action":"GetUpdates", "result":"DeleteReceived", "context":{"id":"b61bea61-1821-44ea-a10c-8bfb3763f6f4", "isDeleted:":"true", "version":"1718008261717"}}
{"logTime": "0928/082122", "correlationVector":"TLAFerNYYchoisnQY8TgtZ.20","action":"GetUpdates", "result":"DeleteReceived", "context":{"id":"8d0ad549-ec5e-489b-b8ac-1f469db22f96", "isDeleted:":"true", "version":"1718008348980"}}
{"logTime": "0928/082122", "correlationVector":"TLAFerNYYchoisnQY8TgtZ.21","action":"GetUpdates Response", "result":"Success", "context":Received 185 update(s). cV=TLAFerNYYchoisnQY8TgtZ.0;server=GENERAL0300001A;cloudType=Consumer;environment=Prod_SoutheastAsia_000j;migrationStage=NotStarted}
{"logTime": "0928/082122", "correlationVector":"Zp5WqB5z+OMf6FrkCFSAKu","action":"Initial GetUpdates", "result":"", "context":Reason: NEWLY_SUPPORTED_DATATYPE. cV=Zp5WqB5z+OMf6FrkCFSAKu}
{"logTime": "0928/082122", "correlationVector":"Zp5WqB5z+OMf6FrkCFSAKu.1","action":"SyncServerConnectionManagerRequest", "result":"SYNC_SERVER_OK", "context":{"environment":"Prod_SoutheastAsia_000j", "migrationStage":"NotStarted", "server":"GENERAL0100001G"}}
{"logTime": "0928/082122", "correlationVector":"Zp5WqB5z+OMf6FrkCFSAKu.2","action":"GetUpdates", "result":"DeleteReceived", "context":{"id":"eb43a745-5416-4e69-af6e-f8c19b159398", "isDeleted:":"true", "version":"1705239135378"}}
{"logTime": "0928/082122", "correlationVector":"Zp5WqB5z+OMf6FrkCFSAKu.3","action":"GetUpdates", "result":"DeleteReceived", "context":{"id":"f403e175-985b-4a2f-a50e-364821a7ab82", "isDeleted:":"true", "version":"1716295751653"}}
{"logTime": "0928/082122", "correlationVector":"Zp5WqB5z+OMf6FrkCFSAKu.4","action":"GetUpdates Response", "result":"Success", "context":Received 21 update(s). cV=Zp5WqB5z+OMf6FrkCFSAKu.0;server=GENERAL0100001G;cloudType=Consumer;environment=Prod_SoutheastAsia_000j;migrationStage=NotStarted}
{"logTime": "0928/082122", "correlationVector":"bUSav037Qx2H0Q/yJmFk72","action":"Initial GetUpdates", "result":"", "context":Reason: NEWLY_SUPPORTED_DATATYPE. cV=bUSav037Qx2H0Q/yJmFk72}
{"logTime": "0928/082123", "correlationVector":"bUSav037Qx2H0Q/yJmFk72.1","action":"SyncServerConnectionManagerRequest", "result":"SYNC_SERVER_OK", "context":{"environment":"Prod_SoutheastAsia_000j", "migrationStage":"NotStarted", "server":"GENERAL01000009"}}
{"logTime": "0928/082123", "correlationVector":"bUSav037Qx2H0Q/yJmFk72.2","action":"GetUpdates", "result":"DeleteReceived", "context":{"id":"8b37447f-e712-4393-b4e6-105434799e37", "isDeleted:":"true", "version":"1719918174010"}}
{"logTime": "0928/082123", "correlationVector":"bUSav037Qx2H0Q/yJmFk72.3","action":"GetUpdates", "result":"DeleteReceived", "context":{"id":"f8e614cb-c80a-4370-bb6a-f16621f2a41b", "isDeleted:":"true", "version":"1719792790698"}}
{"logTime": "0928/082123", "correlationVector":"bUSav037Qx2H0Q/yJmFk72.4","action":"GetUpdates", "result":"DeleteReceived", "context":{"id":"d24ec17e-bb5d-4ff9-be65-9ae759ccf202", "isDeleted:":"true", "version":"1719792790699"}}
{"logTime": "0928/082123", "correlationVector":"bUSav037Qx2H0Q/yJmFk72.5","action":"GetUpdates", "result":"DeleteReceived", "context":{"id":"19582972-b3fd-4fef-891c-88d1824ff3fb", "isDeleted:":"true", "version":"1719792790701"}}
{"logTime": "0928/082123", "correlationVector":"bUSav037Qx2H0Q/yJmFk72.6","action":"GetUpdates", "result":"DeleteReceived", "context":{"id":"75ab748b-3043-4bd0-b17d-2e86465babf9", "isDeleted:":"true", "version":"1719793356205"}}
{"logTime": "0928/082123", "correlationVector":"bUSav037Qx2H0Q/yJmFk72.7","action":"GetUpdates", "result":"DeleteReceived", "context":{"id":"53cfd9a1-6e8b-4cd6-8574-53ea48edb180", "isDeleted:":"true", "version":"1719793402615"}}
{"logTime": "0928/082123", "correlationVector":"bUSav037Qx2H0Q/yJmFk72.8","action":"GetUpdates", "result":"DeleteReceived", "context":{"id":"1c8a0389-3a5e-4413-b887-dbf9e7fca4ba", "isDeleted:":"true", "version":"1719797003636"}}
{"logTime": "0928/082123", "correlationVector":"bUSav037Qx2H0Q/yJmFk72.9","action":"GetUpdates", "result":"DeleteReceived", "context":{"id":"5f51545d-ce8f-4558-8f1c-a09f31a60631", "isDeleted:":"true", "version":"1719797003637"}}
{"logTime": "0928/082123", "correlationVector":"bUSav037Qx2H0Q/yJmFk72.10","action":"GetUpdates", "result":"DeleteReceived", "context":{"id":"67f4c7a9-acd1-4e04-a342-8ed72c90f318", "isDeleted:":"true", "version":"1719797003639"}}
{"logTime": "0928/082123", "correlationVector":"bUSav037Qx2H0Q/yJmFk72.11","action":"GetUpdates", "result":"DeleteReceived", "context":{"id":"be6ee725-2339-43b0-a87f-bf898a0830a6", "isDeleted:":"true", "version":"1719797003640"}}
{"logTime": "0928/082123", "correlationVector":"bUSav037Qx2H0Q/yJmFk72.12","action":"GetUpdates", "result":"DeleteReceived", "context":{"id":"88b39c5d-2be7-436e-8758-a11c99b1eb01", "isDeleted:":"true", "version":"1719846656018"}}
{"logTime": "0928/082123", "correlationVector":"bUSav037Qx2H0Q/yJmFk72.13","action":"GetUpdates", "result":"DeleteReceived", "context":{"id":"6df81458-498a-4193-bbe0-b4a6032c6155", "isDeleted:":"true", "version":"1719846656019"}}
{"logTime": "0928/082123", "correlationVector":"bUSav037Qx2H0Q/yJmFk72.14","action":"GetUpdates", "result":"DeleteReceived", "context":{"id":"2f9a57be-3211-4e9c-9f2c-a23f44c6cb34", "isDeleted:":"true", "version":"1719846656021"}}
{"logTime": "0928/082123", "correlationVector":"bUSav037Qx2H0Q/yJmFk72.15","action":"GetUpdates", "result":"DeleteReceived", "context":{"id":"86afe9e1-4ccc-4cef-a657-f1df8e0ab923", "isDeleted:":"true", "version":"1719850495939"}}
{"logTime": "0928/082123", "correlationVector":"bUSav037Qx2H0Q/yJmFk72.16","action":"GetUpdates", "result":"DeleteReceived", "context":{"id":"74771d49-8b25-4c5f-99ae-7cb213666328", "isDeleted:":"true", "version":"1719923029838"}}
{"logTime": "0928/082123", "correlationVector":"bUSav037Qx2H0Q/yJmFk72.17","action":"GetUpdates", "result":"DeleteReceived", "context":{"id":"4978ec1b-99d0-41cb-8305-a62efbad5aa0", "isDeleted:":"true", "version":"1719937060428"}}
{"logTime": "0928/082123", "correlationVector":"bUSav037Qx2H0Q/yJmFk72.18","action":"GetUpdates", "result":"DeleteReceived", "context":{"id":"bb4ad810-0669-43fa-9db0-3e763c809720", "isDeleted:":"true", "version":"1719937236805"}}
{"logTime": "0928/082123", "correlationVector":"bUSav037Qx2H0Q/yJmFk72.19","action":"GetUpdates", "result":"DeleteReceived", "context":{"id":"e3dc3e4f-dfb2-46cf-97d6-255953929c74", "isDeleted:":"true", "version":"1719937236806"}}
{"logTime": "0928/082123", "correlationVector":"bUSav037Qx2H0Q/yJmFk72.20","action":"GetUpdates", "result":"DeleteReceived", "context":{"id":"17d49164-a331-42cf-a77b-2b3be08f8e4f", "isDeleted:":"true", "version":"1719937236807"}}
{"logTime": "0928/082123", "correlationVector":"bUSav037Qx2H0Q/yJmFk72.21","action":"GetUpdates", "result":"DeleteReceived", "context":{"id":"320eb84b-b6cf-4fc3-bc42-6257a1708850", "isDeleted:":"true", "version":"1719937236808"}}
{"logTime": "0928/082123", "correlationVector":"bUSav037Qx2H0Q/yJmFk72.22","action":"GetUpdates", "result":"DeleteReceived", "context":{"id":"1d344479-dfba-4fbe-9249-8328c7d9ac95", "isDeleted:":"true", "version":"1719937236809"}}
{"logTime": "0928/082123", "correlationVector":"bUSav037Qx2H0Q/yJmFk72.23","action":"GetUpdates", "result":"DeleteReceived", "context":{"id":"bab632d9-4acd-4b8a-a87c-a5f5948a68c6", "isDeleted:":"true", "version":"1719937236810"}}
{"logTime": "0928/082123", "correlationVector":"bUSav037Qx2H0Q/yJmFk72.24","action":"GetUpdates", "result":"DeleteReceived", "context":{"id":"0522c6ab-8cf5-47ac-b704-b8dd050f7045", "isDeleted:":"true", "version":"1719937236811"}}
{"logTime": "0928/082123", "correlationVector":"bUSav037Qx2H0Q/yJmFk72.25","action":"GetUpdates", "result":"DeleteReceived", "context":{"id":"fa080468-1095-46b3-b742-4574a316789d", "isDeleted:":"true", "version":"1719937236812"}}
{"logTime": "0928/082123", "correlationVector":"bUSav037Qx2H0Q/yJmFk72.26","action":"GetUpdates", "result":"DeleteReceived", "context":{"id":"ef8d6322-38dc-4582-bb8f-455ce47941f9", "isDeleted:":"true", "version":"1719937236813"}}
{"logTime": "0928/082123", "correlationVector":"bUSav037Qx2H0Q/yJmFk72.27","action":"GetUpdates", "result":"DeleteReceived", "context":{"id":"51d0f5fe-0cda-4baf-890d-aefd109d72d2", "isDeleted:":"true", "version":"1719937236814"}}
{"logTime": "0928/082123", "correlationVector":"bUSav037Qx2H0Q/yJmFk72.28","action":"GetUpdates", "result":"DeleteReceived", "context":{"id":"c136f914-ff78-4d71-8e6d-b8d918869e9a", "isDeleted:":"true", "version":"1720145204699"}}
{"logTime": "0928/082123", "correlationVector":"bUSav037Qx2H0Q/yJmFk72.29","action":"GetUpdates", "result":"DeleteReceived", "context":{"id":"fec29f53-7f19-49c2-85df-57387f5d642e", "isDeleted:":"true", "version":"1720145204702"}}
{"logTime": "0928/082123", "correlationVector":"bUSav037Qx2H0Q/yJmFk72.30","action":"GetUpdates", "result":"DeleteReceived", "context":{"id":"bd549d01-4fc6-4780-8796-04f7de59c441", "isDeleted:":"true", "version":"1720145843145"}}
{"logTime": "0928/082123", "correlationVector":"bUSav037Qx2H0Q/yJmFk72.31","action":"GetUpdates", "result":"DeleteReceived", "context":{"id":"bca61c52-1402-44f1-889a-42b74fe56552", "isDeleted:":"true", "version":"1720145843146"}}
{"logTime": "0928/082123", "correlationVector":"bUSav037Qx2H0Q/yJmFk72.32","action":"GetUpdates", "result":"DeleteReceived", "context":{"id":"a5080c72-ee1b-4c7d-acec-39dd1f17e972", "isDeleted:":"true", "version":"1720145843148"}}
{"logTime": "0928/082123", "correlationVector":"bUSav037Qx2H0Q/yJmFk72.33","action":"GetUpdates", "result":"DeleteReceived", "context":{"id":"36e748cd-fd30-462a-80e9-473b30c5f98c", "isDeleted:":"true", "version":"1720145843149"}}
{"logTime": "0928/082123", "correlationVector":"bUSav037Qx2H0Q/yJmFk72.34","action":"GetUpdates", "result":"DeleteReceived", "context":{"id":"ef454efc-fd27-4673-b595-2cc19603ca87", "isDeleted:":"true", "version":"1720147340915"}}
{"logTime": "0928/082123", "correlationVector":"bUSav037Qx2H0Q/yJmFk72.35","action":"GetUpdates", "result":"DeleteReceived", "context":{"id":"ff155b01-2cd9-43f3-82e6-bdefacd5de6d", "isDeleted:":"true", "version":"1720352130381"}}
{"logTime": "0928/082123", "correlationVector":"bUSav037Qx2H0Q/yJmFk72.36","action":"GetUpdates", "result":"DeleteReceived", "context":{"id":"7686d6f0-bb85-4166-8513-1ccebb9f7da0", "isDeleted:":"true", "version":"1720352130383"}}
{"logTime": "0928/082123", "correlationVector":"bUSav037Qx2H0Q/yJmFk72.37","action":"GetUpdates", "result":"DeleteReceived", "context":{"id":"9b40b795-30fa-422b-a82a-1f35ab3e1711", "isDeleted:":"true", "version":"1720352993842"}}
{"logTime": "0928/082123", "correlationVector":"bUSav037Qx2H0Q/yJmFk72.38","action":"GetUpdates", "result":"DeleteReceived", "context":{"id":"91e559a5-6945-4c82-936c-23ebccf0e051", "isDeleted:":"true", "version":"1720354232209"}}
{"logTime": "0928/082123", "correlationVector":"bUSav037Qx2H0Q/yJmFk72.39","action":"GetUpdates", "result":"DeleteReceived", "context":{"id":"b59ce8ce-8ede-4150-9562-c619855067c5", "isDeleted:":"true", "version":"1720354254254"}}
{"logTime": "0928/082123", "correlationVector":"bUSav037Qx2H0Q/yJmFk72.40","action":"GetUpdates", "result":"DeleteReceived", "context":{"id":"5b7672ad-ab4c-4227-bc90-e53f33dfb3cd", "isDeleted:":"true", "version":"1720354254255"}}
{"logTime": "0928/082123", "correlationVector":"bUSav037Qx2H0Q/yJmFk72.41","action":"GetUpdates", "result":"DeleteReceived", "context":{"id":"d5a3a31b-8139-4f87-b514-36351ab72132", "isDeleted:":"true", "version":"1720354254257"}}
{"logTime": "0928/082123", "correlationVector":"bUSav037Qx2H0Q/yJmFk72.42","action":"GetUpdates", "result":"DeleteReceived", "context":{"id":"dfdb2081-059b-4c5f-9fa2-d22f72e9a377", "isDeleted:":"true", "version":"1720399055190"}}
{"logTime": "0928/082123", "correlationVector":"bUSav037Qx2H0Q/yJmFk72.43","action":"GetUpdates", "result":"DeleteReceived", "context":{"id":"88e4d40e-ca88-4260-be38-129c442002ed", "isDeleted:":"true", "version":"1720399055191"}}
{"logTime": "0928/082123", "correlationVector":"bUSav037Qx2H0Q/yJmFk72.44","action":"GetUpdates", "result":"DeleteReceived", "context":{"id":"4fc43544-5716-48a7-b8a8-21e88f30de92", "isDeleted:":"true", "version":"1720399055193"}}
{"logTime": "0928/082123", "correlationVector":"bUSav037Qx2H0Q/yJmFk72.45","action":"GetUpdates", "result":"DeleteReceived", "context":{"id":"242d562d-83fb-45a2-9f3b-a572c61c3aed", "isDeleted:":"true", "version":"1720531171066"}}
{"logTime": "0928/082123", "correlationVector":"bUSav037Qx2H0Q/yJmFk72.46","action":"GetUpdates", "result":"DeleteReceived", "context":{"id":"6cf0a156-9747-44e2-81ef-8cb4589e71c1", "isDeleted:":"true", "version":"1720531171068"}}
{"logTime": "0928/082123", "correlationVector":"bUSav037Qx2H0Q/yJmFk72.47","action":"GetUpdates", "result":"DeleteReceived", "context":{"id":"a05dc713-3412-4664-a99e-69700257965f", "isDeleted:":"true", "version":"1720736863859"}}
{"logTime": "0928/082123", "correlationVector":"bUSav037Qx2H0Q/yJmFk72.48","action":"GetUpdates", "result":"DeleteReceived", "context":{"id":"85b90bb9-3a3b-46b9-ae39-79e9dcf91d11", "isDeleted:":"true", "version":"1720736863861"}}
{"logTime": "0928/082123", "correlationVector":"bUSav037Qx2H0Q/yJmFk72.49","action":"GetUpdates", "result":"DeleteReceived", "context":{"id":"493d7622-f3de-4715-a9e3-1651b979fe15", "isDeleted:":"true", "version":"1720737033474"}}
{"logTime": "0928/082123", "correlationVector":"bUSav037Qx2H0Q/yJmFk72.50","action":"GetUpdates", "result":"DeleteReceived", "context":{"id":"6a1b528f-82a9-427c-a8e0-1a455c2cbb68", "isDeleted:":"true", "version":"1720737033476"}}
{"logTime": "0928/082123", "correlationVector":"bUSav037Qx2H0Q/yJmFk72.51","action":"GetUpdates", "result":"DeleteReceived", "context":{"id":"1b0d68a6-fe41-4fee-8e1f-341c8753f251", "isDeleted:":"true", "version":"1720738503606"}}
{"logTime": "0928/082123", "correlationVector":"bUSav037Qx2H0Q/yJmFk72.52","action":"GetUpdates", "result":"DeleteReceived", "context":{"id":"042e54ac-75df-4350-a2bf-8767341ea8a6", "isDeleted:":"true", "version":"1720738700010"}}
{"logTime": "0928/082123", "correlationVector":"bUSav037Qx2H0Q/yJmFk72.53","action":"GetUpdates", "result":"DeleteReceived", "context":{"id":"2879bd23-218b-4f84-a922-f86427dbdb48", "isDeleted:":"true", "version":"1720738700011"}}
{"logTime": "0928/082123", "correlationVector":"bUSav037Qx2H0Q/yJmFk72.54","action":"GetUpdates", "result":"DeleteReceived", "context":{"id":"dd8e9c7a-c33e-47d8-be05-1d9c41d66e95", "isDeleted:":"true", "version":"1720749702160"}}
{"logTime": "0928/082123", "correlationVector":"bUSav037Qx2H0Q/yJmFk72.55","action":"GetUpdates", "result":"DeleteReceived", "context":{"id":"7c20d0ec-f618-44c8-b8c1-da1b8be533fc", "isDeleted:":"true", "version":"1720750004806"}}
{"logTime": "0928/082123", "correlationVector":"bUSav037Qx2H0Q/yJmFk72.56","action":"GetUpdates", "result":"DeleteReceived", "context":{"id":"5e332cd0-ce79-4684-97d1-ebead4e9634c", "isDeleted:":"true", "version":"1720750004808"}}
{"logTime": "0928/082123", "correlationVector":"bUSav037Qx2H0Q/yJmFk72.57","action":"GetUpdates", "result":"DeleteReceived", "context":{"id":"b17777e6-7eec-4f65-a24c-dc6f648f63fc", "isDeleted:":"true", "version":"1720750004809"}}
{"logTime": "0928/082123", "correlationVector":"bUSav037Qx2H0Q/yJmFk72.58","action":"GetUpdates", "result":"DeleteReceived", "context":{"id":"c75ad278-bc47-43d5-8463-4b44cf6190dc", "isDeleted:":"true", "version":"1720751997983"}}
{"logTime": "0928/082123", "correlationVector":"bUSav037Qx2H0Q/yJmFk72.59","action":"GetUpdates", "result":"DeleteReceived", "context":{"id":"b670e261-76a7-4e7f-8f47-507234d77f75", "isDeleted:":"true", "version":"1720751997988"}}
{"logTime": "0928/082123", "correlationVector":"bUSav037Qx2H0Q/yJmFk72.60","action":"GetUpdates", "result":"DeleteReceived", "context":{"id":"e2ca9072-4bcc-4c4f-b50f-cbe1b710e90e", "isDeleted:":"true", "version":"1720767242618"}}
{"logTime": "0928/082123", "correlationVector":"bUSav037Qx2H0Q/yJmFk72.61","action":"GetUpdates", "result":"DeleteReceived", "context":{"id":"02fdecc5-e236-4da1-9b90-e3926caab196", "isDeleted:":"true", "version":"1720767242619"}}
{"logTime": "0928/082123", "correlationVector":"bUSav037Qx2H0Q/yJmFk72.62","action":"GetUpdates", "result":"DeleteReceived", "context":{"id":"4cb21236-c49e-4485-858b-aeccbdf9e6cf", "isDeleted:":"true", "version":"1720767242621"}}
{"logTime": "0928/082123", "correlationVector":"bUSav037Qx2H0Q/yJmFk72.63","action":"GetUpdates", "result":"DeleteReceived", "context":{"id":"290fefd0-6527-4dc6-83b6-c366a4ff3021", "isDeleted:":"true", "version":"1720768403324"}}
{"logTime": "0928/082123", "correlationVector":"bUSav037Qx2H0Q/yJmFk72.64","action":"GetUpdates Response", "result":"Success", "context":Received 250 update(s). cV=bUSav037Qx2H0Q/yJmFk72.0;server=GENERAL01000009;cloudType=Consumer;environment=Prod_SoutheastAsia_000j;migrationStage=NotStarted Some updates remain.}
{"logTime": "0928/082123", "correlationVector":"9FpOoU8Igj0tPAmYy6+hyz","action":"Initial GetUpdates", "result":"", "context":Reason: NEWLY_SUPPORTED_DATATYPE. cV=9FpOoU8Igj0tPAmYy6+hyz}
{"logTime": "0928/082124", "correlationVector":"9FpOoU8Igj0tPAmYy6+hyz.1","action":"SyncServerConnectionManagerRequest", "result":"SYNC_SERVER_OK", "context":{"environment":"Prod_SoutheastAsia_000j", "migrationStage":"NotStarted", "server":"GENERAL01000018"}}
{"logTime": "0928/082124", "correlationVector":"9FpOoU8Igj0tPAmYy6+hyz.2","action":"GetUpdates Response", "result":"Success", "context":Received 250 update(s). cV=9FpOoU8Igj0tPAmYy6+hyz.0;server=GENERAL01000018;cloudType=Consumer;environment=Prod_SoutheastAsia_000j;migrationStage=NotStarted Some updates remain.}
{"logTime": "0928/082124", "correlationVector":"PukKgurCvZVMPGemjoosnX","action":"Initial GetUpdates", "result":"", "context":Reason: NEWLY_SUPPORTED_DATATYPE. cV=PukKgurCvZVMPGemjoosnX}
{"logTime": "0928/082124", "correlationVector":"PukKgurCvZVMPGemjoosnX.1","action":"SyncServerConnectionManagerRequest", "result":"SYNC_SERVER_OK", "context":{"environment":"Prod_SoutheastAsia_000j", "migrationStage":"NotStarted", "server":"GENERAL01000014"}}
{"logTime": "0928/082124", "correlationVector":"PukKgurCvZVMPGemjoosnX.2","action":"GetUpdates Response", "result":"Success", "context":Received 250 update(s). cV=PukKgurCvZVMPGemjoosnX.0;server=GENERAL01000014;cloudType=Consumer;environment=Prod_SoutheastAsia_000j;migrationStage=NotStarted Some updates remain.}
{"logTime": "0928/082124", "correlationVector":"HOdf1xXFXi1Z3aCf8739hd","action":"Initial GetUpdates", "result":"", "context":Reason: NEWLY_SUPPORTED_DATATYPE. cV=HOdf1xXFXi1Z3aCf8739hd}
{"logTime": "0928/082126", "correlationVector":"HOdf1xXFXi1Z3aCf8739hd.1","action":"SyncServerConnectionManagerRequest", "result":"SYNC_SERVER_OK", "context":{"environment":"Prod_SoutheastAsia_000j", "migrationStage":"NotStarted", "server":"GENERAL01000006"}}
{"logTime": "0928/082126", "correlationVector":"HOdf1xXFXi1Z3aCf8739hd.2","action":"GetUpdates Response", "result":"Success", "context":Received 250 update(s). cV=HOdf1xXFXi1Z3aCf8739hd.0;server=GENERAL01000006;cloudType=Consumer;environment=Prod_SoutheastAsia_000j;migrationStage=NotStarted Some updates remain.}
{"logTime": "0928/082126", "correlationVector":"pIhNKMn/1ItMa5aVgLRp7p","action":"Initial GetUpdates", "result":"", "context":Reason: NEWLY_SUPPORTED_DATATYPE. cV=pIhNKMn/1ItMa5aVgLRp7p}
{"logTime": "0928/082129", "correlationVector":"pIhNKMn/1ItMa5aVgLRp7p.1","action":"SyncServerConnectionManagerRequest", "result":"SYNC_SERVER_OK", "context":{"environment":"Prod_SoutheastAsia_000j", "migrationStage":"NotStarted", "server":"GENERAL0100000Q"}}
{"logTime": "0928/082129", "correlationVector":"pIhNKMn/1ItMa5aVgLRp7p.2","action":"GetUpdates Response", "result":"Success", "context":Received 250 update(s). cV=pIhNKMn/1ItMa5aVgLRp7p.0;server=GENERAL0100000Q;cloudType=Consumer;environment=Prod_SoutheastAsia_000j;migrationStage=NotStarted Some updates remain.}
{"logTime": "0928/082129", "correlationVector":"DRpgsns0Ip/VJjN+QAYK9y","action":"Initial GetUpdates", "result":"", "context":Reason: NEWLY_SUPPORTED_DATATYPE. cV=DRpgsns0Ip/VJjN+QAYK9y}
{"logTime": "0928/082132", "correlationVector":"DRpgsns0Ip/VJjN+QAYK9y.1","action":"SyncServerConnectionManagerRequest", "result":"SYNC_SERVER_OK", "context":{"environment":"Prod_SoutheastAsia_000j", "migrationStage":"NotStarted", "server":"GENERAL0300000U"}}
{"logTime": "0928/082132", "correlationVector":"DRpgsns0Ip/VJjN+QAYK9y.2","action":"GetUpdates", "result":"DeleteReceived", "context":{"id":"34acf09a-9b42-48d1-bfb6-a705e893115e", "isDeleted:":"true", "version":"1722653573840"}}
{"logTime": "0928/082132", "correlationVector":"DRpgsns0Ip/VJjN+QAYK9y.3","action":"GetUpdates", "result":"DeleteReceived", "context":{"id":"a508e9a4-c398-4d53-9605-4ce9e2aa5cc8", "isDeleted:":"true", "version":"1720958851549"}}
{"logTime": "0928/082132", "correlationVector":"DRpgsns0Ip/VJjN+QAYK9y.4","action":"GetUpdates", "result":"DeleteReceived", "context":{"id":"3bd14b74-3e83-436f-bb9f-2d5df1ca3fb3", "isDeleted:":"true", "version":"1720960139234"}}
{"logTime": "0928/082132", "correlationVector":"DRpgsns0Ip/VJjN+QAYK9y.5","action":"GetUpdates", "result":"DeleteReceived", "context":{"id":"db39cfad-56ab-40c2-a315-c06256be39dc", "isDeleted:":"true", "version":"1721006048011"}}
{"logTime": "0928/082132", "correlationVector":"DRpgsns0Ip/VJjN+QAYK9y.6","action":"GetUpdates", "result":"DeleteReceived", "context":{"id":"b0308937-0c9c-489c-950f-29029b7be681", "isDeleted:":"true", "version":"1721009391149"}}
{"logTime": "0928/082132", "correlationVector":"DRpgsns0Ip/VJjN+QAYK9y.7","action":"GetUpdates", "result":"DeleteReceived", "context":{"id":"53b0bc43-0d2b-4553-b66f-c2712e7539a5", "isDeleted:":"true", "version":"1721012652699"}}
{"logTime": "0928/082132", "correlationVector":"DRpgsns0Ip/VJjN+QAYK9y.8","action":"GetUpdates", "result":"DeleteReceived", "context":{"id":"addfb8ac-66ef-410a-b599-d046432125f3", "isDeleted:":"true", "version":"1721133237166"}}
{"logTime": "0928/082132", "correlationVector":"DRpgsns0Ip/VJjN+QAYK9y.9","action":"GetUpdates", "result":"DeleteReceived", "context":{"id":"7f55c8db-38c8-4408-ad72-163173d92b5e", "isDeleted:":"true", "version":"1721133237167"}}
{"logTime": "0928/082132", "correlationVector":"DRpgsns0Ip/VJjN+QAYK9y.10","action":"GetUpdates", "result":"DeleteReceived", "context":{"id":"f90860e8-39d3-45b9-a353-61f2bd2891dc", "isDeleted:":"true", "version":"1721133237169"}}
{"logTime": "0928/082132", "correlationVector":"DRpgsns0Ip/VJjN+QAYK9y.11","action":"GetUpdates", "result":"DeleteReceived", "context":{"id":"2f638540-36f1-40f1-bc5c-c2f6688214ec", "isDeleted:":"true", "version":"1721142640918"}}
{"logTime": "0928/082132", "correlationVector":"DRpgsns0Ip/VJjN+QAYK9y.12","action":"GetUpdates", "result":"DeleteReceived", "context":{"id":"c98e5d5e-017b-4f76-9219-48238b199d2e", "isDeleted:":"true", "version":"1722653567345"}}
{"logTime": "0928/082132", "correlationVector":"DRpgsns0Ip/VJjN+QAYK9y.13","action":"GetUpdates", "result":"DeleteReceived", "context":{"id":"7ed31fa4-3a9e-4394-b5f9-dfee3277aad8", "isDeleted:":"true", "version":"1722653567346"}}
{"logTime": "0928/082132", "correlationVector":"DRpgsns0Ip/VJjN+QAYK9y.14","action":"GetUpdates", "result":"DeleteReceived", "context":{"id":"f422fe75-d75a-48a8-af88-eb530b93b508", "isDeleted:":"true", "version":"1722653567349"}}
{"logTime": "0928/082132", "correlationVector":"DRpgsns0Ip/VJjN+QAYK9y.15","action":"GetUpdates", "result":"DeleteReceived", "context":{"id":"0c029c44-e5c8-4da8-8d80-9b00ab193fd2", "isDeleted:":"true", "version":"1722653567350"}}
{"logTime": "0928/082132", "correlationVector":"DRpgsns0Ip/VJjN+QAYK9y.16","action":"GetUpdates", "result":"DeleteReceived", "context":{"id":"a9cbfa66-4578-41e2-8557-6b6c6aa25f6a", "isDeleted:":"true", "version":"1722653622760"}}
{"logTime": "0928/082132", "correlationVector":"DRpgsns0Ip/VJjN+QAYK9y.17","action":"GetUpdates", "result":"DeleteReceived", "context":{"id":"2a84009a-20d8-4d8d-a0b5-07a4be590c65", "isDeleted:":"true", "version":"1722685840641"}}
{"logTime": "0928/082132", "correlationVector":"DRpgsns0Ip/VJjN+QAYK9y.18","action":"GetUpdates Response", "result":"Success", "context":Received 250 update(s). cV=DRpgsns0Ip/VJjN+QAYK9y.0;server=GENERAL0300000U;cloudType=Consumer;environment=Prod_SoutheastAsia_000j;migrationStage=NotStarted Some updates remain.}
{"logTime": "0928/082132", "correlationVector":"ld2qJ8cp8djD+eaTAeIo/F","action":"Initial GetUpdates", "result":"", "context":Reason: NEWLY_SUPPORTED_DATATYPE. cV=ld2qJ8cp8djD+eaTAeIo/F}
{"logTime": "0928/082133", "correlationVector":"ld2qJ8cp8djD+eaTAeIo/F.1","action":"SyncServerConnectionManagerRequest", "result":"SYNC_SERVER_OK", "context":{"environment":"Prod_SoutheastAsia_000j", "migrationStage":"NotStarted", "server":"GENERAL0300001V"}}
{"logTime": "0928/082133", "correlationVector":"ld2qJ8cp8djD+eaTAeIo/F.2","action":"GetUpdates", "result":"DeleteReceived", "context":{"id":"68b6d2e8-a9c7-4226-ad3f-16230e7d8ecf", "isDeleted:":"true", "version":"1723985189730"}}
{"logTime": "0928/082133", "correlationVector":"ld2qJ8cp8djD+eaTAeIo/F.3","action":"GetUpdates", "result":"DeleteReceived", "context":{"id":"c75c5b3b-34e2-4af0-a034-5de7e3ee02db", "isDeleted:":"true", "version":"1722938047370"}}
{"logTime": "0928/082133", "correlationVector":"ld2qJ8cp8djD+eaTAeIo/F.4","action":"GetUpdates", "result":"DeleteReceived", "context":{"id":"bfef60dd-de85-4064-927a-8c3084de707f", "isDeleted:":"true", "version":"1722938047371"}}
{"logTime": "0928/082133", "correlationVector":"ld2qJ8cp8djD+eaTAeIo/F.5","action":"GetUpdates", "result":"DeleteReceived", "context":{"id":"1c75cbd8-ac1a-4701-a6aa-e4630ed131e3", "isDeleted:":"true", "version":"1723172763663"}}
{"logTime": "0928/082133", "correlationVector":"ld2qJ8cp8djD+eaTAeIo/F.6","action":"GetUpdates", "result":"DeleteReceived", "context":{"id":"713ac20e-5257-42fe-8da2-a0d2e6c986ee", "isDeleted:":"true", "version":"1723172763664"}}
{"logTime": "0928/082133", "correlationVector":"ld2qJ8cp8djD+eaTAeIo/F.7","action":"GetUpdates", "result":"DeleteReceived", "context":{"id":"6292e684-2adb-459a-8356-5ac47c8b0069", "isDeleted:":"true", "version":"1723511843030"}}
{"logTime": "0928/082133", "correlationVector":"ld2qJ8cp8djD+eaTAeIo/F.8","action":"GetUpdates", "result":"DeleteReceived", "context":{"id":"e0f1c68c-2e9b-4f1e-b960-1ae86a8037f9", "isDeleted:":"true", "version":"1723512329414"}}
{"logTime": "0928/082133", "correlationVector":"ld2qJ8cp8djD+eaTAeIo/F.9","action":"GetUpdates", "result":"DeleteReceived", "context":{"id":"6ecc4f76-b550-4e85-a663-38f6c1552ab7", "isDeleted:":"true", "version":"1723512329415"}}
{"logTime": "0928/082133", "correlationVector":"ld2qJ8cp8djD+eaTAeIo/F.10","action":"GetUpdates", "result":"DeleteReceived", "context":{"id":"2c8548e6-705b-47a4-94a1-a41b9c3d26c3", "isDeleted:":"true", "version":"1723512329416"}}
{"logTime": "0928/082133", "correlationVector":"ld2qJ8cp8djD+eaTAeIo/F.11","action":"GetUpdates", "result":"DeleteReceived", "context":{"id":"5ae01128-aff6-4ef1-aac6-749a1b1cb4fa", "isDeleted:":"true", "version":"1723512329418"}}
{"logTime": "0928/082133", "correlationVector":"ld2qJ8cp8djD+eaTAeIo/F.12","action":"GetUpdates", "result":"DeleteReceived", "context":{"id":"138233fe-750e-4365-87e5-f6531e54a9e4", "isDeleted:":"true", "version":"1723512805966"}}
{"logTime": "0928/082133", "correlationVector":"ld2qJ8cp8djD+eaTAeIo/F.13","action":"GetUpdates", "result":"DeleteReceived", "context":{"id":"454d2a06-e803-4c44-9168-94c2ffd1a660", "isDeleted:":"true", "version":"1723512819416"}}
{"logTime": "0928/082133", "correlationVector":"ld2qJ8cp8djD+eaTAeIo/F.14","action":"GetUpdates", "result":"DeleteReceived", "context":{"id":"e792eb96-39b8-4ae4-ad41-44f6b96f3fc8", "isDeleted:":"true", "version":"1723513157308"}}
{"logTime": "0928/082133", "correlationVector":"ld2qJ8cp8djD+eaTAeIo/F.15","action":"GetUpdates", "result":"DeleteReceived", "context":{"id":"ae0a2004-152b-4b42-aad6-8ecfca70fec5", "isDeleted:":"true", "version":"1723513157309"}}
{"logTime": "0928/082133", "correlationVector":"ld2qJ8cp8djD+eaTAeIo/F.16","action":"GetUpdates", "result":"DeleteReceived", "context":{"id":"c04d7276-26fe-4b8a-bbf8-e7e75775a4b5", "isDeleted:":"true", "version":"1723513157311"}}
{"logTime": "0928/082133", "correlationVector":"ld2qJ8cp8djD+eaTAeIo/F.17","action":"GetUpdates", "result":"DeleteReceived", "context":{"id":"283ee41a-54be-404f-a92b-51b463c0fa79", "isDeleted:":"true", "version":"1723513302573"}}
{"logTime": "0928/082133", "correlationVector":"ld2qJ8cp8djD+eaTAeIo/F.18","action":"GetUpdates", "result":"DeleteReceived", "context":{"id":"2e65e316-2269-42ce-b362-4460c09a3613", "isDeleted:":"true", "version":"1723514514046"}}
{"logTime": "0928/082133", "correlationVector":"ld2qJ8cp8djD+eaTAeIo/F.19","action":"GetUpdates", "result":"DeleteReceived", "context":{"id":"db6e8afd-ce20-41a0-b138-fe4a65aad385", "isDeleted:":"true", "version":"1723614560350"}}
{"logTime": "0928/082133", "correlationVector":"ld2qJ8cp8djD+eaTAeIo/F.20","action":"GetUpdates", "result":"DeleteReceived", "context":{"id":"d783bd25-6449-4304-90f4-6c4e9995d1fa", "isDeleted:":"true", "version":"1723614560352"}}
{"logTime": "0928/082133", "correlationVector":"ld2qJ8cp8djD+eaTAeIo/F.21","action":"GetUpdates", "result":"DeleteReceived", "context":{"id":"d6bbbf8b-c136-4269-9780-f2360dbcecf8", "isDeleted:":"true", "version":"1723614560353"}}
{"logTime": "0928/082133", "correlationVector":"ld2qJ8cp8djD+eaTAeIo/F.22","action":"GetUpdates", "result":"DeleteReceived", "context":{"id":"dbd0d1ac-9989-4c43-9473-1d4a774e0bbe", "isDeleted:":"true", "version":"1723614560355"}}
{"logTime": "0928/082133", "correlationVector":"ld2qJ8cp8djD+eaTAeIo/F.23","action":"GetUpdates", "result":"DeleteReceived", "context":{"id":"f4f4abf4-0a4b-47e3-9aff-8669766bc9ea", "isDeleted:":"true", "version":"1723773115068"}}
{"logTime": "0928/082133", "correlationVector":"ld2qJ8cp8djD+eaTAeIo/F.24","action":"GetUpdates", "result":"DeleteReceived", "context":{"id":"62ff14b1-bfd9-4e10-8b4f-ec89203534a0", "isDeleted:":"true", "version":"1723774126253"}}
{"logTime": "0928/082133", "correlationVector":"ld2qJ8cp8djD+eaTAeIo/F.25","action":"GetUpdates", "result":"DeleteReceived", "context":{"id":"68fdb842-c54c-4f29-98c9-c9f23f34b99d", "isDeleted:":"true", "version":"1723774126255"}}
{"logTime": "0928/082133", "correlationVector":"ld2qJ8cp8djD+eaTAeIo/F.26","action":"GetUpdates", "result":"DeleteReceived", "context":{"id":"23d69179-bfbd-4d31-a128-20c0d292640f", "isDeleted:":"true", "version":"1723778230437"}}
{"logTime": "0928/082133", "correlationVector":"ld2qJ8cp8djD+eaTAeIo/F.27","action":"GetUpdates", "result":"DeleteReceived", "context":{"id":"1d7f64fd-0485-48d2-8109-30df16148ad2", "isDeleted:":"true", "version":"1723778230438"}}
{"logTime": "0928/082133", "correlationVector":"ld2qJ8cp8djD+eaTAeIo/F.28","action":"GetUpdates", "result":"DeleteReceived", "context":{"id":"79e74850-9b15-431b-9363-238b36e0f9bf", "isDeleted:":"true", "version":"1723778268052"}}
{"logTime": "0928/082133", "correlationVector":"ld2qJ8cp8djD+eaTAeIo/F.29","action":"GetUpdates", "result":"DeleteReceived", "context":{"id":"40a35a9d-59e9-4123-b2d3-c9484e319ba5", "isDeleted:":"true", "version":"1723778268053"}}
{"logTime": "0928/082133", "correlationVector":"ld2qJ8cp8djD+eaTAeIo/F.30","action":"GetUpdates", "result":"DeleteReceived", "context":{"id":"3669c56e-715b-4f48-93fc-35af472de623", "isDeleted:":"true", "version":"1723778680504"}}
{"logTime": "0928/082133", "correlationVector":"ld2qJ8cp8djD+eaTAeIo/F.31","action":"GetUpdates", "result":"DeleteReceived", "context":{"id":"801514d2-2b88-4eb2-9a93-34f405f197a1", "isDeleted:":"true", "version":"1723778867270"}}
{"logTime": "0928/082133", "correlationVector":"ld2qJ8cp8djD+eaTAeIo/F.32","action":"GetUpdates", "result":"DeleteReceived", "context":{"id":"4ee37280-8f54-42ed-9f17-8d125d09ad96", "isDeleted:":"true", "version":"1723778867272"}}
{"logTime": "0928/082133", "correlationVector":"ld2qJ8cp8djD+eaTAeIo/F.33","action":"GetUpdates", "result":"DeleteReceived", "context":{"id":"cb5dfb50-7c84-4d64-967d-9276eda9c296", "isDeleted:":"true", "version":"1723778867274"}}
{"logTime": "0928/082133", "correlationVector":"ld2qJ8cp8djD+eaTAeIo/F.34","action":"GetUpdates", "result":"DeleteReceived", "context":{"id":"e48832b7-8b0e-471b-8da7-4018e737e067", "isDeleted:":"true", "version":"1723778867276"}}
{"logTime": "0928/082133", "correlationVector":"ld2qJ8cp8djD+eaTAeIo/F.35","action":"GetUpdates", "result":"DeleteReceived", "context":{"id":"bea017a5-e5e4-498e-9c36-8ef4be36f861", "isDeleted:":"true", "version":"1723778867277"}}
{"logTime": "0928/082133", "correlationVector":"ld2qJ8cp8djD+eaTAeIo/F.36","action":"GetUpdates", "result":"DeleteReceived", "context":{"id":"a5cd12b6-e8c2-4828-b946-847b932fcaa6", "isDeleted:":"true", "version":"1723985187202"}}
{"logTime": "0928/082133", "correlationVector":"ld2qJ8cp8djD+eaTAeIo/F.37","action":"GetUpdates", "result":"DeleteReceived", "context":{"id":"67159e20-a2a0-4dfd-b70c-1105aae74d68", "isDeleted:":"true", "version":"1723985187204"}}
{"logTime": "0928/082133", "correlationVector":"ld2qJ8cp8djD+eaTAeIo/F.38","action":"GetUpdates", "result":"DeleteReceived", "context":{"id":"95e31b80-1027-49af-91f2-e28fc97068af", "isDeleted:":"true", "version":"1723985618904"}}
{"logTime": "0928/082133", "correlationVector":"ld2qJ8cp8djD+eaTAeIo/F.39","action":"GetUpdates", "result":"DeleteReceived", "context":{"id":"f29ab2fa-78b5-410c-881f-783a373a7daa", "isDeleted:":"true", "version":"1724081609747"}}
{"logTime": "0928/082133", "correlationVector":"ld2qJ8cp8djD+eaTAeIo/F.40","action":"GetUpdates", "result":"DeleteReceived", "context":{"id":"c9fc4533-f456-49ae-8488-e706ae0c2852", "isDeleted:":"true", "version":"1724081609749"}}
{"logTime": "0928/082133", "correlationVector":"ld2qJ8cp8djD+eaTAeIo/F.41","action":"GetUpdates", "result":"DeleteReceived", "context":{"id":"2c29f8a4-da12-448c-99bf-e3c4e6b78546", "isDeleted:":"true", "version":"1724218696502"}}
{"logTime": "0928/082133", "correlationVector":"ld2qJ8cp8djD+eaTAeIo/F.42","action":"GetUpdates", "result":"DeleteReceived", "context":{"id":"61108731-3a8c-4c1a-847b-736714c63a10", "isDeleted:":"true", "version":"1724218696504"}}
{"logTime": "0928/082133", "correlationVector":"ld2qJ8cp8djD+eaTAeIo/F.43","action":"GetUpdates", "result":"DeleteReceived", "context":{"id":"8cc4feff-afac-40c0-94a2-cf83c66ae87d", "isDeleted:":"true", "version":"1724219283114"}}
{"logTime": "0928/082133", "correlationVector":"ld2qJ8cp8djD+eaTAeIo/F.44","action":"GetUpdates", "result":"DeleteReceived", "context":{"id":"942d6969-ed11-49c9-b7a6-42307f266725", "isDeleted:":"true", "version":"1724221673703"}}
{"logTime": "0928/082133", "correlationVector":"ld2qJ8cp8djD+eaTAeIo/F.45","action":"GetUpdates", "result":"DeleteReceived", "context":{"id":"e148c06a-ef0d-4b65-8067-5af297197879", "isDeleted:":"true", "version":"1724221673707"}}
{"logTime": "0928/082133", "correlationVector":"ld2qJ8cp8djD+eaTAeIo/F.46","action":"GetUpdates", "result":"DeleteReceived", "context":{"id":"24f5dd4d-e6c6-42f0-a844-92daebcc807a", "isDeleted:":"true", "version":"1724221673708"}}
{"logTime": "0928/082133", "correlationVector":"ld2qJ8cp8djD+eaTAeIo/F.47","action":"GetUpdates", "result":"DeleteReceived", "context":{"id":"2d2304bc-afac-415f-b3c4-49f2df586c25", "isDeleted:":"true", "version":"1724221673713"}}
{"logTime": "0928/082133", "correlationVector":"ld2qJ8cp8djD+eaTAeIo/F.48","action":"GetUpdates", "result":"DeleteReceived", "context":{"id":"34e17b92-2806-41a4-8f30-82d9f78aeb85", "isDeleted:":"true", "version":"1724222140604"}}
{"logTime": "0928/082133", "correlationVector":"ld2qJ8cp8djD+eaTAeIo/F.49","action":"GetUpdates", "result":"DeleteReceived", "context":{"id":"99abf959-67b2-4d4b-a76e-34cfb3a71d9f", "isDeleted:":"true", "version":"1724222140606"}}
{"logTime": "0928/082133", "correlationVector":"ld2qJ8cp8djD+eaTAeIo/F.50","action":"GetUpdates", "result":"DeleteReceived", "context":{"id":"5229b9f3-5721-4c6e-8269-4e147e8fd889", "isDeleted:":"true", "version":"1724222140607"}}
{"logTime": "0928/082133", "correlationVector":"ld2qJ8cp8djD+eaTAeIo/F.51","action":"GetUpdates", "result":"DeleteReceived", "context":{"id":"0fff2ebf-0652-4b7e-9878-2cab3e9c4047", "isDeleted:":"true", "version":"1724222140608"}}
{"logTime": "0928/082133", "correlationVector":"ld2qJ8cp8djD+eaTAeIo/F.52","action":"GetUpdates", "result":"DeleteReceived", "context":{"id":"55d2c299-98d4-4c48-8b68-e90de8c298d2", "isDeleted:":"true", "version":"1724222140609"}}
{"logTime": "0928/082133", "correlationVector":"ld2qJ8cp8djD+eaTAeIo/F.53","action":"GetUpdates", "result":"DeleteReceived", "context":{"id":"123aefde-027e-42ec-b84c-cb97ebfa11e4", "isDeleted:":"true", "version":"1724223100320"}}
{"logTime": "0928/082133", "correlationVector":"ld2qJ8cp8djD+eaTAeIo/F.54","action":"GetUpdates", "result":"DeleteReceived", "context":{"id":"dfc26075-8dbe-4ff9-8cff-ae984887f275", "isDeleted:":"true", "version":"1724223100321"}}
{"logTime": "0928/082133", "correlationVector":"ld2qJ8cp8djD+eaTAeIo/F.55","action":"GetUpdates", "result":"DeleteReceived", "context":{"id":"4140094f-694c-44da-82c9-4711c52e84ec", "isDeleted:":"true", "version":"1724223100325"}}
{"logTime": "0928/082133", "correlationVector":"ld2qJ8cp8djD+eaTAeIo/F.56","action":"GetUpdates", "result":"DeleteReceived", "context":{"id":"42593f5f-86a7-4d2c-b2f3-b957b018235b", "isDeleted:":"true", "version":"1724223100326"}}
{"logTime": "0928/082133", "correlationVector":"ld2qJ8cp8djD+eaTAeIo/F.57","action":"GetUpdates", "result":"DeleteReceived", "context":{"id":"66b6f15f-36b2-489a-8549-6dcb120c9ce2", "isDeleted:":"true", "version":"1724223100327"}}
{"logTime": "0928/082133", "correlationVector":"ld2qJ8cp8djD+eaTAeIo/F.58","action":"GetUpdates", "result":"DeleteReceived", "context":{"id":"59162980-2c43-4283-baf2-60fa243a87eb", "isDeleted:":"true", "version":"1724223100329"}}
{"logTime": "0928/082133", "correlationVector":"ld2qJ8cp8djD+eaTAeIo/F.59","action":"GetUpdates", "result":"DeleteReceived", "context":{"id":"b5708e55-c920-41d7-bc0e-48920f4b9af0", "isDeleted:":"true", "version":"1724223100330"}}
{"logTime": "0928/082133", "correlationVector":"ld2qJ8cp8djD+eaTAeIo/F.60","action":"GetUpdates", "result":"DeleteReceived", "context":{"id":"6b35789b-26d2-404c-afab-7b3152fc5be9", "isDeleted:":"true", "version":"1724223100331"}}
{"logTime": "0928/082133", "correlationVector":"ld2qJ8cp8djD+eaTAeIo/F.61","action":"GetUpdates", "result":"DeleteReceived", "context":{"id":"a58917d6-bc0c-48bf-95a5-f4bcb3062f87", "isDeleted:":"true", "version":"1724223100332"}}
{"logTime": "0928/082133", "correlationVector":"ld2qJ8cp8djD+eaTAeIo/F.62","action":"GetUpdates", "result":"DeleteReceived", "context":{"id":"464c1564-d23c-4440-82f1-0b552fe0fdda", "isDeleted:":"true", "version":"1724223100333"}}
{"logTime": "0928/082133", "correlationVector":"ld2qJ8cp8djD+eaTAeIo/F.63","action":"GetUpdates", "result":"DeleteReceived", "context":{"id":"ba0d7433-9da5-4647-b620-de221b426b4c", "isDeleted:":"true", "version":"1724225197407"}}
{"logTime": "0928/082133", "correlationVector":"ld2qJ8cp8djD+eaTAeIo/F.64","action":"GetUpdates", "result":"DeleteReceived", "context":{"id":"7b1f607a-9027-473d-8977-c8e986dce02e", "isDeleted:":"true", "version":"1724225197409"}}
{"logTime": "0928/082133", "correlationVector":"ld2qJ8cp8djD+eaTAeIo/F.65","action":"GetUpdates", "result":"DeleteReceived", "context":{"id":"d1a50250-9bc5-4b6b-9387-f9e0df8d79b1", "isDeleted:":"true", "version":"1724225197411"}}
{"logTime": "0928/082133", "correlationVector":"ld2qJ8cp8djD+eaTAeIo/F.66","action":"GetUpdates", "result":"DeleteReceived", "context":{"id":"c65f4c7f-ad31-4c8a-8084-b5cf958cd0ef", "isDeleted:":"true", "version":"1724225197413"}}
{"logTime": "0928/082133", "correlationVector":"ld2qJ8cp8djD+eaTAeIo/F.67","action":"GetUpdates", "result":"DeleteReceived", "context":{"id":"f793363f-f436-418b-9e6f-f983a48f9c1f", "isDeleted:":"true", "version":"1724226407223"}}
{"logTime": "0928/082133", "correlationVector":"ld2qJ8cp8djD+eaTAeIo/F.68","action":"GetUpdates", "result":"DeleteReceived", "context":{"id":"1afa6da0-c551-43f7-b7f1-9b64b958e821", "isDeleted:":"true", "version":"1724226407224"}}
{"logTime": "0928/082133", "correlationVector":"ld2qJ8cp8djD+eaTAeIo/F.69","action":"GetUpdates", "result":"DeleteReceived", "context":{"id":"c757ebd6-86d3-4789-9313-e57b22f75a6e", "isDeleted:":"true", "version":"1724226526284"}}
{"logTime": "0928/082133", "correlationVector":"ld2qJ8cp8djD+eaTAeIo/F.70","action":"GetUpdates", "result":"DeleteReceived", "context":{"id":"c1994608-5d8c-46e3-a5af-bde0c1bca512", "isDeleted:":"true", "version":"1724226526285"}}
{"logTime": "0928/082133", "correlationVector":"ld2qJ8cp8djD+eaTAeIo/F.71","action":"GetUpdates", "result":"DeleteReceived", "context":{"id":"063472ef-2994-40d2-a7e1-b255532ec8e9", "isDeleted:":"true", "version":"1724226526286"}}
{"logTime": "0928/082133", "correlationVector":"ld2qJ8cp8djD+eaTAeIo/F.72","action":"GetUpdates", "result":"DeleteReceived", "context":{"id":"60637147-ec4c-436b-ac93-d9fb32e41253", "isDeleted:":"true", "version":"1724226526289"}}
{"logTime": "0928/082133", "correlationVector":"ld2qJ8cp8djD+eaTAeIo/F.73","action":"GetUpdates", "result":"DeleteReceived", "context":{"id":"605330f9-1c11-42e8-8dd1-e3a4419884fb", "isDeleted:":"true", "version":"1724226526290"}}
{"logTime": "0928/082133", "correlationVector":"ld2qJ8cp8djD+eaTAeIo/F.74","action":"GetUpdates", "result":"DeleteReceived", "context":{"id":"83c5bb7c-e869-47d7-9cab-df2783b66481", "isDeleted:":"true", "version":"1724226526296"}}
{"logTime": "0928/082133", "correlationVector":"ld2qJ8cp8djD+eaTAeIo/F.75","action":"GetUpdates", "result":"DeleteReceived", "context":{"id":"8369a89c-c164-4359-9b79-a662a1d694a9", "isDeleted:":"true", "version":"1724226526297"}}
{"logTime": "0928/082133", "correlationVector":"ld2qJ8cp8djD+eaTAeIo/F.76","action":"GetUpdates", "result":"DeleteReceived", "context":{"id":"245a50e2-4dbe-4ed7-90c2-c65812621e95", "isDeleted:":"true", "version":"1724226596984"}}
{"logTime": "0928/082133", "correlationVector":"ld2qJ8cp8djD+eaTAeIo/F.77","action":"GetUpdates", "result":"DeleteReceived", "context":{"id":"86e2443e-79f5-4c97-9954-92275803e79e", "isDeleted:":"true", "version":"1724226699931"}}
{"logTime": "0928/082133", "correlationVector":"ld2qJ8cp8djD+eaTAeIo/F.78","action":"GetUpdates", "result":"DeleteReceived", "context":{"id":"177239b3-108c-4c7c-9461-ea2c341ecfdd", "isDeleted:":"true", "version":"1724226699933"}}
{"logTime": "0928/082133", "correlationVector":"ld2qJ8cp8djD+eaTAeIo/F.79","action":"GetUpdates", "result":"DeleteReceived", "context":{"id":"991d296f-63d8-4619-9813-797907c0261a", "isDeleted:":"true", "version":"1724226699936"}}
{"logTime": "0928/082133", "correlationVector":"ld2qJ8cp8djD+eaTAeIo/F.80","action":"GetUpdates", "result":"DeleteReceived", "context":{"id":"c2fe0145-693d-4eab-9b66-45f4f285f234", "isDeleted:":"true", "version":"1724226978411"}}
{"logTime": "0928/082133", "correlationVector":"ld2qJ8cp8djD+eaTAeIo/F.81","action":"GetUpdates", "result":"DeleteReceived", "context":{"id":"c49f36c0-36d8-420f-9b38-e8d4abc39ead", "isDeleted:":"true", "version":"1724226978412"}}
{"logTime": "0928/082133", "correlationVector":"ld2qJ8cp8djD+eaTAeIo/F.82","action":"GetUpdates", "result":"DeleteReceived", "context":{"id":"71245225-2ff7-4535-9b7e-d1a70c533e65", "isDeleted:":"true", "version":"1724227012167"}}
{"logTime": "0928/082133", "correlationVector":"ld2qJ8cp8djD+eaTAeIo/F.83","action":"GetUpdates", "result":"DeleteReceived", "context":{"id":"c141040a-4330-49d6-823b-5d1bafc19d8b", "isDeleted:":"true", "version":"1724227012169"}}
{"logTime": "0928/082133", "correlationVector":"ld2qJ8cp8djD+eaTAeIo/F.84","action":"GetUpdates", "result":"DeleteReceived", "context":{"id":"ab8d7f34-e23c-44a4-b4a8-0fef51659f8c", "isDeleted:":"true", "version":"1724227060074"}}
{"logTime": "0928/082133", "correlationVector":"ld2qJ8cp8djD+eaTAeIo/F.85","action":"GetUpdates", "result":"DeleteReceived", "context":{"id":"3daa0aec-8d6a-42d4-a55f-47349260d7b8", "isDeleted:":"true", "version":"1724227295176"}}
{"logTime": "0928/082133", "correlationVector":"ld2qJ8cp8djD+eaTAeIo/F.86","action":"GetUpdates", "result":"DeleteReceived", "context":{"id":"981ab19a-7102-4eb8-91df-f4c03749b66a", "isDeleted:":"true", "version":"1724227295177"}}
{"logTime": "0928/082133", "correlationVector":"ld2qJ8cp8djD+eaTAeIo/F.87","action":"GetUpdates", "result":"DeleteReceived", "context":{"id":"d5ad1899-1835-4e98-a6c5-28474e9dfc5d", "isDeleted:":"true", "version":"1724227295178"}}
{"logTime": "0928/082133", "correlationVector":"ld2qJ8cp8djD+eaTAeIo/F.88","action":"GetUpdates", "result":"DeleteReceived", "context":{"id":"f7279297-5937-4e75-80dd-a5a3d9605dff", "isDeleted:":"true", "version":"1724227295179"}}
{"logTime": "0928/082133", "correlationVector":"ld2qJ8cp8djD+eaTAeIo/F.89","action":"GetUpdates", "result":"DeleteReceived", "context":{"id":"4e072ffc-b6cf-4f41-9880-b49d988db2cf", "isDeleted:":"true", "version":"1724227295181"}}
{"logTime": "0928/082133", "correlationVector":"ld2qJ8cp8djD+eaTAeIo/F.90","action":"GetUpdates", "result":"DeleteReceived", "context":{"id":"b7291894-e355-4170-b026-daaed8f21b3c", "isDeleted:":"true", "version":"1724227295182"}}
{"logTime": "0928/082133", "correlationVector":"ld2qJ8cp8djD+eaTAeIo/F.91","action":"GetUpdates", "result":"DeleteReceived", "context":{"id":"89c078aa-9962-4880-940c-a0fcd36085a8", "isDeleted:":"true", "version":"1724227295183"}}
{"logTime": "0928/082133", "correlationVector":"ld2qJ8cp8djD+eaTAeIo/F.92","action":"GetUpdates", "result":"DeleteReceived", "context":{"id":"5a70cbcc-6903-4791-ae91-d74bdbb1d3ae", "isDeleted:":"true", "version":"1724227295184"}}
{"logTime": "0928/082133", "correlationVector":"ld2qJ8cp8djD+eaTAeIo/F.93","action":"GetUpdates", "result":"DeleteReceived", "context":{"id":"dee325fe-605b-4ab3-bc3a-d9850c233b83", "isDeleted:":"true", "version":"1724227295185"}}
{"logTime": "0928/082133", "correlationVector":"ld2qJ8cp8djD+eaTAeIo/F.94","action":"GetUpdates", "result":"DeleteReceived", "context":{"id":"f63771d7-1be9-4e8e-80bc-7ef84e57df73", "isDeleted:":"true", "version":"1724227295186"}}
{"logTime": "0928/082133", "correlationVector":"ld2qJ8cp8djD+eaTAeIo/F.95","action":"GetUpdates", "result":"DeleteReceived", "context":{"id":"d481ad2e-3967-42b4-aa2e-ad51d5884e04", "isDeleted:":"true", "version":"1724227295187"}}
{"logTime": "0928/082133", "correlationVector":"ld2qJ8cp8djD+eaTAeIo/F.96","action":"GetUpdates", "result":"DeleteReceived", "context":{"id":"e325a10d-a5c1-420c-ada1-7b63e43cd131", "isDeleted:":"true", "version":"1724227295188"}}
{"logTime": "0928/082133", "correlationVector":"ld2qJ8cp8djD+eaTAeIo/F.97","action":"GetUpdates", "result":"DeleteReceived", "context":{"id":"1b225e67-f83c-47ec-b8b5-a4f32dae6a7e", "isDeleted:":"true", "version":"1724227295190"}}
{"logTime": "0928/082133", "correlationVector":"ld2qJ8cp8djD+eaTAeIo/F.98","action":"GetUpdates", "result":"DeleteReceived", "context":{"id":"2b39f562-99ba-4f84-9528-9842909af947", "isDeleted:":"true", "version":"1724227295191"}}
{"logTime": "0928/082133", "correlationVector":"ld2qJ8cp8djD+eaTAeIo/F.99","action":"GetUpdates", "result":"DeleteReceived", "context":{"id":"a4fbd399-16ef-43e1-9bed-e0bc16d8a3b3", "isDeleted:":"true", "version":"1724227295193"}}
{"logTime": "0928/082133", "correlationVector":"ld2qJ8cp8djD+eaTAeIo/F.100","action":"GetUpdates", "result":"DeleteReceived", "context":{"id":"82bbfb42-efce-476c-9605-b58cf0982edc", "isDeleted:":"true", "version":"1724227295194"}}
{"logTime": "0928/082133", "correlationVector":"ld2qJ8cp8djD+eaTAeIo/F.101","action":"GetUpdates", "result":"DeleteReceived", "context":{"id":"e071c48a-cf84-4f08-9d12-a517b0c80409", "isDeleted:":"true", "version":"1724227347545"}}
{"logTime": "0928/082133", "correlationVector":"ld2qJ8cp8djD+eaTAeIo/F.102","action":"GetUpdates", "result":"DeleteReceived", "context":{"id":"c6760448-5e28-469c-9570-d12af561e6fa", "isDeleted:":"true", "version":"1724227347546"}}
{"logTime": "0928/082133", "correlationVector":"ld2qJ8cp8djD+eaTAeIo/F.103","action":"GetUpdates", "result":"DeleteReceived", "context":{"id":"dae03d43-7202-44b6-99dc-9911c5da61a9", "isDeleted:":"true", "version":"1724227347549"}}
{"logTime": "0928/082133", "correlationVector":"ld2qJ8cp8djD+eaTAeIo/F.104","action":"GetUpdates", "result":"DeleteReceived", "context":{"id":"b495fa8c-be1a-47d2-9b2c-97da07d38652", "isDeleted:":"true", "version":"1724227347550"}}
{"logTime": "0928/082133", "correlationVector":"ld2qJ8cp8djD+eaTAeIo/F.105","action":"GetUpdates", "result":"DeleteReceived", "context":{"id":"0a156c17-9b53-4382-977a-2074a993da1d", "isDeleted:":"true", "version":"1724227421576"}}
{"logTime": "0928/082133", "correlationVector":"ld2qJ8cp8djD+eaTAeIo/F.106","action":"GetUpdates", "result":"DeleteReceived", "context":{"id":"88b2c72f-151d-4798-83c0-19aafa3601a1", "isDeleted:":"true", "version":"1724227421579"}}
{"logTime": "0928/082133", "correlationVector":"ld2qJ8cp8djD+eaTAeIo/F.107","action":"GetUpdates", "result":"DeleteReceived", "context":{"id":"decc8012-395a-4380-833a-ae2d8feabf1f", "isDeleted:":"true", "version":"1724338928559"}}
{"logTime": "0928/082133", "correlationVector":"ld2qJ8cp8djD+eaTAeIo/F.108","action":"GetUpdates", "result":"DeleteReceived", "context":{"id":"c3ff33e7-d387-470b-9a9a-50e98671cb78", "isDeleted:":"true", "version":"1724338928560"}}
{"logTime": "0928/082133", "correlationVector":"ld2qJ8cp8djD+eaTAeIo/F.109","action":"GetUpdates", "result":"DeleteReceived", "context":{"id":"efabc423-1e7b-4270-a2a9-5ebbe0cef827", "isDeleted:":"true", "version":"1724338928561"}}
{"logTime": "0928/082133", "correlationVector":"ld2qJ8cp8djD+eaTAeIo/F.110","action":"GetUpdates", "result":"DeleteReceived", "context":{"id":"9ac3cfbe-0789-4eb7-a8bd-8cc617d98ded", "isDeleted:":"true", "version":"1724338928562"}}
{"logTime": "0928/082133", "correlationVector":"ld2qJ8cp8djD+eaTAeIo/F.111","action":"GetUpdates", "result":"DeleteReceived", "context":{"id":"e7786773-74ea-4618-906b-1e4886da6d61", "isDeleted:":"true", "version":"1724338928563"}}
{"logTime": "0928/082133", "correlationVector":"ld2qJ8cp8djD+eaTAeIo/F.112","action":"GetUpdates", "result":"DeleteReceived", "context":{"id":"b9248510-be16-457a-aeb6-84f3cf26190a", "isDeleted:":"true", "version":"1724338928566"}}
{"logTime": "0928/082133", "correlationVector":"ld2qJ8cp8djD+eaTAeIo/F.113","action":"GetUpdates", "result":"DeleteReceived", "context":{"id":"f7a71ae8-6e89-4901-9b9a-b82b7b34341b", "isDeleted:":"true", "version":"1724338928567"}}
{"logTime": "0928/082133", "correlationVector":"ld2qJ8cp8djD+eaTAeIo/F.114","action":"GetUpdates", "result":"DeleteReceived", "context":{"id":"969b7409-ba8f-4f56-8937-0505c3fc98a9", "isDeleted:":"true", "version":"1724338928569"}}
{"logTime": "0928/082133", "correlationVector":"ld2qJ8cp8djD+eaTAeIo/F.115","action":"GetUpdates", "result":"DeleteReceived", "context":{"id":"0f5c1d30-2761-4511-9c7d-b13b673edb8c", "isDeleted:":"true", "version":"1724338928571"}}
{"logTime": "0928/082133", "correlationVector":"ld2qJ8cp8djD+eaTAeIo/F.116","action":"GetUpdates", "result":"DeleteReceived", "context":{"id":"4b360518-c5fe-48a6-8909-e033d2ee8ec7", "isDeleted:":"true", "version":"1724338928572"}}
{"logTime": "0928/082133", "correlationVector":"ld2qJ8cp8djD+eaTAeIo/F.117","action":"GetUpdates", "result":"DeleteReceived", "context":{"id":"4e1c5b01-e457-43e7-b53f-c69b71136250", "isDeleted:":"true", "version":"1724338928573"}}
{"logTime": "0928/082133", "correlationVector":"ld2qJ8cp8djD+eaTAeIo/F.118","action":"GetUpdates", "result":"DeleteReceived", "context":{"id":"857447b8-2348-4037-86ca-3887e95a3715", "isDeleted:":"true", "version":"1724338928574"}}
{"logTime": "0928/082133", "correlationVector":"ld2qJ8cp8djD+eaTAeIo/F.119","action":"GetUpdates", "result":"DeleteReceived", "context":{"id":"7847d1e1-1fe4-43a9-b3c7-18046d7b7303", "isDeleted:":"true", "version":"1724338928575"}}
{"logTime": "0928/082133", "correlationVector":"ld2qJ8cp8djD+eaTAeIo/F.120","action":"GetUpdates", "result":"DeleteReceived", "context":{"id":"54000455-192c-4384-89eb-23d67d0a87ef", "isDeleted:":"true", "version":"1724338928576"}}
{"logTime": "0928/082133", "correlationVector":"ld2qJ8cp8djD+eaTAeIo/F.121","action":"GetUpdates", "result":"DeleteReceived", "context":{"id":"6f9baa83-d899-405a-b1f1-bd9de99f5170", "isDeleted:":"true", "version":"1724338928577"}}
{"logTime": "0928/082133", "correlationVector":"ld2qJ8cp8djD+eaTAeIo/F.122","action":"GetUpdates", "result":"DeleteReceived", "context":{"id":"0c3c53b2-2e5a-4974-80c4-d24a93c5ba56", "isDeleted:":"true", "version":"1724338928578"}}
{"logTime": "0928/082133", "correlationVector":"ld2qJ8cp8djD+eaTAeIo/F.123","action":"GetUpdates", "result":"DeleteReceived", "context":{"id":"e4187c03-81cf-472e-af0a-29f951fbe44c", "isDeleted:":"true", "version":"1724338928579"}}
{"logTime": "0928/082133", "correlationVector":"ld2qJ8cp8djD+eaTAeIo/F.124","action":"GetUpdates", "result":"DeleteReceived", "context":{"id":"eaf202a2-93d2-4dcd-98fd-c561d70f9af4", "isDeleted:":"true", "version":"1724338928580"}}
{"logTime": "0928/082133", "correlationVector":"ld2qJ8cp8djD+eaTAeIo/F.125","action":"GetUpdates", "result":"DeleteReceived", "context":{"id":"ff353750-121a-40eb-8c55-414d79f60d9d", "isDeleted:":"true", "version":"1724338928582"}}
{"logTime": "0928/082133", "correlationVector":"ld2qJ8cp8djD+eaTAeIo/F.126","action":"GetUpdates", "result":"DeleteReceived", "context":{"id":"58fc2b4f-f311-4aac-9a7a-00a0fe102f2b", "isDeleted:":"true", "version":"1724338928583"}}
{"logTime": "0928/082133", "correlationVector":"ld2qJ8cp8djD+eaTAeIo/F.127","action":"GetUpdates", "result":"DeleteReceived", "context":{"id":"befa1006-7f89-43ce-bdd3-e30dc3a95ab3", "isDeleted:":"true", "version":"1724338928584"}}
{"logTime": "0928/082133", "correlationVector":"ld2qJ8cp8djD+eaTAeIo/F.128","action":"GetUpdates", "result":"DeleteReceived", "context":{"id":"dc8f836f-a77d-4db5-b9e9-528450dc5d26", "isDeleted:":"true", "version":"1724339115043"}}
{"logTime": "0928/082133", "correlationVector":"ld2qJ8cp8djD+eaTAeIo/F.129","action":"GetUpdates", "result":"DeleteReceived", "context":{"id":"b2406aaa-a304-411a-9b21-6637595bc305", "isDeleted:":"true", "version":"1724339447972"}}
{"logTime": "0928/082133", "correlationVector":"ld2qJ8cp8djD+eaTAeIo/F.130","action":"GetUpdates", "result":"DeleteReceived", "context":{"id":"573f32f0-88b3-4ec9-9f01-fe85e57a49c6", "isDeleted:":"true", "version":"1724339447974"}}
{"logTime": "0928/082133", "correlationVector":"ld2qJ8cp8djD+eaTAeIo/F.131","action":"GetUpdates", "result":"DeleteReceived", "context":{"id":"d2275c23-5645-4418-ac52-95390f27bf8f", "isDeleted:":"true", "version":"1724339447975"}}
{"logTime": "0928/082133", "correlationVector":"ld2qJ8cp8djD+eaTAeIo/F.132","action":"GetUpdates", "result":"DeleteReceived", "context":{"id":"7fc4bdff-23ac-4d31-a9e4-3db5e6d0ba61", "isDeleted:":"true", "version":"1724339447976"}}
{"logTime": "0928/082133", "correlationVector":"ld2qJ8cp8djD+eaTAeIo/F.133","action":"GetUpdates", "result":"DeleteReceived", "context":{"id":"367b90e4-ee9a-4094-bc44-765b8e343588", "isDeleted:":"true", "version":"1724339497683"}}
{"logTime": "0928/082133", "correlationVector":"ld2qJ8cp8djD+eaTAeIo/F.134","action":"GetUpdates", "result":"DeleteReceived", "context":{"id":"146f0cea-788c-4a92-a6af-6bf1c627f3f1", "isDeleted:":"true", "version":"1724339497686"}}
{"logTime": "0928/082133", "correlationVector":"ld2qJ8cp8djD+eaTAeIo/F.135","action":"GetUpdates", "result":"DeleteReceived", "context":{"id":"05a8fa13-ea5f-494c-aa3e-4e36e8559647", "isDeleted:":"true", "version":"1724342624013"}}
{"logTime": "0928/082133", "correlationVector":"ld2qJ8cp8djD+eaTAeIo/F.136","action":"GetUpdates", "result":"DeleteReceived", "context":{"id":"a89fcb83-5509-441f-ad96-a16c16b112f9", "isDeleted:":"true", "version":"1724342837029"}}
{"logTime": "0928/082133", "correlationVector":"ld2qJ8cp8djD+eaTAeIo/F.137","action":"GetUpdates", "result":"DeleteReceived", "context":{"id":"6fe69e76-558d-4d5a-9101-1a9ebec8cacb", "isDeleted:":"true", "version":"1724342837030"}}
{"logTime": "0928/082133", "correlationVector":"ld2qJ8cp8djD+eaTAeIo/F.138","action":"GetUpdates", "result":"DeleteReceived", "context":{"id":"7f97d8b0-b9a4-4246-8029-edb20f28853f", "isDeleted:":"true", "version":"1724342837031"}}
{"logTime": "0928/082133", "correlationVector":"ld2qJ8cp8djD+eaTAeIo/F.139","action":"GetUpdates", "result":"DeleteReceived", "context":{"id":"2cefe18a-f092-4a3d-9619-534b8805a316", "isDeleted:":"true", "version":"1724343298738"}}
{"logTime": "0928/082133", "correlationVector":"ld2qJ8cp8djD+eaTAeIo/F.140","action":"GetUpdates", "result":"DeleteReceived", "context":{"id":"1c3dcf22-6148-49ff-a03b-cb40900c6f52", "isDeleted:":"true", "version":"1724343298741"}}
{"logTime": "0928/082133", "correlationVector":"ld2qJ8cp8djD+eaTAeIo/F.141","action":"GetUpdates", "result":"DeleteReceived", "context":{"id":"2d141d9c-d03b-4533-8a51-07f9106b5d49", "isDeleted:":"true", "version":"1724343298743"}}
{"logTime": "0928/082133", "correlationVector":"ld2qJ8cp8djD+eaTAeIo/F.142","action":"GetUpdates", "result":"DeleteReceived", "context":{"id":"8abdd4f3-9c37-429f-9b01-14129f7bd6a0", "isDeleted:":"true", "version":"1724344006233"}}
{"logTime": "0928/082133", "correlationVector":"ld2qJ8cp8djD+eaTAeIo/F.143","action":"GetUpdates Response", "result":"Success", "context":Received 250 update(s). cV=ld2qJ8cp8djD+eaTAeIo/F.0;server=GENERAL0300001V;cloudType=Consumer;environment=Prod_SoutheastAsia_000j;migrationStage=NotStarted Some updates remain.}
{"logTime": "0928/082133", "correlationVector":"a/V+PNb44X/vKbsTKIwXNi","action":"Initial GetUpdates", "result":"", "context":Reason: NEWLY_SUPPORTED_DATATYPE. cV=a/V+PNb44X/vKbsTKIwXNi}
{"logTime": "0928/082134", "correlationVector":"a/V+PNb44X/vKbsTKIwXNi.1","action":"SyncServerConnectionManagerRequest", "result":"SYNC_SERVER_OK", "context":{"environment":"Prod_SoutheastAsia_000j", "migrationStage":"NotStarted", "server":"GENERAL0100000Q"}}
{"logTime": "0928/082134", "correlationVector":"a/V+PNb44X/vKbsTKIwXNi.2","action":"GetUpdates", "result":"DeleteReceived", "context":{"id":"b008ca04-450f-4ad7-8000-e2d81236f166", "isDeleted:":"true", "version":"1724344647108"}}
{"logTime": "0928/082134", "correlationVector":"a/V+PNb44X/vKbsTKIwXNi.3","action":"GetUpdates", "result":"DeleteReceived", "context":{"id":"148b8b1a-20de-497f-b4fb-c6d5634c2a8d", "isDeleted:":"true", "version":"1724344647109"}}
{"logTime": "0928/082134", "correlationVector":"a/V+PNb44X/vKbsTKIwXNi.4","action":"GetUpdates", "result":"DeleteReceived", "context":{"id":"18cf3946-6a4c-4526-92cf-8285e86ed7a2", "isDeleted:":"true", "version":"1724378225012"}}
{"logTime": "0928/082134", "correlationVector":"a/V+PNb44X/vKbsTKIwXNi.5","action":"GetUpdates", "result":"DeleteReceived", "context":{"id":"ae4f224e-bde8-4e2c-a0b2-11175393c1ab", "isDeleted:":"true", "version":"1724378225014"}}
{"logTime": "0928/082134", "correlationVector":"a/V+PNb44X/vKbsTKIwXNi.6","action":"GetUpdates", "result":"DeleteReceived", "context":{"id":"fbbd769e-1e1d-4970-b139-988d966c8b6d", "isDeleted:":"true", "version":"1724381738916"}}
{"logTime": "0928/082134", "correlationVector":"a/V+PNb44X/vKbsTKIwXNi.7","action":"GetUpdates", "result":"DeleteReceived", "context":{"id":"8bc2521a-e298-4603-a723-b3ad005d0fbc", "isDeleted:":"true", "version":"1724383716390"}}
{"logTime": "0928/082134", "correlationVector":"a/V+PNb44X/vKbsTKIwXNi.8","action":"GetUpdates", "result":"DeleteReceived", "context":{"id":"0abf2591-0eca-446b-8cae-189c3745a7e6", "isDeleted:":"true", "version":"1724383891296"}}
{"logTime": "0928/082134", "correlationVector":"a/V+PNb44X/vKbsTKIwXNi.9","action":"GetUpdates", "result":"DeleteReceived", "context":{"id":"4e5ed908-ed11-4b68-895f-cd4af908af9e", "isDeleted:":"true", "version":"1724383891297"}}
{"logTime": "0928/082134", "correlationVector":"a/V+PNb44X/vKbsTKIwXNi.10","action":"GetUpdates", "result":"DeleteReceived", "context":{"id":"05e45503-ee1d-428c-b5fd-483b22a7984d", "isDeleted:":"true", "version":"1724383891298"}}
{"logTime": "0928/082134", "correlationVector":"a/V+PNb44X/vKbsTKIwXNi.11","action":"GetUpdates", "result":"DeleteReceived", "context":{"id":"36873356-5d45-4595-8db0-e9ae35647641", "isDeleted:":"true", "version":"1724383891299"}}
{"logTime": "0928/082134", "correlationVector":"a/V+PNb44X/vKbsTKIwXNi.12","action":"GetUpdates", "result":"DeleteReceived", "context":{"id":"188e55c2-1a1c-4f1a-b0da-486e51900b05", "isDeleted:":"true", "version":"1724383891301"}}
{"logTime": "0928/082134", "correlationVector":"a/V+PNb44X/vKbsTKIwXNi.13","action":"GetUpdates", "result":"DeleteReceived", "context":{"id":"453349a2-4ae0-4b93-9df0-2f092de575ec", "isDeleted:":"true", "version":"1724383891302"}}
{"logTime": "0928/082134", "correlationVector":"a/V+PNb44X/vKbsTKIwXNi.14","action":"GetUpdates", "result":"DeleteReceived", "context":{"id":"cfdd5ae9-ad3a-4647-91c4-4a5966be20c0", "isDeleted:":"true", "version":"1724383891303"}}
{"logTime": "0928/082134", "correlationVector":"a/V+PNb44X/vKbsTKIwXNi.15","action":"GetUpdates", "result":"DeleteReceived", "context":{"id":"fa3684f6-c017-4a5d-a35c-d4f024d198de", "isDeleted:":"true", "version":"1724383891304"}}
{"logTime": "0928/082134", "correlationVector":"a/V+PNb44X/vKbsTKIwXNi.16","action":"GetUpdates", "result":"DeleteReceived", "context":{"id":"f9bcd14e-89ca-4f4c-b227-7b42307f63c5", "isDeleted:":"true", "version":"1724384074169"}}
{"logTime": "0928/082134", "correlationVector":"a/V+PNb44X/vKbsTKIwXNi.17","action":"GetUpdates", "result":"DeleteReceived", "context":{"id":"5560d032-d14b-4850-9d32-64cdfee20565", "isDeleted:":"true", "version":"1724384074172"}}
{"logTime": "0928/082134", "correlationVector":"a/V+PNb44X/vKbsTKIwXNi.18","action":"GetUpdates", "result":"DeleteReceived", "context":{"id":"08c5ac30-c727-4457-8e5c-c58e983a3637", "isDeleted:":"true", "version":"1724384074173"}}
{"logTime": "0928/082134", "correlationVector":"a/V+PNb44X/vKbsTKIwXNi.19","action":"GetUpdates", "result":"DeleteReceived", "context":{"id":"9c42fcfb-ea24-41af-a31d-82eea4e318fa", "isDeleted:":"true", "version":"1724384190585"}}
{"logTime": "0928/082134", "correlationVector":"a/V+PNb44X/vKbsTKIwXNi.20","action":"GetUpdates", "result":"DeleteReceived", "context":{"id":"e8079f89-a79e-4850-ad09-35ed7c7237e0", "isDeleted:":"true", "version":"1724432912517"}}
{"logTime": "0928/082134", "correlationVector":"a/V+PNb44X/vKbsTKIwXNi.21","action":"GetUpdates", "result":"DeleteReceived", "context":{"id":"17e782d8-7b94-48b7-9563-dd16fc85c995", "isDeleted:":"true", "version":"1724432912518"}}
{"logTime": "0928/082134", "correlationVector":"a/V+PNb44X/vKbsTKIwXNi.22","action":"GetUpdates", "result":"DeleteReceived", "context":{"id":"86dec1b3-48b0-49dc-a3e8-1e013758fb71", "isDeleted:":"true", "version":"1724432912520"}}
{"logTime": "0928/082134", "correlationVector":"a/V+PNb44X/vKbsTKIwXNi.23","action":"GetUpdates", "result":"DeleteReceived", "context":{"id":"36f6b35e-fc7e-4bb8-89b0-4a6b588a6cc4", "isDeleted:":"true", "version":"1724432912521"}}
{"logTime": "0928/082134", "correlationVector":"a/V+PNb44X/vKbsTKIwXNi.24","action":"GetUpdates", "result":"DeleteReceived", "context":{"id":"0c51b71c-acd1-4688-bbe9-111239567b9d", "isDeleted:":"true", "version":"1724433024066"}}
{"logTime": "0928/082134", "correlationVector":"a/V+PNb44X/vKbsTKIwXNi.25","action":"GetUpdates", "result":"DeleteReceived", "context":{"id":"f5f72ac6-7165-4023-a571-1c4540fc22e8", "isDeleted:":"true", "version":"1724653254861"}}
{"logTime": "0928/082134", "correlationVector":"a/V+PNb44X/vKbsTKIwXNi.26","action":"GetUpdates", "result":"DeleteReceived", "context":{"id":"d9ab6515-d200-45bd-ad58-b35566fda53a", "isDeleted:":"true", "version":"1724653254864"}}
{"logTime": "0928/082134", "correlationVector":"a/V+PNb44X/vKbsTKIwXNi.27","action":"GetUpdates", "result":"DeleteReceived", "context":{"id":"08ca9b37-7d2f-4f42-a747-3de06a9a626d", "isDeleted:":"true", "version":"1724653940278"}}
{"logTime": "0928/082134", "correlationVector":"a/V+PNb44X/vKbsTKIwXNi.28","action":"GetUpdates", "result":"DeleteReceived", "context":{"id":"34dc365f-ed0d-4b77-b560-42de431b8c46", "isDeleted:":"true", "version":"1724653944131"}}
{"logTime": "0928/082134", "correlationVector":"a/V+PNb44X/vKbsTKIwXNi.29","action":"GetUpdates", "result":"DeleteReceived", "context":{"id":"b3d3a9b9-a651-4295-b5ee-465ce470d71b", "isDeleted:":"true", "version":"1724666162470"}}
{"logTime": "0928/082134", "correlationVector":"a/V+PNb44X/vKbsTKIwXNi.30","action":"GetUpdates", "result":"DeleteReceived", "context":{"id":"33d7a394-1255-4bff-a460-daf9bcaf1b82", "isDeleted:":"true", "version":"1724666162471"}}
{"logTime": "0928/082134", "correlationVector":"a/V+PNb44X/vKbsTKIwXNi.31","action":"GetUpdates", "result":"DeleteReceived", "context":{"id":"2e3e78c3-68c7-4e2e-9ba3-1ce71d69709a", "isDeleted:":"true", "version":"1724724437829"}}
{"logTime": "0928/082134", "correlationVector":"a/V+PNb44X/vKbsTKIwXNi.32","action":"GetUpdates", "result":"DeleteReceived", "context":{"id":"676d1203-98af-470f-bab7-3c47b0579669", "isDeleted:":"true", "version":"1724726110552"}}
{"logTime": "0928/082134", "correlationVector":"a/V+PNb44X/vKbsTKIwXNi.33","action":"GetUpdates", "result":"DeleteReceived", "context":{"id":"f5dc8a5d-ccc5-4edc-8d85-c57e9d9c43dc", "isDeleted:":"true", "version":"1724726110553"}}
{"logTime": "0928/082134", "correlationVector":"a/V+PNb44X/vKbsTKIwXNi.34","action":"GetUpdates", "result":"DeleteReceived", "context":{"id":"06526878-7a0f-4c06-94ef-5c66ba1d1c61", "isDeleted:":"true", "version":"1724726389260"}}
{"logTime": "0928/082134", "correlationVector":"a/V+PNb44X/vKbsTKIwXNi.35","action":"GetUpdates", "result":"DeleteReceived", "context":{"id":"6c06b39d-aea4-452b-b205-4e46489792cd", "isDeleted:":"true", "version":"1724735095991"}}
{"logTime": "0928/082134", "correlationVector":"a/V+PNb44X/vKbsTKIwXNi.36","action":"GetUpdates", "result":"DeleteReceived", "context":{"id":"461faa42-4d6f-4fca-bd4d-b2f3cb646fa5", "isDeleted:":"true", "version":"1724735095992"}}
{"logTime": "0928/082134", "correlationVector":"a/V+PNb44X/vKbsTKIwXNi.37","action":"GetUpdates", "result":"DeleteReceived", "context":{"id":"bc2d7c50-9756-4ca8-86b8-d392a09aaaa3", "isDeleted:":"true", "version":"1724735095994"}}
{"logTime": "0928/082134", "correlationVector":"a/V+PNb44X/vKbsTKIwXNi.38","action":"GetUpdates", "result":"DeleteReceived", "context":{"id":"45765a9c-b9b8-4299-9a09-55f07b0a2d04", "isDeleted:":"true", "version":"1724735095995"}}
{"logTime": "0928/082134", "correlationVector":"a/V+PNb44X/vKbsTKIwXNi.39","action":"GetUpdates", "result":"DeleteReceived", "context":{"id":"5afc1fe1-deb0-4d99-bbe9-6e8af71cd1a0", "isDeleted:":"true", "version":"1724735095997"}}
{"logTime": "0928/082134", "correlationVector":"a/V+PNb44X/vKbsTKIwXNi.40","action":"GetUpdates", "result":"DeleteReceived", "context":{"id":"095816c1-860a-427a-ab64-6ab2ecc2f900", "isDeleted:":"true", "version":"1724735095998"}}
{"logTime": "0928/082134", "correlationVector":"a/V+PNb44X/vKbsTKIwXNi.41","action":"GetUpdates", "result":"DeleteReceived", "context":{"id":"ab3c2d88-502b-4e05-a055-b31fd7b19b06", "isDeleted:":"true", "version":"1724735095999"}}
{"logTime": "0928/082134", "correlationVector":"a/V+PNb44X/vKbsTKIwXNi.42","action":"GetUpdates", "result":"DeleteReceived", "context":{"id":"a4cb7daf-bbac-4853-909c-9672066c735d", "isDeleted:":"true", "version":"1724735096000"}}
{"logTime": "0928/082134", "correlationVector":"a/V+PNb44X/vKbsTKIwXNi.43","action":"GetUpdates", "result":"DeleteReceived", "context":{"id":"87e5ccb3-f8b8-4e77-b552-f27bd6f7cadb", "isDeleted:":"true", "version":"1724735096001"}}
{"logTime": "0928/082134", "correlationVector":"a/V+PNb44X/vKbsTKIwXNi.44","action":"GetUpdates", "result":"DeleteReceived", "context":{"id":"db02d8a0-1368-4a6c-9bc4-ba994af6ac5a", "isDeleted:":"true", "version":"1724735096002"}}
{"logTime": "0928/082134", "correlationVector":"a/V+PNb44X/vKbsTKIwXNi.45","action":"GetUpdates", "result":"DeleteReceived", "context":{"id":"4fc86e1c-59a2-4fef-b32b-c749a1b10f5c", "isDeleted:":"true", "version":"1724735096003"}}
{"logTime": "0928/082134", "correlationVector":"a/V+PNb44X/vKbsTKIwXNi.46","action":"GetUpdates", "result":"DeleteReceived", "context":{"id":"28767808-30de-4ca7-9e96-f6e8767ce1c8", "isDeleted:":"true", "version":"1724762028637"}}
{"logTime": "0928/082134", "correlationVector":"a/V+PNb44X/vKbsTKIwXNi.47","action":"GetUpdates", "result":"DeleteReceived", "context":{"id":"607e40e0-4d6f-42cc-92d8-d46fd1eb4d62", "isDeleted:":"true", "version":"1724762028638"}}
{"logTime": "0928/082134", "correlationVector":"a/V+PNb44X/vKbsTKIwXNi.48","action":"GetUpdates", "result":"DeleteReceived", "context":{"id":"091e683d-259d-4aca-9506-19ac49690088", "isDeleted:":"true", "version":"1724762028639"}}
{"logTime": "0928/082134", "correlationVector":"a/V+PNb44X/vKbsTKIwXNi.49","action":"GetUpdates", "result":"DeleteReceived", "context":{"id":"fd236c98-6cca-40b4-adf4-b3f4282532c0", "isDeleted:":"true", "version":"1724762028641"}}
{"logTime": "0928/082134", "correlationVector":"a/V+PNb44X/vKbsTKIwXNi.50","action":"GetUpdates", "result":"DeleteReceived", "context":{"id":"27296ead-181a-429e-8312-4a7d3e304f19", "isDeleted:":"true", "version":"1724762028642"}}
{"logTime": "0928/082134", "correlationVector":"a/V+PNb44X/vKbsTKIwXNi.51","action":"GetUpdates", "result":"DeleteReceived", "context":{"id":"6756fc64-45b3-4881-a155-325c518b421d", "isDeleted:":"true", "version":"1724762376070"}}
{"logTime": "0928/082134", "correlationVector":"a/V+PNb44X/vKbsTKIwXNi.52","action":"GetUpdates", "result":"DeleteReceived", "context":{"id":"59305cc3-6f45-4db5-940c-0a80f92a3ac2", "isDeleted:":"true", "version":"1724762376071"}}
{"logTime": "0928/082134", "correlationVector":"a/V+PNb44X/vKbsTKIwXNi.53","action":"GetUpdates", "result":"DeleteReceived", "context":{"id":"ed4d2d8b-038f-4fcd-be63-afda3dc2b577", "isDeleted:":"true", "version":"1724762766676"}}
{"logTime": "0928/082134", "correlationVector":"a/V+PNb44X/vKbsTKIwXNi.54","action":"GetUpdates", "result":"DeleteReceived", "context":{"id":"2f2d3a78-ed84-48e6-997a-d1bb99d75809", "isDeleted:":"true", "version":"1724762766677"}}
{"logTime": "0928/082134", "correlationVector":"a/V+PNb44X/vKbsTKIwXNi.55","action":"GetUpdates", "result":"DeleteReceived", "context":{"id":"b324625e-4a01-4cde-99c3-5dbbb40ba633", "isDeleted:":"true", "version":"1724762766678"}}
{"logTime": "0928/082134", "correlationVector":"a/V+PNb44X/vKbsTKIwXNi.56","action":"GetUpdates", "result":"DeleteReceived", "context":{"id":"9176f46e-b784-4b5e-aefb-b18dd5849fc7", "isDeleted:":"true", "version":"1724762766681"}}
{"logTime": "0928/082134", "correlationVector":"a/V+PNb44X/vKbsTKIwXNi.57","action":"GetUpdates", "result":"DeleteReceived", "context":{"id":"3353c72a-bfc6-4eba-9d8a-4ae35c77f417", "isDeleted:":"true", "version":"1724809994906"}}
{"logTime": "0928/082134", "correlationVector":"a/V+PNb44X/vKbsTKIwXNi.58","action":"GetUpdates", "result":"DeleteReceived", "context":{"id":"cff1dae5-73b1-4827-bd13-8c4e4d6fc0cf", "isDeleted:":"true", "version":"1724812933978"}}
{"logTime": "0928/082134", "correlationVector":"a/V+PNb44X/vKbsTKIwXNi.59","action":"GetUpdates", "result":"DeleteReceived", "context":{"id":"6eb5ae4d-b7e2-4d87-993e-a723968eb5e6", "isDeleted:":"true", "version":"1724812936560"}}
{"logTime": "0928/082134", "correlationVector":"a/V+PNb44X/vKbsTKIwXNi.60","action":"GetUpdates", "result":"DeleteReceived", "context":{"id":"fe1a59dc-0a18-423c-8349-163ace649800", "isDeleted:":"true", "version":"1724815478967"}}
{"logTime": "0928/082134", "correlationVector":"a/V+PNb44X/vKbsTKIwXNi.61","action":"GetUpdates", "result":"DeleteReceived", "context":{"id":"0efe9fca-49bc-40f2-8d13-6c1647c68b66", "isDeleted:":"true", "version":"1724817183344"}}
{"logTime": "0928/082134", "correlationVector":"a/V+PNb44X/vKbsTKIwXNi.62","action":"GetUpdates", "result":"DeleteReceived", "context":{"id":"2b4fa752-fa55-4a25-a878-eb81c630702f", "isDeleted:":"true", "version":"1724817183345"}}
{"logTime": "0928/082134", "correlationVector":"a/V+PNb44X/vKbsTKIwXNi.63","action":"GetUpdates", "result":"DeleteReceived", "context":{"id":"4f65f735-e209-4b68-89c8-1c2d2aa7dcde", "isDeleted:":"true", "version":"1724817183351"}}
{"logTime": "0928/082134", "correlationVector":"a/V+PNb44X/vKbsTKIwXNi.64","action":"GetUpdates", "result":"DeleteReceived", "context":{"id":"e416d1c6-aa91-4035-b3aa-dda57b56da96", "isDeleted:":"true", "version":"1724817183352"}}
{"logTime": "0928/082134", "correlationVector":"a/V+PNb44X/vKbsTKIwXNi.65","action":"GetUpdates", "result":"DeleteReceived", "context":{"id":"8a65e16f-3966-4978-bada-096265481279", "isDeleted:":"true", "version":"1724817183354"}}
{"logTime": "0928/082134", "correlationVector":"a/V+PNb44X/vKbsTKIwXNi.66","action":"GetUpdates", "result":"DeleteReceived", "context":{"id":"49fddb84-51f0-49dd-aa0e-4415e679502a", "isDeleted:":"true", "version":"1724817183355"}}
{"logTime": "0928/082134", "correlationVector":"a/V+PNb44X/vKbsTKIwXNi.67","action":"GetUpdates", "result":"DeleteReceived", "context":{"id":"e06c3142-6826-4f03-9aa9-08460c03cea5", "isDeleted:":"true", "version":"1724818729164"}}
{"logTime": "0928/082134", "correlationVector":"a/V+PNb44X/vKbsTKIwXNi.68","action":"GetUpdates", "result":"DeleteReceived", "context":{"id":"1a1ab6dc-f453-48c3-8648-bc1d0f7d7ae4", "isDeleted:":"true", "version":"1724819587547"}}
{"logTime": "0928/082134", "correlationVector":"a/V+PNb44X/vKbsTKIwXNi.69","action":"GetUpdates", "result":"DeleteReceived", "context":{"id":"81517d95-8611-4e5a-86f5-4b470a531613", "isDeleted:":"true", "version":"1724819587549"}}
{"logTime": "0928/082134", "correlationVector":"a/V+PNb44X/vKbsTKIwXNi.70","action":"GetUpdates", "result":"DeleteReceived", "context":{"id":"ff2f0489-ab9d-4735-a114-808f4e40af0e", "isDeleted:":"true", "version":"1724819587550"}}
{"logTime": "0928/082134", "correlationVector":"a/V+PNb44X/vKbsTKIwXNi.71","action":"GetUpdates", "result":"DeleteReceived", "context":{"id":"a39c16c8-1ad8-4a57-83ef-6dc63aecd9f2", "isDeleted:":"true", "version":"1724819587551"}}
{"logTime": "0928/082134", "correlationVector":"a/V+PNb44X/vKbsTKIwXNi.72","action":"GetUpdates", "result":"DeleteReceived", "context":{"id":"8cddd93f-fd70-437f-9aed-6671f8bd00b0", "isDeleted:":"true", "version":"1724843522255"}}
{"logTime": "0928/082134", "correlationVector":"a/V+PNb44X/vKbsTKIwXNi.73","action":"GetUpdates", "result":"DeleteReceived", "context":{"id":"36117783-4d27-4c7e-a02c-d622194d1300", "isDeleted:":"true", "version":"1724843522256"}}
{"logTime": "0928/082134", "correlationVector":"a/V+PNb44X/vKbsTKIwXNi.74","action":"GetUpdates", "result":"DeleteReceived", "context":{"id":"f7458c86-6c09-41b4-9906-1326b7b7c727", "isDeleted:":"true", "version":"1724843522257"}}
{"logTime": "0928/082134", "correlationVector":"a/V+PNb44X/vKbsTKIwXNi.75","action":"GetUpdates", "result":"DeleteReceived", "context":{"id":"6d97609c-4a68-4826-96c4-d9fea4b20275", "isDeleted:":"true", "version":"1724843522259"}}
{"logTime": "0928/082134", "correlationVector":"a/V+PNb44X/vKbsTKIwXNi.76","action":"GetUpdates", "result":"DeleteReceived", "context":{"id":"4557029a-6b20-4054-a7c1-f651bf4f1e5d", "isDeleted:":"true", "version":"1724843522260"}}
{"logTime": "0928/082134", "correlationVector":"a/V+PNb44X/vKbsTKIwXNi.77","action":"GetUpdates", "result":"DeleteReceived", "context":{"id":"1c9510e6-dc94-4bf9-a390-e6f03ddce551", "isDeleted:":"true", "version":"1724843899235"}}
{"logTime": "0928/082134", "correlationVector":"a/V+PNb44X/vKbsTKIwXNi.78","action":"GetUpdates", "result":"DeleteReceived", "context":{"id":"241ee010-1261-49a3-b0bc-7f0f07a1ce9f", "isDeleted:":"true", "version":"1724890602584"}}
{"logTime": "0928/082134", "correlationVector":"a/V+PNb44X/vKbsTKIwXNi.79","action":"GetUpdates", "result":"DeleteReceived", "context":{"id":"10c4a4d2-763b-4ef8-b7cf-f9c42bb46eda", "isDeleted:":"true", "version":"1724890602585"}}
{"logTime": "0928/082134", "correlationVector":"a/V+PNb44X/vKbsTKIwXNi.80","action":"GetUpdates", "result":"DeleteReceived", "context":{"id":"370bcc37-e636-413a-bdc5-b80a2799c381", "isDeleted:":"true", "version":"1724890602586"}}
{"logTime": "0928/082134", "correlationVector":"a/V+PNb44X/vKbsTKIwXNi.81","action":"GetUpdates", "result":"DeleteReceived", "context":{"id":"c88f3e00-2a89-4f46-ba82-b8028efaa173", "isDeleted:":"true", "version":"1724890602588"}}
{"logTime": "0928/082134", "correlationVector":"a/V+PNb44X/vKbsTKIwXNi.82","action":"GetUpdates", "result":"DeleteReceived", "context":{"id":"8d0924c0-75a4-4393-befe-55bec1934ba1", "isDeleted:":"true", "version":"1724890602589"}}
{"logTime": "0928/082134", "correlationVector":"a/V+PNb44X/vKbsTKIwXNi.83","action":"GetUpdates", "result":"DeleteReceived", "context":{"id":"181ada12-7846-45f7-9bbd-4d887b9a7472", "isDeleted:":"true", "version":"1724891601111"}}
{"logTime": "0928/082134", "correlationVector":"a/V+PNb44X/vKbsTKIwXNi.84","action":"GetUpdates", "result":"DeleteReceived", "context":{"id":"a9ff4a9c-b769-46ed-ac96-4242f88f27c3", "isDeleted:":"true", "version":"1724891934498"}}
{"logTime": "0928/082134", "correlationVector":"a/V+PNb44X/vKbsTKIwXNi.85","action":"GetUpdates", "result":"DeleteReceived", "context":{"id":"2458c297-bc64-4faa-9ae1-dc8e66eee6b6", "isDeleted:":"true", "version":"1724891934499"}}
{"logTime": "0928/082134", "correlationVector":"a/V+PNb44X/vKbsTKIwXNi.86","action":"GetUpdates", "result":"DeleteReceived", "context":{"id":"d3ab862d-7640-4559-aca3-432e77976d80", "isDeleted:":"true", "version":"1724891934500"}}
{"logTime": "0928/082134", "correlationVector":"a/V+PNb44X/vKbsTKIwXNi.87","action":"GetUpdates", "result":"DeleteReceived", "context":{"id":"a65b0b0b-a180-4389-ab43-ec749d679448", "isDeleted:":"true", "version":"1724891934501"}}
{"logTime": "0928/082134", "correlationVector":"a/V+PNb44X/vKbsTKIwXNi.88","action":"GetUpdates", "result":"DeleteReceived", "context":{"id":"b72f252b-242c-43c3-a49b-fdb98ae55612", "isDeleted:":"true", "version":"1724893559202"}}
{"logTime": "0928/082134", "correlationVector":"a/V+PNb44X/vKbsTKIwXNi.89","action":"GetUpdates", "result":"DeleteReceived", "context":{"id":"a1951fa8-46db-455d-9e3e-b2f953234529", "isDeleted:":"true", "version":"1724893559203"}}
{"logTime": "0928/082134", "correlationVector":"a/V+PNb44X/vKbsTKIwXNi.90","action":"GetUpdates", "result":"DeleteReceived", "context":{"id":"9b163711-99c5-4284-a75b-ebbfcabe2abb", "isDeleted:":"true", "version":"1724895339407"}}
{"logTime": "0928/082134", "correlationVector":"a/V+PNb44X/vKbsTKIwXNi.91","action":"GetUpdates", "result":"DeleteReceived", "context":{"id":"c0a1916f-343c-4554-9a5d-7c6697af0b37", "isDeleted:":"true", "version":"1724895339408"}}
{"logTime": "0928/082134", "correlationVector":"a/V+PNb44X/vKbsTKIwXNi.92","action":"GetUpdates", "result":"DeleteReceived", "context":{"id":"3e7077eb-5497-4da3-934c-064f7bd2d377", "isDeleted:":"true", "version":"1724895339409"}}
{"logTime": "0928/082134", "correlationVector":"a/V+PNb44X/vKbsTKIwXNi.93","action":"GetUpdates", "result":"DeleteReceived", "context":{"id":"8bc4c10b-604a-453c-8bbc-f3c6f4eb7637", "isDeleted:":"true", "version":"1724895339410"}}
{"logTime": "0928/082134", "correlationVector":"a/V+PNb44X/vKbsTKIwXNi.94","action":"GetUpdates", "result":"DeleteReceived", "context":{"id":"e1127d59-9f35-4821-99cc-304872a24d7d", "isDeleted:":"true", "version":"1724897938788"}}
{"logTime": "0928/082134", "correlationVector":"a/V+PNb44X/vKbsTKIwXNi.95","action":"GetUpdates", "result":"DeleteReceived", "context":{"id":"a21b73a9-a5ee-4648-9fb6-f98fa883f5bf", "isDeleted:":"true", "version":"1724897938790"}}
{"logTime": "0928/082134", "correlationVector":"a/V+PNb44X/vKbsTKIwXNi.96","action":"GetUpdates", "result":"DeleteReceived", "context":{"id":"12589ee5-3b41-4797-a191-6fbdd955d115", "isDeleted:":"true", "version":"1724905576509"}}
{"logTime": "0928/082134", "correlationVector":"a/V+PNb44X/vKbsTKIwXNi.97","action":"GetUpdates", "result":"DeleteReceived", "context":{"id":"53404efe-ab6f-4450-baed-5606de256658", "isDeleted:":"true", "version":"1724905576510"}}
{"logTime": "0928/082134", "correlationVector":"a/V+PNb44X/vKbsTKIwXNi.98","action":"GetUpdates", "result":"DeleteReceived", "context":{"id":"9ab36869-1550-4e0a-ac6e-580087d03e54", "isDeleted:":"true", "version":"1724905576511"}}
{"logTime": "0928/082134", "correlationVector":"a/V+PNb44X/vKbsTKIwXNi.99","action":"GetUpdates", "result":"DeleteReceived", "context":{"id":"ae6bd48f-dfd7-423d-9197-2b4d56dc8b6f", "isDeleted:":"true", "version":"1724905576512"}}
{"logTime": "0928/082134", "correlationVector":"a/V+PNb44X/vKbsTKIwXNi.100","action":"GetUpdates", "result":"DeleteReceived", "context":{"id":"4a870abb-559c-4357-8069-2634c1c143ee", "isDeleted:":"true", "version":"1724905576514"}}
{"logTime": "0928/082134", "correlationVector":"a/V+PNb44X/vKbsTKIwXNi.101","action":"GetUpdates", "result":"DeleteReceived", "context":{"id":"e02d86f1-4c07-4b37-93db-fc6d1cb8a779", "isDeleted:":"true", "version":"1724905576515"}}
{"logTime": "0928/082134", "correlationVector":"a/V+PNb44X/vKbsTKIwXNi.102","action":"GetUpdates", "result":"DeleteReceived", "context":{"id":"9799d62f-c9f9-4f6c-a612-a3568ae190e0", "isDeleted:":"true", "version":"1724905576516"}}
{"logTime": "0928/082134", "correlationVector":"a/V+PNb44X/vKbsTKIwXNi.103","action":"GetUpdates", "result":"DeleteReceived", "context":{"id":"6db5f5b3-5299-486d-b045-5461d50f13e1", "isDeleted:":"true", "version":"1724906137152"}}
{"logTime": "0928/082134", "correlationVector":"a/V+PNb44X/vKbsTKIwXNi.104","action":"GetUpdates", "result":"DeleteReceived", "context":{"id":"69f85a70-54c8-4c16-a8e7-9fcbe386824d", "isDeleted:":"true", "version":"1724911886660"}}
{"logTime": "0928/082134", "correlationVector":"a/V+PNb44X/vKbsTKIwXNi.105","action":"GetUpdates", "result":"DeleteReceived", "context":{"id":"690180de-0fea-4587-92f4-13c243b21f07", "isDeleted:":"true", "version":"1724912162479"}}
{"logTime": "0928/082134", "correlationVector":"a/V+PNb44X/vKbsTKIwXNi.106","action":"GetUpdates", "result":"DeleteReceived", "context":{"id":"115fa410-f5db-4768-994c-f9d1ec0e076c", "isDeleted:":"true", "version":"1724912273845"}}
{"logTime": "0928/082134", "correlationVector":"a/V+PNb44X/vKbsTKIwXNi.107","action":"GetUpdates", "result":"DeleteReceived", "context":{"id":"5b7e0eac-ea50-4236-8e68-c888940bdf18", "isDeleted:":"true", "version":"1724912273846"}}
{"logTime": "0928/082134", "correlationVector":"a/V+PNb44X/vKbsTKIwXNi.108","action":"GetUpdates", "result":"DeleteReceived", "context":{"id":"7ce807c3-a76d-4e5b-83b9-b1f21c17a296", "isDeleted:":"true", "version":"1724913200259"}}
{"logTime": "0928/082134", "correlationVector":"a/V+PNb44X/vKbsTKIwXNi.109","action":"GetUpdates", "result":"DeleteReceived", "context":{"id":"8bc2cb15-e732-4536-9cb2-33c6bc2b9b3a", "isDeleted:":"true", "version":"1724942599351"}}
{"logTime": "0928/082134", "correlationVector":"a/V+PNb44X/vKbsTKIwXNi.110","action":"GetUpdates", "result":"DeleteReceived", "context":{"id":"c382294e-b520-4eba-a59e-d7a01319e843", "isDeleted:":"true", "version":"1724942599352"}}
{"logTime": "0928/082134", "correlationVector":"a/V+PNb44X/vKbsTKIwXNi.111","action":"GetUpdates", "result":"DeleteReceived", "context":{"id":"56bc42cf-99af-41ca-be5b-df74e3c7e852", "isDeleted:":"true", "version":"1724942599354"}}
{"logTime": "0928/082134", "correlationVector":"a/V+PNb44X/vKbsTKIwXNi.112","action":"GetUpdates", "result":"DeleteReceived", "context":{"id":"cd9f7f32-ddc8-4805-8f09-0b720c1a7833", "isDeleted:":"true", "version":"1724976149133"}}
{"logTime": "0928/082134", "correlationVector":"a/V+PNb44X/vKbsTKIwXNi.113","action":"GetUpdates", "result":"DeleteReceived", "context":{"id":"f1003d60-5d38-4138-945d-eaee33cdb1df", "isDeleted:":"true", "version":"1724976149134"}}
{"logTime": "0928/082134", "correlationVector":"a/V+PNb44X/vKbsTKIwXNi.114","action":"GetUpdates", "result":"DeleteReceived", "context":{"id":"7422ce92-71ba-486e-90c2-656f4f2752af", "isDeleted:":"true", "version":"1724976149135"}}
{"logTime": "0928/082134", "correlationVector":"a/V+PNb44X/vKbsTKIwXNi.115","action":"GetUpdates", "result":"DeleteReceived", "context":{"id":"a5c54634-7239-4a92-a290-6f9c6f83728e", "isDeleted:":"true", "version":"1724976149137"}}
{"logTime": "0928/082134", "correlationVector":"a/V+PNb44X/vKbsTKIwXNi.116","action":"GetUpdates", "result":"DeleteReceived", "context":{"id":"c99a25ac-0172-44ee-836d-6d65aef6b939", "isDeleted:":"true", "version":"1724976149138"}}
{"logTime": "0928/082134", "correlationVector":"a/V+PNb44X/vKbsTKIwXNi.117","action":"GetUpdates", "result":"DeleteReceived", "context":{"id":"f6dd897f-0d0e-4f58-8ab8-b182539dc210", "isDeleted:":"true", "version":"1724977615832"}}
{"logTime": "0928/082134", "correlationVector":"a/V+PNb44X/vKbsTKIwXNi.118","action":"GetUpdates", "result":"DeleteReceived", "context":{"id":"870ddbf7-6f35-46e6-88a6-f9becb65fcf0", "isDeleted:":"true", "version":"1724977615835"}}
{"logTime": "0928/082134", "correlationVector":"a/V+PNb44X/vKbsTKIwXNi.119","action":"GetUpdates", "result":"DeleteReceived", "context":{"id":"46f4dd8a-d0fe-44c8-b9c3-c55b502a4fb3", "isDeleted:":"true", "version":"1725008961743"}}
{"logTime": "0928/082134", "correlationVector":"a/V+PNb44X/vKbsTKIwXNi.120","action":"GetUpdates", "result":"DeleteReceived", "context":{"id":"b4e2b3ef-2aa5-4216-9c79-d3ca18a682db", "isDeleted:":"true", "version":"1725008961744"}}
{"logTime": "0928/082134", "correlationVector":"a/V+PNb44X/vKbsTKIwXNi.121","action":"GetUpdates", "result":"DeleteReceived", "context":{"id":"a487e9b7-4f5e-4e11-9567-4b83c5c81d48", "isDeleted:":"true", "version":"1725008961745"}}
{"logTime": "0928/082134", "correlationVector":"a/V+PNb44X/vKbsTKIwXNi.122","action":"GetUpdates", "result":"DeleteReceived", "context":{"id":"3758286b-1c17-46db-b1fc-0202e8d4d49c", "isDeleted:":"true", "version":"1725008961746"}}
{"logTime": "0928/082134", "correlationVector":"a/V+PNb44X/vKbsTKIwXNi.123","action":"GetUpdates", "result":"DeleteReceived", "context":{"id":"7432c289-73f1-48dd-a8dc-65f3e4e79917", "isDeleted:":"true", "version":"1725008961748"}}
{"logTime": "0928/082134", "correlationVector":"a/V+PNb44X/vKbsTKIwXNi.124","action":"GetUpdates", "result":"DeleteReceived", "context":{"id":"ff671ae7-38be-439e-a8c1-0d7ccee1a17f", "isDeleted:":"true", "version":"1725008961749"}}
{"logTime": "0928/082134", "correlationVector":"a/V+PNb44X/vKbsTKIwXNi.125","action":"GetUpdates", "result":"DeleteReceived", "context":{"id":"1b70f024-e25f-41b2-bce8-d5e45407a6a9", "isDeleted:":"true", "version":"1725008961750"}}
{"logTime": "0928/082134", "correlationVector":"a/V+PNb44X/vKbsTKIwXNi.126","action":"GetUpdates", "result":"DeleteReceived", "context":{"id":"72dd0ef7-274e-4b89-bd58-de194eee7cf4", "isDeleted:":"true", "version":"1725008961751"}}
{"logTime": "0928/082134", "correlationVector":"a/V+PNb44X/vKbsTKIwXNi.127","action":"GetUpdates", "result":"DeleteReceived", "context":{"id":"00b01ee9-7b32-4d61-bcec-a4dc1759a2aa", "isDeleted:":"true", "version":"1725008961752"}}
{"logTime": "0928/082134", "correlationVector":"a/V+PNb44X/vKbsTKIwXNi.128","action":"GetUpdates", "result":"DeleteReceived", "context":{"id":"02bda843-c92f-44f6-ba28-642f3c7f3753", "isDeleted:":"true", "version":"1725014420448"}}
{"logTime": "0928/082134", "correlationVector":"a/V+PNb44X/vKbsTKIwXNi.129","action":"GetUpdates", "result":"DeleteReceived", "context":{"id":"4a12aa08-6021-48b4-a238-333dc0e88b1f", "isDeleted:":"true", "version":"1725014420449"}}
{"logTime": "0928/082134", "correlationVector":"a/V+PNb44X/vKbsTKIwXNi.130","action":"GetUpdates", "result":"DeleteReceived", "context":{"id":"2b6312c5-352a-4a74-b3ca-b14006748874", "isDeleted:":"true", "version":"1725014420452"}}
{"logTime": "0928/082134", "correlationVector":"a/V+PNb44X/vKbsTKIwXNi.131","action":"GetUpdates", "result":"DeleteReceived", "context":{"id":"f8491052-588e-46a3-890e-881a35161dd0", "isDeleted:":"true", "version":"1725015714133"}}
{"logTime": "0928/082134", "correlationVector":"a/V+PNb44X/vKbsTKIwXNi.132","action":"GetUpdates", "result":"DeleteReceived", "context":{"id":"89fe4759-5ef2-46a4-8718-ea19d4b334f5", "isDeleted:":"true", "version":"1725016760534"}}
{"logTime": "0928/082134", "correlationVector":"a/V+PNb44X/vKbsTKIwXNi.133","action":"GetUpdates", "result":"DeleteReceived", "context":{"id":"1f57ea51-45a9-4add-bd4c-59177046bea0", "isDeleted:":"true", "version":"1725016760535"}}
{"logTime": "0928/082134", "correlationVector":"a/V+PNb44X/vKbsTKIwXNi.134","action":"GetUpdates", "result":"DeleteReceived", "context":{"id":"ece0f9b6-080a-45df-96e8-b23a37c4aa86", "isDeleted:":"true", "version":"1725016760536"}}
{"logTime": "0928/082134", "correlationVector":"a/V+PNb44X/vKbsTKIwXNi.135","action":"GetUpdates", "result":"DeleteReceived", "context":{"id":"2e83e6db-4adc-4776-8745-8328d471f5ea", "isDeleted:":"true", "version":"1725016760539"}}
{"logTime": "0928/082134", "correlationVector":"a/V+PNb44X/vKbsTKIwXNi.136","action":"GetUpdates", "result":"DeleteReceived", "context":{"id":"c4a7feb6-55bb-4c8e-8995-b2a3e18c6ba2", "isDeleted:":"true", "version":"1725029688687"}}
{"logTime": "0928/082134", "correlationVector":"a/V+PNb44X/vKbsTKIwXNi.137","action":"GetUpdates", "result":"DeleteReceived", "context":{"id":"490a0a10-d454-4aaf-b596-dac11c7586fd", "isDeleted:":"true", "version":"1725235343407"}}
{"logTime": "0928/082134", "correlationVector":"a/V+PNb44X/vKbsTKIwXNi.138","action":"GetUpdates", "result":"DeleteReceived", "context":{"id":"1509f492-dd92-4cd9-9a34-195293bd0dcd", "isDeleted:":"true", "version":"1725235343408"}}
{"logTime": "0928/082134", "correlationVector":"a/V+PNb44X/vKbsTKIwXNi.139","action":"GetUpdates", "result":"DeleteReceived", "context":{"id":"5b11aa31-afa4-4899-b4e8-4dde2a84b286", "isDeleted:":"true", "version":"1725235343409"}}
{"logTime": "0928/082134", "correlationVector":"a/V+PNb44X/vKbsTKIwXNi.140","action":"GetUpdates", "result":"DeleteReceived", "context":{"id":"e8459d40-fdf9-42d2-80a4-01bbc4553f01", "isDeleted:":"true", "version":"1725235343410"}}
{"logTime": "0928/082134", "correlationVector":"a/V+PNb44X/vKbsTKIwXNi.141","action":"GetUpdates", "result":"DeleteReceived", "context":{"id":"62499ee0-78bf-4267-ac65-a7830eed8080", "isDeleted:":"true", "version":"1725235343412"}}
{"logTime": "0928/082134", "correlationVector":"a/V+PNb44X/vKbsTKIwXNi.142","action":"GetUpdates", "result":"DeleteReceived", "context":{"id":"422f7f0b-ef32-4426-92b3-77e16cef0f7e", "isDeleted:":"true", "version":"1724724437831"}}
{"logTime": "0928/082134", "correlationVector":"a/V+PNb44X/vKbsTKIwXNi.143","action":"GetUpdates", "result":"DeleteReceived", "context":{"id":"07a105de-274c-46e6-b9d8-15d77ddb9ad2", "isDeleted:":"true", "version":"1725203056548"}}
{"logTime": "0928/082134", "correlationVector":"a/V+PNb44X/vKbsTKIwXNi.144","action":"GetUpdates Response", "result":"Success", "context":Received 250 update(s). cV=a/V+PNb44X/vKbsTKIwXNi.0;server=GENERAL0100000Q;cloudType=Consumer;environment=Prod_SoutheastAsia_000j;migrationStage=NotStarted Some updates remain.}
{"logTime": "0928/082134", "correlationVector":"RX3UdFP+na0NGTLVFTnGAm","action":"Initial GetUpdates", "result":"", "context":Reason: NEWLY_SUPPORTED_DATATYPE. cV=RX3UdFP+na0NGTLVFTnGAm}
{"logTime": "0928/082138", "correlationVector":"RX3UdFP+na0NGTLVFTnGAm.1","action":"SyncServerConnectionManagerRequest", "result":"SYNC_SERVER_OK", "context":{"environment":"Prod_SoutheastAsia_000j", "migrationStage":"NotStarted", "server":"GENERAL0100001J"}}
{"logTime": "0928/082138", "correlationVector":"RX3UdFP+na0NGTLVFTnGAm.2","action":"GetUpdates Response", "result":"Protocol error (TRANSIENT_ERROR)", "context":Received error: Protocol error (TRANSIENT_ERROR). cV=RX3UdFP+na0NGTLVFTnGAm.0;server=GENERAL0100001J;cloudType=Consumer;environment=Prod_SoutheastAsia_000j;migrationStage=NotStarted}
